[0.274s] Invoking command in '/home/robotica/ros2_ws/build/msgs_control': CMAKE_PREFIX_PATH=${CMAKE_PREFIX_PATH}:/home/robotica/ros2_ws/install/sim_pkg:/home/robotica/ros2_ws/install/intro_pkg:/home/robotica/ros2_ws/install/genetic_pkg:/opt/ros/humble /usr/bin/cmake --build /home/robotica/ros2_ws/build/msgs_control -- -j4 -l4
[0.360s] [  6%] Built target msgs_control__cpp
[0.360s] [ 12%] Built target msgs_control__rosidl_generator_c
[0.381s] [ 12%] Built target ament_cmake_python_copy_msgs_control
[0.392s] [ 22%] Built target msgs_control__rosidl_typesupport_introspection_c
[0.393s] [ 32%] Built target msgs_control__rosidl_typesupport_fastrtps_c
[0.399s] [ 41%] Built target msgs_control__rosidl_typesupport_c
[0.417s] [ 51%] Built target msgs_control__rosidl_typesupport_fastrtps_cpp
[0.426s] [ 70%] Built target msgs_control__rosidl_typesupport_introspection_cpp
[0.426s] [ 70%] Built target msgs_control__rosidl_typesupport_cpp
[0.451s] [ 70%] Built target msgs_control
[0.478s] [ 74%] Built target msgs_control__py
[0.519s] [ 80%] Built target msgs_control__rosidl_generator_py
[0.567s] [ 87%] Built target msgs_control__rosidl_typesupport_fastrtps_c__pyext
[0.575s] [ 93%] Built target msgs_control__rosidl_typesupport_introspection_c__pyext
[0.582s] [100%] Built target msgs_control__rosidl_typesupport_c__pyext
[0.640s] running egg_info
[0.640s] writing msgs_control.egg-info/PKG-INFO
[0.641s] writing dependency_links to msgs_control.egg-info/dependency_links.txt
[0.641s] writing top-level names to msgs_control.egg-info/top_level.txt
[0.643s] reading manifest file 'msgs_control.egg-info/SOURCES.txt'
[0.643s] writing manifest file 'msgs_control.egg-info/SOURCES.txt'
[0.667s] [100%] Built target ament_cmake_python_build_msgs_control_egg
[0.678s] Invoked command in '/home/robotica/ros2_ws/build/msgs_control' returned '0': CMAKE_PREFIX_PATH=${CMAKE_PREFIX_PATH}:/home/robotica/ros2_ws/install/sim_pkg:/home/robotica/ros2_ws/install/intro_pkg:/home/robotica/ros2_ws/install/genetic_pkg:/opt/ros/humble /usr/bin/cmake --build /home/robotica/ros2_ws/build/msgs_control -- -j4 -l4
[0.827s] Invoking command in '/home/robotica/ros2_ws/build/msgs_control': CMAKE_PREFIX_PATH=${CMAKE_PREFIX_PATH}:/home/robotica/ros2_ws/install/sim_pkg:/home/robotica/ros2_ws/install/intro_pkg:/home/robotica/ros2_ws/install/genetic_pkg:/opt/ros/humble /usr/bin/cmake --install /home/robotica/ros2_ws/build/msgs_control
[0.838s] -- Install configuration: ""
[0.838s] -- Up-to-date: /home/robotica/ros2_ws/install/msgs_control/share/ament_index/resource_index/rosidl_interfaces/msgs_control
[0.838s] -- Up-to-date: /home/robotica/ros2_ws/install/msgs_control/include/msgs_control/msgs_control
[0.840s] -- Up-to-date: /home/robotica/ros2_ws/install/msgs_control/include/msgs_control/msgs_control/srv
[0.841s] -- Up-to-date: /home/robotica/ros2_ws/install/msgs_control/include/msgs_control/msgs_control/srv/detail
[0.842s] -- Up-to-date: /home/robotica/ros2_ws/install/msgs_control/include/msgs_control/msgs_control/srv/detail/sim_pid__functions.c
[0.842s] -- Up-to-date: /home/robotica/ros2_ws/install/msgs_control/include/msgs_control/msgs_control/srv/detail/sim_pid__type_support.h
[0.842s] -- Up-to-date: /home/robotica/ros2_ws/install/msgs_control/include/msgs_control/msgs_control/srv/detail/sim_pid__struct.h
[0.842s] -- Up-to-date: /home/robotica/ros2_ws/install/msgs_control/include/msgs_control/msgs_control/srv/detail/sim_pid__functions.h
[0.842s] -- Up-to-date: /home/robotica/ros2_ws/install/msgs_control/include/msgs_control/msgs_control/srv/sim_pid.h
[0.842s] -- Up-to-date: /home/robotica/ros2_ws/install/msgs_control/include/msgs_control/msgs_control/msg
[0.843s] -- Up-to-date: /home/robotica/ros2_ws/install/msgs_control/include/msgs_control/msgs_control/msg/rosidl_generator_c__visibility_control.h
[0.843s] -- Up-to-date: /home/robotica/ros2_ws/install/msgs_control/share/msgs_control/environment/library_path.sh
[0.843s] -- Up-to-date: /home/robotica/ros2_ws/install/msgs_control/share/msgs_control/environment/library_path.dsv
[0.844s] -- Up-to-date: /home/robotica/ros2_ws/install/msgs_control/lib/libmsgs_control__rosidl_generator_c.so
[0.845s] -- Up-to-date: /home/robotica/ros2_ws/install/msgs_control/include/msgs_control/msgs_control
[0.846s] -- Up-to-date: /home/robotica/ros2_ws/install/msgs_control/include/msgs_control/msgs_control/srv
[0.847s] -- Up-to-date: /home/robotica/ros2_ws/install/msgs_control/include/msgs_control/msgs_control/srv/detail
[0.848s] -- Up-to-date: /home/robotica/ros2_ws/install/msgs_control/include/msgs_control/msgs_control/srv/detail/sim_pid__rosidl_typesupport_fastrtps_c.h
[0.848s] -- Up-to-date: /home/robotica/ros2_ws/install/msgs_control/include/msgs_control/msgs_control/msg
[0.848s] -- Up-to-date: /home/robotica/ros2_ws/install/msgs_control/include/msgs_control/msgs_control/msg/rosidl_typesupport_fastrtps_c__visibility_control.h
[0.849s] -- Up-to-date: /home/robotica/ros2_ws/install/msgs_control/lib/libmsgs_control__rosidl_typesupport_fastrtps_c.so
[0.849s] -- Up-to-date: /home/robotica/ros2_ws/install/msgs_control/include/msgs_control/msgs_control
[0.850s] -- Up-to-date: /home/robotica/ros2_ws/install/msgs_control/include/msgs_control/msgs_control/srv
[0.851s] -- Up-to-date: /home/robotica/ros2_ws/install/msgs_control/include/msgs_control/msgs_control/srv/detail
[0.853s] -- Up-to-date: /home/robotica/ros2_ws/install/msgs_control/include/msgs_control/msgs_control/srv/detail/sim_pid__type_support.c
[0.853s] -- Up-to-date: /home/robotica/ros2_ws/install/msgs_control/include/msgs_control/msgs_control/srv/detail/sim_pid__rosidl_typesupport_introspection_c.h
[0.853s] -- Up-to-date: /home/robotica/ros2_ws/install/msgs_control/include/msgs_control/msgs_control/msg
[0.854s] -- Up-to-date: /home/robotica/ros2_ws/install/msgs_control/include/msgs_control/msgs_control/msg/rosidl_typesupport_introspection_c__visibility_control.h
[0.854s] -- Up-to-date: /home/robotica/ros2_ws/install/msgs_control/lib/libmsgs_control__rosidl_typesupport_introspection_c.so
[0.855s] -- Up-to-date: /home/robotica/ros2_ws/install/msgs_control/lib/libmsgs_control__rosidl_typesupport_c.so
[0.855s] -- Up-to-date: /home/robotica/ros2_ws/install/msgs_control/include/msgs_control/msgs_control
[0.856s] -- Up-to-date: /home/robotica/ros2_ws/install/msgs_control/include/msgs_control/msgs_control/srv
[0.857s] -- Up-to-date: /home/robotica/ros2_ws/install/msgs_control/include/msgs_control/msgs_control/srv/detail
[0.858s] -- Up-to-date: /home/robotica/ros2_ws/install/msgs_control/include/msgs_control/msgs_control/srv/detail/sim_pid__builder.hpp
[0.858s] -- Up-to-date: /home/robotica/ros2_ws/install/msgs_control/include/msgs_control/msgs_control/srv/detail/sim_pid__struct.hpp
[0.858s] -- Up-to-date: /home/robotica/ros2_ws/install/msgs_control/include/msgs_control/msgs_control/srv/detail/sim_pid__traits.hpp
[0.858s] -- Up-to-date: /home/robotica/ros2_ws/install/msgs_control/include/msgs_control/msgs_control/srv/sim_pid.hpp
[0.858s] -- Up-to-date: /home/robotica/ros2_ws/install/msgs_control/include/msgs_control/msgs_control
[0.860s] -- Up-to-date: /home/robotica/ros2_ws/install/msgs_control/include/msgs_control/msgs_control/srv
[0.860s] -- Up-to-date: /home/robotica/ros2_ws/install/msgs_control/include/msgs_control/msgs_control/srv/detail
[0.861s] -- Up-to-date: /home/robotica/ros2_ws/install/msgs_control/include/msgs_control/msgs_control/srv/detail/dds_fastrtps
[0.862s] -- Up-to-date: /home/robotica/ros2_ws/install/msgs_control/include/msgs_control/msgs_control/srv/detail/sim_pid__rosidl_typesupport_fastrtps_cpp.hpp
[0.862s] -- Up-to-date: /home/robotica/ros2_ws/install/msgs_control/include/msgs_control/msgs_control/msg
[0.863s] -- Up-to-date: /home/robotica/ros2_ws/install/msgs_control/include/msgs_control/msgs_control/msg/rosidl_typesupport_fastrtps_cpp__visibility_control.h
[0.863s] -- Up-to-date: /home/robotica/ros2_ws/install/msgs_control/lib/libmsgs_control__rosidl_typesupport_fastrtps_cpp.so
[0.864s] -- Up-to-date: /home/robotica/ros2_ws/install/msgs_control/include/msgs_control/msgs_control
[0.865s] -- Up-to-date: /home/robotica/ros2_ws/install/msgs_control/include/msgs_control/msgs_control/srv
[0.865s] -- Up-to-date: /home/robotica/ros2_ws/install/msgs_control/include/msgs_control/msgs_control/srv/detail
[0.866s] -- Up-to-date: /home/robotica/ros2_ws/install/msgs_control/include/msgs_control/msgs_control/srv/detail/sim_pid__type_support.cpp
[0.866s] -- Up-to-date: /home/robotica/ros2_ws/install/msgs_control/include/msgs_control/msgs_control/srv/detail/sim_pid__rosidl_typesupport_introspection_cpp.hpp
[0.867s] -- Up-to-date: /home/robotica/ros2_ws/install/msgs_control/lib/libmsgs_control__rosidl_typesupport_introspection_cpp.so
[0.867s] -- Up-to-date: /home/robotica/ros2_ws/install/msgs_control/lib/libmsgs_control__rosidl_typesupport_cpp.so
[0.867s] -- Up-to-date: /home/robotica/ros2_ws/install/msgs_control/share/msgs_control/environment/pythonpath.sh
[0.868s] -- Up-to-date: /home/robotica/ros2_ws/install/msgs_control/share/msgs_control/environment/pythonpath.dsv
[0.868s] -- Up-to-date: /home/robotica/ros2_ws/install/msgs_control/local/lib/python3.10/dist-packages/msgs_control-0.0.0-py3.10.egg-info
[0.868s] -- Installing: /home/robotica/ros2_ws/install/msgs_control/local/lib/python3.10/dist-packages/msgs_control-0.0.0-py3.10.egg-info/SOURCES.txt
[0.868s] -- Installing: /home/robotica/ros2_ws/install/msgs_control/local/lib/python3.10/dist-packages/msgs_control-0.0.0-py3.10.egg-info/PKG-INFO
[0.869s] -- Installing: /home/robotica/ros2_ws/install/msgs_control/local/lib/python3.10/dist-packages/msgs_control-0.0.0-py3.10.egg-info/top_level.txt
[0.869s] -- Installing: /home/robotica/ros2_ws/install/msgs_control/local/lib/python3.10/dist-packages/msgs_control-0.0.0-py3.10.egg-info/dependency_links.txt
[0.869s] -- Up-to-date: /home/robotica/ros2_ws/install/msgs_control/local/lib/python3.10/dist-packages/msgs_control
[0.869s] -- Up-to-date: /home/robotica/ros2_ws/install/msgs_control/local/lib/python3.10/dist-packages/msgs_control/__init__.py
[0.869s] -- Up-to-date: /home/robotica/ros2_ws/install/msgs_control/local/lib/python3.10/dist-packages/msgs_control/msgs_control_s__rosidl_typesupport_introspection_c.cpython-310-x86_64-linux-gnu.so
[0.869s] -- Up-to-date: /home/robotica/ros2_ws/install/msgs_control/local/lib/python3.10/dist-packages/msgs_control/libmsgs_control__rosidl_generator_py.so
[0.869s] -- Up-to-date: /home/robotica/ros2_ws/install/msgs_control/local/lib/python3.10/dist-packages/msgs_control/msgs_control_s__rosidl_typesupport_fastrtps_c.cpython-310-x86_64-linux-gnu.so
[0.869s] -- Up-to-date: /home/robotica/ros2_ws/install/msgs_control/local/lib/python3.10/dist-packages/msgs_control/msgs_control_s__rosidl_typesupport_c.cpython-310-x86_64-linux-gnu.so
[0.869s] -- Up-to-date: /home/robotica/ros2_ws/install/msgs_control/local/lib/python3.10/dist-packages/msgs_control/_msgs_control_s.ep.rosidl_typesupport_fastrtps_c.c
[0.869s] -- Up-to-date: /home/robotica/ros2_ws/install/msgs_control/local/lib/python3.10/dist-packages/msgs_control/_msgs_control_s.ep.rosidl_typesupport_c.c
[0.869s] -- Up-to-date: /home/robotica/ros2_ws/install/msgs_control/local/lib/python3.10/dist-packages/msgs_control/srv
[0.869s] -- Up-to-date: /home/robotica/ros2_ws/install/msgs_control/local/lib/python3.10/dist-packages/msgs_control/srv/__init__.py
[0.869s] -- Up-to-date: /home/robotica/ros2_ws/install/msgs_control/local/lib/python3.10/dist-packages/msgs_control/srv/_sim_pid_s.c
[0.869s] -- Up-to-date: /home/robotica/ros2_ws/install/msgs_control/local/lib/python3.10/dist-packages/msgs_control/srv/_sim_pid.py
[0.869s] -- Up-to-date: /home/robotica/ros2_ws/install/msgs_control/local/lib/python3.10/dist-packages/msgs_control/_msgs_control_s.ep.rosidl_typesupport_introspection_c.c
[0.911s] Listing '/home/robotica/ros2_ws/install/msgs_control/local/lib/python3.10/dist-packages/msgs_control'...
[0.911s] Listing '/home/robotica/ros2_ws/install/msgs_control/local/lib/python3.10/dist-packages/msgs_control/srv'...
[0.918s] -- Up-to-date: /home/robotica/ros2_ws/install/msgs_control/local/lib/python3.10/dist-packages/msgs_control/msgs_control_s__rosidl_typesupport_fastrtps_c.cpython-310-x86_64-linux-gnu.so
[0.919s] -- Up-to-date: /home/robotica/ros2_ws/install/msgs_control/local/lib/python3.10/dist-packages/msgs_control/msgs_control_s__rosidl_typesupport_introspection_c.cpython-310-x86_64-linux-gnu.so
[0.919s] -- Up-to-date: /home/robotica/ros2_ws/install/msgs_control/local/lib/python3.10/dist-packages/msgs_control/msgs_control_s__rosidl_typesupport_c.cpython-310-x86_64-linux-gnu.so
[0.919s] -- Up-to-date: /home/robotica/ros2_ws/install/msgs_control/lib/libmsgs_control__rosidl_generator_py.so
[0.919s] -- Up-to-date: /home/robotica/ros2_ws/install/msgs_control/share/msgs_control/srv/SimPID.idl
[0.919s] -- Up-to-date: /home/robotica/ros2_ws/install/msgs_control/share/msgs_control/srv/SimPID.srv
[0.920s] -- Up-to-date: /home/robotica/ros2_ws/install/msgs_control/share/msgs_control/srv/SimPID_Request.msg
[0.920s] -- Up-to-date: /home/robotica/ros2_ws/install/msgs_control/share/msgs_control/srv/SimPID_Response.msg
[0.920s] -- Up-to-date: /home/robotica/ros2_ws/install/msgs_control/share/ament_index/resource_index/package_run_dependencies/msgs_control
[0.920s] -- Up-to-date: /home/robotica/ros2_ws/install/msgs_control/share/ament_index/resource_index/parent_prefix_path/msgs_control
[0.920s] -- Up-to-date: /home/robotica/ros2_ws/install/msgs_control/share/msgs_control/environment/ament_prefix_path.sh
[0.920s] -- Up-to-date: /home/robotica/ros2_ws/install/msgs_control/share/msgs_control/environment/ament_prefix_path.dsv
[0.920s] -- Up-to-date: /home/robotica/ros2_ws/install/msgs_control/share/msgs_control/environment/path.sh
[0.921s] -- Up-to-date: /home/robotica/ros2_ws/install/msgs_control/share/msgs_control/environment/path.dsv
[0.921s] -- Up-to-date: /home/robotica/ros2_ws/install/msgs_control/share/msgs_control/local_setup.bash
[0.921s] -- Up-to-date: /home/robotica/ros2_ws/install/msgs_control/share/msgs_control/local_setup.sh
[0.921s] -- Up-to-date: /home/robotica/ros2_ws/install/msgs_control/share/msgs_control/local_setup.zsh
[0.921s] -- Up-to-date: /home/robotica/ros2_ws/install/msgs_control/share/msgs_control/local_setup.dsv
[0.921s] -- Installing: /home/robotica/ros2_ws/install/msgs_control/share/msgs_control/package.dsv
[0.921s] -- Up-to-date: /home/robotica/ros2_ws/install/msgs_control/share/ament_index/resource_index/packages/msgs_control
[0.922s] -- Up-to-date: /home/robotica/ros2_ws/install/msgs_control/share/msgs_control/cmake/export_msgs_control__rosidl_generator_cExport.cmake
[0.922s] -- Up-to-date: /home/robotica/ros2_ws/install/msgs_control/share/msgs_control/cmake/export_msgs_control__rosidl_generator_cExport-noconfig.cmake
[0.922s] -- Up-to-date: /home/robotica/ros2_ws/install/msgs_control/share/msgs_control/cmake/export_msgs_control__rosidl_typesupport_fastrtps_cExport.cmake
[0.923s] -- Up-to-date: /home/robotica/ros2_ws/install/msgs_control/share/msgs_control/cmake/export_msgs_control__rosidl_typesupport_fastrtps_cExport-noconfig.cmake
[0.923s] -- Up-to-date: /home/robotica/ros2_ws/install/msgs_control/share/msgs_control/cmake/msgs_control__rosidl_typesupport_introspection_cExport.cmake
[0.923s] -- Up-to-date: /home/robotica/ros2_ws/install/msgs_control/share/msgs_control/cmake/msgs_control__rosidl_typesupport_introspection_cExport-noconfig.cmake
[0.923s] -- Up-to-date: /home/robotica/ros2_ws/install/msgs_control/share/msgs_control/cmake/msgs_control__rosidl_typesupport_cExport.cmake
[0.923s] -- Up-to-date: /home/robotica/ros2_ws/install/msgs_control/share/msgs_control/cmake/msgs_control__rosidl_typesupport_cExport-noconfig.cmake
[0.923s] -- Up-to-date: /home/robotica/ros2_ws/install/msgs_control/share/msgs_control/cmake/export_msgs_control__rosidl_generator_cppExport.cmake
[0.923s] -- Up-to-date: /home/robotica/ros2_ws/install/msgs_control/share/msgs_control/cmake/export_msgs_control__rosidl_typesupport_fastrtps_cppExport.cmake
[0.923s] -- Up-to-date: /home/robotica/ros2_ws/install/msgs_control/share/msgs_control/cmake/export_msgs_control__rosidl_typesupport_fastrtps_cppExport-noconfig.cmake
[0.924s] -- Up-to-date: /home/robotica/ros2_ws/install/msgs_control/share/msgs_control/cmake/msgs_control__rosidl_typesupport_introspection_cppExport.cmake
[0.928s] -- Up-to-date: /home/robotica/ros2_ws/install/msgs_control/share/msgs_control/cmake/msgs_control__rosidl_typesupport_introspection_cppExport-noconfig.cmake
[0.929s] -- Up-to-date: /home/robotica/ros2_ws/install/msgs_control/share/msgs_control/cmake/msgs_control__rosidl_typesupport_cppExport.cmake
[0.930s] -- Up-to-date: /home/robotica/ros2_ws/install/msgs_control/share/msgs_control/cmake/msgs_control__rosidl_typesupport_cppExport-noconfig.cmake
[0.930s] -- Up-to-date: /home/robotica/ros2_ws/install/msgs_control/share/msgs_control/cmake/export_msgs_control__rosidl_generator_pyExport.cmake
[0.930s] -- Up-to-date: /home/robotica/ros2_ws/install/msgs_control/share/msgs_control/cmake/export_msgs_control__rosidl_generator_pyExport-noconfig.cmake
[0.932s] -- Up-to-date: /home/robotica/ros2_ws/install/msgs_control/share/msgs_control/cmake/rosidl_cmake-extras.cmake
[0.933s] -- Up-to-date: /home/robotica/ros2_ws/install/msgs_control/share/msgs_control/cmake/ament_cmake_export_include_directories-extras.cmake
[0.933s] -- Up-to-date: /home/robotica/ros2_ws/install/msgs_control/share/msgs_control/cmake/ament_cmake_export_libraries-extras.cmake
[0.934s] -- Up-to-date: /home/robotica/ros2_ws/install/msgs_control/share/msgs_control/cmake/ament_cmake_export_targets-extras.cmake
[0.934s] -- Up-to-date: /home/robotica/ros2_ws/install/msgs_control/share/msgs_control/cmake/rosidl_cmake_export_typesupport_targets-extras.cmake
[0.935s] -- Up-to-date: /home/robotica/ros2_ws/install/msgs_control/share/msgs_control/cmake/ament_cmake_export_dependencies-extras.cmake
[0.935s] -- Up-to-date: /home/robotica/ros2_ws/install/msgs_control/share/msgs_control/cmake/rosidl_cmake_export_typesupport_libraries-extras.cmake
[0.935s] -- Up-to-date: /home/robotica/ros2_ws/install/msgs_control/share/msgs_control/cmake/msgs_controlConfig.cmake
[0.936s] -- Up-to-date: /home/robotica/ros2_ws/install/msgs_control/share/msgs_control/cmake/msgs_controlConfig-version.cmake
[0.936s] -- Up-to-date: /home/robotica/ros2_ws/install/msgs_control/share/msgs_control/package.xml
[0.941s] Invoked command in '/home/robotica/ros2_ws/build/msgs_control' returned '0': CMAKE_PREFIX_PATH=${CMAKE_PREFIX_PATH}:/home/robotica/ros2_ws/install/sim_pkg:/home/robotica/ros2_ws/install/intro_pkg:/home/robotica/ros2_ws/install/genetic_pkg:/opt/ros/humble /usr/bin/cmake --install /home/robotica/ros2_ws/build/msgs_control
