[0.121s] DEBUG:colcon:Command line arguments: ['/usr/bin/colcon', 'build']
[0.121s] DEBUG:colcon:Parsed command line arguments: Namespace(log_base=None, log_level=None, verb_name='build', build_base='build', install_base='install', merge_install=False, symlink_install=False, test_result_base=None, continue_on_error=False, executor='parallel', parallel_workers=4, event_handlers=None, ignore_user_meta=False, metas=['./colcon.meta'], base_paths=['.'], packages_ignore=None, packages_ignore_regex=None, paths=None, packages_up_to=None, packages_up_to_regex=None, packages_above=None, packages_above_and_dependencies=None, packages_above_depth=None, packages_select_by_dep=None, packages_skip_by_dep=None, packages_skip_up_to=None, packages_select_build_failed=False, packages_skip_build_finished=False, packages_select_test_failures=False, packages_skip_test_passed=False, packages_select=None, packages_skip=None, packages_select_regex=None, packages_skip_regex=None, packages_start=None, packages_end=None, allow_overriding=[], cmake_args=None, cmake_target=None, cmake_target_skip_unavailable=False, cmake_clean_cache=False, cmake_clean_first=False, cmake_force_configure=False, ament_cmake_args=None, catkin_cmake_args=None, catkin_skip_building_tests=False, verb_parser=<colcon_defaults.argument_parser.defaults.DefaultArgumentsDecorator object at 0x7f58b4f427d0>, verb_extension=<colcon_core.verb.build.BuildVerb object at 0x7f58b4f42260>, main=<bound method BuildVerb.main of <colcon_core.verb.build.BuildVerb object at 0x7f58b4f42260>>)
[0.143s] Level 1:colcon.colcon_core.package_discovery:discover_packages(colcon_meta) check parameters
[0.143s] Level 1:colcon.colcon_core.package_discovery:discover_packages(recursive) check parameters
[0.143s] Level 1:colcon.colcon_core.package_discovery:discover_packages(ignore) check parameters
[0.143s] Level 1:colcon.colcon_core.package_discovery:discover_packages(path) check parameters
[0.143s] Level 1:colcon.colcon_core.package_discovery:discover_packages(colcon_meta) discover
[0.143s] Level 1:colcon.colcon_core.package_discovery:discover_packages(recursive) discover
[0.143s] INFO:colcon.colcon_core.package_discovery:Crawling recursively for packages in '/home/robotica/ros2_ws'
[0.143s] Level 1:colcon.colcon_core.package_identification:_identify(.) by extensions ['ignore', 'ignore_ament_install']
[0.143s] Level 1:colcon.colcon_core.package_identification:_identify(.) by extension 'ignore'
[0.143s] Level 1:colcon.colcon_core.package_identification:_identify(.) by extension 'ignore_ament_install'
[0.143s] Level 1:colcon.colcon_core.package_identification:_identify(.) by extensions ['colcon_pkg']
[0.143s] Level 1:colcon.colcon_core.package_identification:_identify(.) by extension 'colcon_pkg'
[0.143s] Level 1:colcon.colcon_core.package_identification:_identify(.) by extensions ['colcon_meta']
[0.143s] Level 1:colcon.colcon_core.package_identification:_identify(.) by extension 'colcon_meta'
[0.143s] Level 1:colcon.colcon_core.package_identification:_identify(.) by extensions ['ros']
[0.143s] Level 1:colcon.colcon_core.package_identification:_identify(.) by extension 'ros'
[0.152s] Level 1:colcon.colcon_core.package_identification:_identify(.) by extensions ['cmake', 'python']
[0.152s] Level 1:colcon.colcon_core.package_identification:_identify(.) by extension 'cmake'
[0.152s] Level 1:colcon.colcon_core.package_identification:_identify(.) by extension 'python'
[0.152s] Level 1:colcon.colcon_core.package_identification:_identify(.) by extensions ['python_setup_py']
[0.152s] Level 1:colcon.colcon_core.package_identification:_identify(.) by extension 'python_setup_py'
[0.152s] Level 1:colcon.colcon_core.package_identification:_identify(build) by extensions ['ignore', 'ignore_ament_install']
[0.152s] Level 1:colcon.colcon_core.package_identification:_identify(build) by extension 'ignore'
[0.152s] Level 1:colcon.colcon_core.package_identification:_identify(build) ignored
[0.152s] Level 1:colcon.colcon_core.package_identification:_identify(install) by extensions ['ignore', 'ignore_ament_install']
[0.152s] Level 1:colcon.colcon_core.package_identification:_identify(install) by extension 'ignore'
[0.152s] Level 1:colcon.colcon_core.package_identification:_identify(install) ignored
[0.152s] Level 1:colcon.colcon_core.package_identification:_identify(log) by extensions ['ignore', 'ignore_ament_install']
[0.152s] Level 1:colcon.colcon_core.package_identification:_identify(log) by extension 'ignore'
[0.152s] Level 1:colcon.colcon_core.package_identification:_identify(log) ignored
[0.152s] Level 1:colcon.colcon_core.package_identification:_identify(src) by extensions ['ignore', 'ignore_ament_install']
[0.152s] Level 1:colcon.colcon_core.package_identification:_identify(src) by extension 'ignore'
[0.152s] Level 1:colcon.colcon_core.package_identification:_identify(src) by extension 'ignore_ament_install'
[0.153s] Level 1:colcon.colcon_core.package_identification:_identify(src) by extensions ['colcon_pkg']
[0.153s] Level 1:colcon.colcon_core.package_identification:_identify(src) by extension 'colcon_pkg'
[0.153s] Level 1:colcon.colcon_core.package_identification:_identify(src) by extensions ['colcon_meta']
[0.153s] Level 1:colcon.colcon_core.package_identification:_identify(src) by extension 'colcon_meta'
[0.153s] Level 1:colcon.colcon_core.package_identification:_identify(src) by extensions ['ros']
[0.153s] Level 1:colcon.colcon_core.package_identification:_identify(src) by extension 'ros'
[0.153s] Level 1:colcon.colcon_core.package_identification:_identify(src) by extensions ['cmake', 'python']
[0.153s] Level 1:colcon.colcon_core.package_identification:_identify(src) by extension 'cmake'
[0.153s] Level 1:colcon.colcon_core.package_identification:_identify(src) by extension 'python'
[0.153s] Level 1:colcon.colcon_core.package_identification:_identify(src) by extensions ['python_setup_py']
[0.153s] Level 1:colcon.colcon_core.package_identification:_identify(src) by extension 'python_setup_py'
[0.153s] Level 1:colcon.colcon_core.package_identification:_identify(src/genetic_pkg) by extensions ['ignore', 'ignore_ament_install']
[0.153s] Level 1:colcon.colcon_core.package_identification:_identify(src/genetic_pkg) by extension 'ignore'
[0.153s] Level 1:colcon.colcon_core.package_identification:_identify(src/genetic_pkg) by extension 'ignore_ament_install'
[0.153s] Level 1:colcon.colcon_core.package_identification:_identify(src/genetic_pkg) by extensions ['colcon_pkg']
[0.153s] Level 1:colcon.colcon_core.package_identification:_identify(src/genetic_pkg) by extension 'colcon_pkg'
[0.153s] Level 1:colcon.colcon_core.package_identification:_identify(src/genetic_pkg) by extensions ['colcon_meta']
[0.153s] Level 1:colcon.colcon_core.package_identification:_identify(src/genetic_pkg) by extension 'colcon_meta'
[0.153s] Level 1:colcon.colcon_core.package_identification:_identify(src/genetic_pkg) by extensions ['ros']
[0.153s] Level 1:colcon.colcon_core.package_identification:_identify(src/genetic_pkg) by extension 'ros'
[0.155s] DEBUG:colcon.colcon_core.package_identification:Package 'src/genetic_pkg' with type 'ros.ament_python' and name 'genetic_pkg'
[0.155s] Level 1:colcon.colcon_core.package_identification:_identify(src/msgs_control) by extensions ['ignore', 'ignore_ament_install']
[0.155s] Level 1:colcon.colcon_core.package_identification:_identify(src/msgs_control) by extension 'ignore'
[0.155s] Level 1:colcon.colcon_core.package_identification:_identify(src/msgs_control) by extension 'ignore_ament_install'
[0.155s] Level 1:colcon.colcon_core.package_identification:_identify(src/msgs_control) by extensions ['colcon_pkg']
[0.155s] Level 1:colcon.colcon_core.package_identification:_identify(src/msgs_control) by extension 'colcon_pkg'
[0.155s] Level 1:colcon.colcon_core.package_identification:_identify(src/msgs_control) by extensions ['colcon_meta']
[0.155s] Level 1:colcon.colcon_core.package_identification:_identify(src/msgs_control) by extension 'colcon_meta'
[0.156s] Level 1:colcon.colcon_core.package_identification:_identify(src/msgs_control) by extensions ['ros']
[0.156s] Level 1:colcon.colcon_core.package_identification:_identify(src/msgs_control) by extension 'ros'
[0.156s] DEBUG:colcon.colcon_core.package_identification:Package 'src/msgs_control' with type 'ros.ament_cmake' and name 'msgs_control'
[0.156s] Level 1:colcon.colcon_core.package_identification:_identify(src/sim_pkg) by extensions ['ignore', 'ignore_ament_install']
[0.156s] Level 1:colcon.colcon_core.package_identification:_identify(src/sim_pkg) by extension 'ignore'
[0.156s] Level 1:colcon.colcon_core.package_identification:_identify(src/sim_pkg) by extension 'ignore_ament_install'
[0.156s] Level 1:colcon.colcon_core.package_identification:_identify(src/sim_pkg) by extensions ['colcon_pkg']
[0.156s] Level 1:colcon.colcon_core.package_identification:_identify(src/sim_pkg) by extension 'colcon_pkg'
[0.156s] Level 1:colcon.colcon_core.package_identification:_identify(src/sim_pkg) by extensions ['colcon_meta']
[0.156s] Level 1:colcon.colcon_core.package_identification:_identify(src/sim_pkg) by extension 'colcon_meta'
[0.156s] Level 1:colcon.colcon_core.package_identification:_identify(src/sim_pkg) by extensions ['ros']
[0.156s] Level 1:colcon.colcon_core.package_identification:_identify(src/sim_pkg) by extension 'ros'
[0.157s] DEBUG:colcon.colcon_core.package_identification:Package 'src/sim_pkg' with type 'ros.ament_python' and name 'sim_pkg'
[0.157s] Level 1:colcon.colcon_core.package_discovery:discover_packages(recursive) using defaults
[0.157s] Level 1:colcon.colcon_core.package_discovery:discover_packages(ignore) discover
[0.157s] Level 1:colcon.colcon_core.package_discovery:discover_packages(ignore) using defaults
[0.157s] Level 1:colcon.colcon_core.package_discovery:discover_packages(path) discover
[0.157s] Level 1:colcon.colcon_core.package_discovery:discover_packages(path) using defaults
[0.175s] Level 1:colcon.colcon_core.package_discovery:discover_packages(prefix_path) check parameters
[0.175s] Level 1:colcon.colcon_core.package_discovery:discover_packages(prefix_path) discover
[0.177s] DEBUG:colcon.colcon_installed_package_information.package_discovery:Found 4 installed packages in /home/robotica/ros2_ws/install
[0.178s] DEBUG:colcon.colcon_installed_package_information.package_discovery:Found 303 installed packages in /opt/ros/humble
[0.179s] Level 1:colcon.colcon_core.package_discovery:discover_packages(prefix_path) using defaults
[0.225s] Level 5:colcon.colcon_core.verb:set package 'genetic_pkg' build argument 'cmake_args' from command line to 'None'
[0.226s] Level 5:colcon.colcon_core.verb:set package 'genetic_pkg' build argument 'cmake_target' from command line to 'None'
[0.226s] Level 5:colcon.colcon_core.verb:set package 'genetic_pkg' build argument 'cmake_target_skip_unavailable' from command line to 'False'
[0.226s] Level 5:colcon.colcon_core.verb:set package 'genetic_pkg' build argument 'cmake_clean_cache' from command line to 'False'
[0.226s] Level 5:colcon.colcon_core.verb:set package 'genetic_pkg' build argument 'cmake_clean_first' from command line to 'False'
[0.226s] Level 5:colcon.colcon_core.verb:set package 'genetic_pkg' build argument 'cmake_force_configure' from command line to 'False'
[0.226s] Level 5:colcon.colcon_core.verb:set package 'genetic_pkg' build argument 'ament_cmake_args' from command line to 'None'
[0.226s] Level 5:colcon.colcon_core.verb:set package 'genetic_pkg' build argument 'catkin_cmake_args' from command line to 'None'
[0.226s] Level 5:colcon.colcon_core.verb:set package 'genetic_pkg' build argument 'catkin_skip_building_tests' from command line to 'False'
[0.226s] DEBUG:colcon.colcon_core.verb:Building package 'genetic_pkg' with the following arguments: {'ament_cmake_args': None, 'build_base': '/home/robotica/ros2_ws/build/genetic_pkg', 'catkin_cmake_args': None, 'catkin_skip_building_tests': False, 'cmake_args': None, 'cmake_clean_cache': False, 'cmake_clean_first': False, 'cmake_force_configure': False, 'cmake_target': None, 'cmake_target_skip_unavailable': False, 'install_base': '/home/robotica/ros2_ws/install/genetic_pkg', 'merge_install': False, 'path': '/home/robotica/ros2_ws/src/genetic_pkg', 'symlink_install': False, 'test_result_base': None}
[0.226s] Level 5:colcon.colcon_core.verb:set package 'msgs_control' build argument 'cmake_args' from command line to 'None'
[0.226s] Level 5:colcon.colcon_core.verb:set package 'msgs_control' build argument 'cmake_target' from command line to 'None'
[0.226s] Level 5:colcon.colcon_core.verb:set package 'msgs_control' build argument 'cmake_target_skip_unavailable' from command line to 'False'
[0.226s] Level 5:colcon.colcon_core.verb:set package 'msgs_control' build argument 'cmake_clean_cache' from command line to 'False'
[0.226s] Level 5:colcon.colcon_core.verb:set package 'msgs_control' build argument 'cmake_clean_first' from command line to 'False'
[0.226s] Level 5:colcon.colcon_core.verb:set package 'msgs_control' build argument 'cmake_force_configure' from command line to 'False'
[0.227s] Level 5:colcon.colcon_core.verb:set package 'msgs_control' build argument 'ament_cmake_args' from command line to 'None'
[0.227s] Level 5:colcon.colcon_core.verb:set package 'msgs_control' build argument 'catkin_cmake_args' from command line to 'None'
[0.227s] Level 5:colcon.colcon_core.verb:set package 'msgs_control' build argument 'catkin_skip_building_tests' from command line to 'False'
[0.227s] DEBUG:colcon.colcon_core.verb:Building package 'msgs_control' with the following arguments: {'ament_cmake_args': None, 'build_base': '/home/robotica/ros2_ws/build/msgs_control', 'catkin_cmake_args': None, 'catkin_skip_building_tests': False, 'cmake_args': None, 'cmake_clean_cache': False, 'cmake_clean_first': False, 'cmake_force_configure': False, 'cmake_target': None, 'cmake_target_skip_unavailable': False, 'install_base': '/home/robotica/ros2_ws/install/msgs_control', 'merge_install': False, 'path': '/home/robotica/ros2_ws/src/msgs_control', 'symlink_install': False, 'test_result_base': None}
[0.227s] Level 5:colcon.colcon_core.verb:set package 'sim_pkg' build argument 'cmake_args' from command line to 'None'
[0.227s] Level 5:colcon.colcon_core.verb:set package 'sim_pkg' build argument 'cmake_target' from command line to 'None'
[0.227s] Level 5:colcon.colcon_core.verb:set package 'sim_pkg' build argument 'cmake_target_skip_unavailable' from command line to 'False'
[0.227s] Level 5:colcon.colcon_core.verb:set package 'sim_pkg' build argument 'cmake_clean_cache' from command line to 'False'
[0.227s] Level 5:colcon.colcon_core.verb:set package 'sim_pkg' build argument 'cmake_clean_first' from command line to 'False'
[0.227s] Level 5:colcon.colcon_core.verb:set package 'sim_pkg' build argument 'cmake_force_configure' from command line to 'False'
[0.227s] Level 5:colcon.colcon_core.verb:set package 'sim_pkg' build argument 'ament_cmake_args' from command line to 'None'
[0.227s] Level 5:colcon.colcon_core.verb:set package 'sim_pkg' build argument 'catkin_cmake_args' from command line to 'None'
[0.227s] Level 5:colcon.colcon_core.verb:set package 'sim_pkg' build argument 'catkin_skip_building_tests' from command line to 'False'
[0.227s] DEBUG:colcon.colcon_core.verb:Building package 'sim_pkg' with the following arguments: {'ament_cmake_args': None, 'build_base': '/home/robotica/ros2_ws/build/sim_pkg', 'catkin_cmake_args': None, 'catkin_skip_building_tests': False, 'cmake_args': None, 'cmake_clean_cache': False, 'cmake_clean_first': False, 'cmake_force_configure': False, 'cmake_target': None, 'cmake_target_skip_unavailable': False, 'install_base': '/home/robotica/ros2_ws/install/sim_pkg', 'merge_install': False, 'path': '/home/robotica/ros2_ws/src/sim_pkg', 'symlink_install': False, 'test_result_base': None}
[0.228s] INFO:colcon.colcon_core.executor:Executing jobs using 'parallel' executor
[0.234s] DEBUG:colcon.colcon_parallel_executor.executor.parallel:run_until_complete
[0.235s] INFO:colcon.colcon_ros.task.ament_python.build:Building ROS package in '/home/robotica/ros2_ws/src/genetic_pkg' with build type 'ament_python'
[0.236s] Level 1:colcon.colcon_core.shell:create_environment_hook('genetic_pkg', 'ament_prefix_path')
[0.245s] INFO:colcon.colcon_core.plugin_system:Skipping extension 'colcon_core.shell.bat': Not used on non-Windows systems
[0.246s] INFO:colcon.colcon_core.shell:Creating environment hook '/home/robotica/ros2_ws/install/genetic_pkg/share/genetic_pkg/hook/ament_prefix_path.ps1'
[0.246s] INFO:colcon.colcon_core.shell:Creating environment descriptor '/home/robotica/ros2_ws/install/genetic_pkg/share/genetic_pkg/hook/ament_prefix_path.dsv'
[0.247s] INFO:colcon.colcon_core.shell:Creating environment hook '/home/robotica/ros2_ws/install/genetic_pkg/share/genetic_pkg/hook/ament_prefix_path.sh'
[0.249s] INFO:colcon.colcon_core.shell:Skip shell extension 'powershell' for command environment: Not usable outside of PowerShell
[0.249s] DEBUG:colcon.colcon_core.shell:Skip shell extension 'dsv' for command environment
[0.254s] INFO:colcon.colcon_ros.task.ament_cmake.build:Building ROS package in '/home/robotica/ros2_ws/src/msgs_control' with build type 'ament_cmake'
[0.254s] INFO:colcon.colcon_cmake.task.cmake.build:Building CMake package in '/home/robotica/ros2_ws/src/msgs_control'
[0.256s] INFO:colcon.colcon_core.shell:Skip shell extension 'powershell' for command environment: Not usable outside of PowerShell
[0.256s] DEBUG:colcon.colcon_core.shell:Skip shell extension 'dsv' for command environment
[0.262s] INFO:colcon.colcon_ros.task.ament_python.build:Building ROS package in '/home/robotica/ros2_ws/src/sim_pkg' with build type 'ament_python'
[0.262s] Level 1:colcon.colcon_core.shell:create_environment_hook('sim_pkg', 'ament_prefix_path')
[0.264s] INFO:colcon.colcon_core.shell:Creating environment hook '/home/robotica/ros2_ws/install/sim_pkg/share/sim_pkg/hook/ament_prefix_path.ps1'
[0.265s] INFO:colcon.colcon_core.shell:Creating environment descriptor '/home/robotica/ros2_ws/install/sim_pkg/share/sim_pkg/hook/ament_prefix_path.dsv'
[0.265s] INFO:colcon.colcon_core.shell:Creating environment hook '/home/robotica/ros2_ws/install/sim_pkg/share/sim_pkg/hook/ament_prefix_path.sh'
[0.267s] INFO:colcon.colcon_core.shell:Skip shell extension 'powershell' for command environment: Not usable outside of PowerShell
[0.267s] DEBUG:colcon.colcon_core.shell:Skip shell extension 'dsv' for command environment
[0.492s] INFO:colcon.colcon_core.task.python.build:Building Python package in '/home/robotica/ros2_ws/src/genetic_pkg'
[0.493s] INFO:colcon.colcon_core.shell:Skip shell extension 'powershell' for command environment: Not usable outside of PowerShell
[0.493s] DEBUG:colcon.colcon_core.shell:Skip shell extension 'dsv' for command environment
[0.507s] DEBUG:colcon.colcon_core.event_handler.log_command:Invoking command in '/home/robotica/ros2_ws/build/msgs_control': CMAKE_PREFIX_PATH=${CMAKE_PREFIX_PATH}:/home/robotica/ros2_ws/install/sim_pkg:/home/robotica/ros2_ws/install/intro_pkg:/home/robotica/ros2_ws/install/genetic_pkg:/opt/ros/humble /usr/bin/cmake --build /home/robotica/ros2_ws/build/msgs_control -- -j4 -l4
[0.735s] INFO:colcon.colcon_core.task.python.build:Building Python package in '/home/robotica/ros2_ws/src/sim_pkg'
[0.737s] INFO:colcon.colcon_core.shell:Skip shell extension 'powershell' for command environment: Not usable outside of PowerShell
[0.737s] DEBUG:colcon.colcon_core.shell:Skip shell extension 'dsv' for command environment
[0.869s] DEBUG:colcon.colcon_core.event_handler.log_command:Invoked command in '/home/robotica/ros2_ws/build/msgs_control' returned '0': CMAKE_PREFIX_PATH=${CMAKE_PREFIX_PATH}:/home/robotica/ros2_ws/install/sim_pkg:/home/robotica/ros2_ws/install/intro_pkg:/home/robotica/ros2_ws/install/genetic_pkg:/opt/ros/humble /usr/bin/cmake --build /home/robotica/ros2_ws/build/msgs_control -- -j4 -l4
[0.999s] DEBUG:colcon.colcon_core.event_handler.log_command:Invoking command in '/home/robotica/ros2_ws/build/msgs_control': CMAKE_PREFIX_PATH=${CMAKE_PREFIX_PATH}:/home/robotica/ros2_ws/install/sim_pkg:/home/robotica/ros2_ws/install/intro_pkg:/home/robotica/ros2_ws/install/genetic_pkg:/opt/ros/humble /usr/bin/cmake --install /home/robotica/ros2_ws/build/msgs_control
[1.047s] DEBUG:colcon.colcon_core.event_handler.log_command:Invoking command in '/home/robotica/ros2_ws/src/sim_pkg': PYTHONPATH=/home/robotica/ros2_ws/build/sim_pkg/prefix_override:/home/robotica/ros2_ws/install/sim_pkg/lib/python3.10/site-packages:${PYTHONPATH} /usr/bin/python3 setup.py egg_info --egg-base ../../build/sim_pkg build --build-base /home/robotica/ros2_ws/build/sim_pkg/build install --record /home/robotica/ros2_ws/build/sim_pkg/install.log --single-version-externally-managed
[1.062s] Level 1:colcon.colcon_core.environment:create_environment_scripts_only(msgs_control)
[1.065s] DEBUG:colcon.colcon_core.event_handler.log_command:Invoked command in '/home/robotica/ros2_ws/build/msgs_control' returned '0': CMAKE_PREFIX_PATH=${CMAKE_PREFIX_PATH}:/home/robotica/ros2_ws/install/sim_pkg:/home/robotica/ros2_ws/install/intro_pkg:/home/robotica/ros2_ws/install/genetic_pkg:/opt/ros/humble /usr/bin/cmake --install /home/robotica/ros2_ws/build/msgs_control
[1.067s] Level 1:colcon.colcon_core.environment:checking '/home/robotica/ros2_ws/install/msgs_control' for CMake module files
[1.068s] Level 1:colcon.colcon_core.environment:checking '/home/robotica/ros2_ws/install/msgs_control' for CMake config files
[1.068s] Level 1:colcon.colcon_core.shell:create_environment_hook('msgs_control', 'cmake_prefix_path')
[1.069s] INFO:colcon.colcon_core.shell:Creating environment hook '/home/robotica/ros2_ws/install/msgs_control/share/msgs_control/hook/cmake_prefix_path.ps1'
[1.070s] INFO:colcon.colcon_core.shell:Creating environment descriptor '/home/robotica/ros2_ws/install/msgs_control/share/msgs_control/hook/cmake_prefix_path.dsv'
[1.070s] INFO:colcon.colcon_core.shell:Creating environment hook '/home/robotica/ros2_ws/install/msgs_control/share/msgs_control/hook/cmake_prefix_path.sh'
[1.071s] Level 1:colcon.colcon_core.environment:checking '/home/robotica/ros2_ws/install/msgs_control/lib'
[1.072s] Level 1:colcon.colcon_core.shell:create_environment_hook('msgs_control', 'ld_library_path_lib')
[1.073s] INFO:colcon.colcon_core.shell:Creating environment hook '/home/robotica/ros2_ws/install/msgs_control/share/msgs_control/hook/ld_library_path_lib.ps1'
[1.074s] INFO:colcon.colcon_core.shell:Creating environment descriptor '/home/robotica/ros2_ws/install/msgs_control/share/msgs_control/hook/ld_library_path_lib.dsv'
[1.074s] INFO:colcon.colcon_core.shell:Creating environment hook '/home/robotica/ros2_ws/install/msgs_control/share/msgs_control/hook/ld_library_path_lib.sh'
[1.074s] Level 1:colcon.colcon_core.environment:checking '/home/robotica/ros2_ws/install/msgs_control/bin'
[1.074s] Level 1:colcon.colcon_core.environment:checking '/home/robotica/ros2_ws/install/msgs_control/lib/pkgconfig/msgs_control.pc'
[1.075s] Level 1:colcon.colcon_core.environment:checking '/home/robotica/ros2_ws/install/msgs_control/lib/python3.10/site-packages'
[1.075s] Level 1:colcon.colcon_core.environment:checking '/home/robotica/ros2_ws/install/msgs_control/bin'
[1.076s] INFO:colcon.colcon_core.shell:Creating package script '/home/robotica/ros2_ws/install/msgs_control/share/msgs_control/package.ps1'
[1.077s] INFO:colcon.colcon_core.shell:Creating package descriptor '/home/robotica/ros2_ws/install/msgs_control/share/msgs_control/package.dsv'
[1.078s] INFO:colcon.colcon_core.shell:Creating package script '/home/robotica/ros2_ws/install/msgs_control/share/msgs_control/package.sh'
[1.078s] INFO:colcon.colcon_core.shell:Creating package script '/home/robotica/ros2_ws/install/msgs_control/share/msgs_control/package.bash'
[1.079s] INFO:colcon.colcon_core.shell:Creating package script '/home/robotica/ros2_ws/install/msgs_control/share/msgs_control/package.zsh'
[1.080s] Level 1:colcon.colcon_core.environment:create_file_with_runtime_dependencies(/home/robotica/ros2_ws/install/msgs_control/share/colcon-core/packages/msgs_control)
[1.085s] DEBUG:colcon.colcon_core.event_handler.log_command:Invoking command in '/home/robotica/ros2_ws/src/genetic_pkg': PYTHONPATH=/home/robotica/ros2_ws/build/genetic_pkg/prefix_override:/home/robotica/ros2_ws/install/genetic_pkg/lib/python3.10/site-packages:${PYTHONPATH} /usr/bin/python3 setup.py egg_info --egg-base ../../build/genetic_pkg build --build-base /home/robotica/ros2_ws/build/genetic_pkg/build install --record /home/robotica/ros2_ws/build/genetic_pkg/install.log --single-version-externally-managed
[1.231s] Level 1:colcon.colcon_core.environment:create_environment_scripts_only(msgs_control)
[1.243s] Level 1:colcon.colcon_core.environment:checking '/home/robotica/ros2_ws/install/msgs_control' for CMake module files
[1.244s] Level 1:colcon.colcon_core.environment:checking '/home/robotica/ros2_ws/install/msgs_control' for CMake config files
[1.244s] Level 1:colcon.colcon_core.shell:create_environment_hook('msgs_control', 'cmake_prefix_path')
[1.245s] INFO:colcon.colcon_core.shell:Creating environment hook '/home/robotica/ros2_ws/install/msgs_control/share/msgs_control/hook/cmake_prefix_path.ps1'
[1.246s] INFO:colcon.colcon_core.shell:Creating environment descriptor '/home/robotica/ros2_ws/install/msgs_control/share/msgs_control/hook/cmake_prefix_path.dsv'
[1.249s] INFO:colcon.colcon_core.shell:Creating environment hook '/home/robotica/ros2_ws/install/msgs_control/share/msgs_control/hook/cmake_prefix_path.sh'
[1.250s] Level 1:colcon.colcon_core.environment:checking '/home/robotica/ros2_ws/install/msgs_control/lib'
[1.250s] Level 1:colcon.colcon_core.shell:create_environment_hook('msgs_control', 'ld_library_path_lib')
[1.252s] INFO:colcon.colcon_core.shell:Creating environment hook '/home/robotica/ros2_ws/install/msgs_control/share/msgs_control/hook/ld_library_path_lib.ps1'
[1.252s] INFO:colcon.colcon_core.shell:Creating environment descriptor '/home/robotica/ros2_ws/install/msgs_control/share/msgs_control/hook/ld_library_path_lib.dsv'
[1.254s] INFO:colcon.colcon_core.shell:Creating environment hook '/home/robotica/ros2_ws/install/msgs_control/share/msgs_control/hook/ld_library_path_lib.sh'
[1.256s] Level 1:colcon.colcon_core.environment:checking '/home/robotica/ros2_ws/install/msgs_control/bin'
[1.256s] Level 1:colcon.colcon_core.environment:checking '/home/robotica/ros2_ws/install/msgs_control/lib/pkgconfig/msgs_control.pc'
[1.256s] Level 1:colcon.colcon_core.environment:checking '/home/robotica/ros2_ws/install/msgs_control/lib/python3.10/site-packages'
[1.256s] Level 1:colcon.colcon_core.environment:checking '/home/robotica/ros2_ws/install/msgs_control/bin'
[1.258s] INFO:colcon.colcon_core.shell:Creating package script '/home/robotica/ros2_ws/install/msgs_control/share/msgs_control/package.ps1'
[1.259s] INFO:colcon.colcon_core.shell:Creating package descriptor '/home/robotica/ros2_ws/install/msgs_control/share/msgs_control/package.dsv'
[1.260s] INFO:colcon.colcon_core.shell:Creating package script '/home/robotica/ros2_ws/install/msgs_control/share/msgs_control/package.sh'
[1.260s] INFO:colcon.colcon_core.shell:Creating package script '/home/robotica/ros2_ws/install/msgs_control/share/msgs_control/package.bash'
[1.261s] INFO:colcon.colcon_core.shell:Creating package script '/home/robotica/ros2_ws/install/msgs_control/share/msgs_control/package.zsh'
[1.261s] Level 1:colcon.colcon_core.environment:create_file_with_runtime_dependencies(/home/robotica/ros2_ws/install/msgs_control/share/colcon-core/packages/msgs_control)
[1.381s] Level 1:colcon.colcon_core.environment:checking '/home/robotica/ros2_ws/install/sim_pkg' for CMake module files
[1.382s] DEBUG:colcon.colcon_core.event_handler.log_command:Invoked command in '/home/robotica/ros2_ws/src/sim_pkg' returned '0': PYTHONPATH=/home/robotica/ros2_ws/build/sim_pkg/prefix_override:/home/robotica/ros2_ws/install/sim_pkg/lib/python3.10/site-packages:${PYTHONPATH} /usr/bin/python3 setup.py egg_info --egg-base ../../build/sim_pkg build --build-base /home/robotica/ros2_ws/build/sim_pkg/build install --record /home/robotica/ros2_ws/build/sim_pkg/install.log --single-version-externally-managed
[1.383s] Level 1:colcon.colcon_core.environment:checking '/home/robotica/ros2_ws/install/sim_pkg' for CMake config files
[1.383s] Level 1:colcon.colcon_core.environment:checking '/home/robotica/ros2_ws/install/sim_pkg/lib'
[1.383s] Level 1:colcon.colcon_core.environment:checking '/home/robotica/ros2_ws/install/sim_pkg/bin'
[1.383s] Level 1:colcon.colcon_core.environment:checking '/home/robotica/ros2_ws/install/sim_pkg/lib/pkgconfig/sim_pkg.pc'
[1.383s] Level 1:colcon.colcon_core.environment:checking '/home/robotica/ros2_ws/install/sim_pkg/lib/python3.10/site-packages'
[1.383s] Level 1:colcon.colcon_core.shell:create_environment_hook('sim_pkg', 'pythonpath')
[1.384s] INFO:colcon.colcon_core.shell:Creating environment hook '/home/robotica/ros2_ws/install/sim_pkg/share/sim_pkg/hook/pythonpath.ps1'
[1.385s] INFO:colcon.colcon_core.shell:Creating environment descriptor '/home/robotica/ros2_ws/install/sim_pkg/share/sim_pkg/hook/pythonpath.dsv'
[1.385s] INFO:colcon.colcon_core.shell:Creating environment hook '/home/robotica/ros2_ws/install/sim_pkg/share/sim_pkg/hook/pythonpath.sh'
[1.386s] Level 1:colcon.colcon_core.environment:checking '/home/robotica/ros2_ws/install/sim_pkg/bin'
[1.386s] Level 1:colcon.colcon_core.environment:create_environment_scripts_only(sim_pkg)
[1.387s] INFO:colcon.colcon_core.shell:Creating package script '/home/robotica/ros2_ws/install/sim_pkg/share/sim_pkg/package.ps1'
[1.388s] INFO:colcon.colcon_core.shell:Creating package descriptor '/home/robotica/ros2_ws/install/sim_pkg/share/sim_pkg/package.dsv'
[1.388s] INFO:colcon.colcon_core.shell:Creating package script '/home/robotica/ros2_ws/install/sim_pkg/share/sim_pkg/package.sh'
[1.388s] INFO:colcon.colcon_core.shell:Creating package script '/home/robotica/ros2_ws/install/sim_pkg/share/sim_pkg/package.bash'
[1.389s] INFO:colcon.colcon_core.shell:Creating package script '/home/robotica/ros2_ws/install/sim_pkg/share/sim_pkg/package.zsh'
[1.389s] Level 1:colcon.colcon_core.environment:create_file_with_runtime_dependencies(/home/robotica/ros2_ws/install/sim_pkg/share/colcon-core/packages/sim_pkg)
[1.396s] Level 1:colcon.colcon_core.environment:checking '/home/robotica/ros2_ws/install/genetic_pkg' for CMake module files
[1.397s] DEBUG:colcon.colcon_core.event_handler.log_command:Invoked command in '/home/robotica/ros2_ws/src/genetic_pkg' returned '0': PYTHONPATH=/home/robotica/ros2_ws/build/genetic_pkg/prefix_override:/home/robotica/ros2_ws/install/genetic_pkg/lib/python3.10/site-packages:${PYTHONPATH} /usr/bin/python3 setup.py egg_info --egg-base ../../build/genetic_pkg build --build-base /home/robotica/ros2_ws/build/genetic_pkg/build install --record /home/robotica/ros2_ws/build/genetic_pkg/install.log --single-version-externally-managed
[1.397s] Level 1:colcon.colcon_core.environment:checking '/home/robotica/ros2_ws/install/genetic_pkg' for CMake config files
[1.398s] Level 1:colcon.colcon_core.environment:checking '/home/robotica/ros2_ws/install/genetic_pkg/lib'
[1.398s] Level 1:colcon.colcon_core.environment:checking '/home/robotica/ros2_ws/install/genetic_pkg/bin'
[1.398s] Level 1:colcon.colcon_core.environment:checking '/home/robotica/ros2_ws/install/genetic_pkg/lib/pkgconfig/genetic_pkg.pc'
[1.398s] Level 1:colcon.colcon_core.environment:checking '/home/robotica/ros2_ws/install/genetic_pkg/lib/python3.10/site-packages'
[1.398s] Level 1:colcon.colcon_core.shell:create_environment_hook('genetic_pkg', 'pythonpath')
[1.399s] INFO:colcon.colcon_core.shell:Creating environment hook '/home/robotica/ros2_ws/install/genetic_pkg/share/genetic_pkg/hook/pythonpath.ps1'
[1.400s] INFO:colcon.colcon_core.shell:Creating environment descriptor '/home/robotica/ros2_ws/install/genetic_pkg/share/genetic_pkg/hook/pythonpath.dsv'
[1.400s] INFO:colcon.colcon_core.shell:Creating environment hook '/home/robotica/ros2_ws/install/genetic_pkg/share/genetic_pkg/hook/pythonpath.sh'
[1.401s] Level 1:colcon.colcon_core.environment:checking '/home/robotica/ros2_ws/install/genetic_pkg/bin'
[1.401s] Level 1:colcon.colcon_core.environment:create_environment_scripts_only(genetic_pkg)
[1.402s] INFO:colcon.colcon_core.shell:Creating package script '/home/robotica/ros2_ws/install/genetic_pkg/share/genetic_pkg/package.ps1'
[1.403s] INFO:colcon.colcon_core.shell:Creating package descriptor '/home/robotica/ros2_ws/install/genetic_pkg/share/genetic_pkg/package.dsv'
[1.404s] INFO:colcon.colcon_core.shell:Creating package script '/home/robotica/ros2_ws/install/genetic_pkg/share/genetic_pkg/package.sh'
[1.404s] INFO:colcon.colcon_core.shell:Creating package script '/home/robotica/ros2_ws/install/genetic_pkg/share/genetic_pkg/package.bash'
[1.404s] INFO:colcon.colcon_core.shell:Creating package script '/home/robotica/ros2_ws/install/genetic_pkg/share/genetic_pkg/package.zsh'
[1.405s] Level 1:colcon.colcon_core.environment:create_file_with_runtime_dependencies(/home/robotica/ros2_ws/install/genetic_pkg/share/colcon-core/packages/genetic_pkg)
[1.405s] DEBUG:colcon.colcon_parallel_executor.executor.parallel:closing loop
[1.406s] DEBUG:colcon.colcon_parallel_executor.executor.parallel:loop closed
[1.406s] DEBUG:colcon.colcon_parallel_executor.executor.parallel:run_until_complete finished with '0'
[1.406s] DEBUG:colcon.colcon_core.event_reactor:joining thread
[1.413s] INFO:colcon.colcon_core.plugin_system:Skipping extension 'colcon_notification.desktop_notification.terminal_notifier': Not used on non-Darwin systems
[1.413s] INFO:colcon.colcon_core.plugin_system:Skipping extension 'colcon_notification.desktop_notification.win32': Not used on non-Windows systems
[1.413s] INFO:colcon.colcon_notification.desktop_notification:Sending desktop notification using 'notify2'
[1.433s] DEBUG:colcon.colcon_core.event_reactor:joined thread
[1.434s] INFO:colcon.colcon_core.shell:Creating prefix script '/home/robotica/ros2_ws/install/local_setup.ps1'
[1.435s] INFO:colcon.colcon_core.shell:Creating prefix util module '/home/robotica/ros2_ws/install/_local_setup_util_ps1.py'
[1.436s] INFO:colcon.colcon_core.shell:Creating prefix chain script '/home/robotica/ros2_ws/install/setup.ps1'
[1.438s] INFO:colcon.colcon_core.shell:Creating prefix script '/home/robotica/ros2_ws/install/local_setup.sh'
[1.438s] INFO:colcon.colcon_core.shell:Creating prefix util module '/home/robotica/ros2_ws/install/_local_setup_util_sh.py'
[1.439s] INFO:colcon.colcon_core.shell:Creating prefix chain script '/home/robotica/ros2_ws/install/setup.sh'
[1.440s] INFO:colcon.colcon_core.shell:Creating prefix script '/home/robotica/ros2_ws/install/local_setup.bash'
[1.440s] INFO:colcon.colcon_core.shell:Creating prefix chain script '/home/robotica/ros2_ws/install/setup.bash'
[1.442s] INFO:colcon.colcon_core.shell:Creating prefix script '/home/robotica/ros2_ws/install/local_setup.zsh'
[1.442s] INFO:colcon.colcon_core.shell:Creating prefix chain script '/home/robotica/ros2_ws/install/setup.zsh'
