[0.150s] DEBUG:colcon:Command line arguments: ['/usr/bin/colcon', 'build']
[0.150s] DEBUG:colcon:Parsed command line arguments: Namespace(log_base=None, log_level=None, verb_name='build', build_base='build', install_base='install', merge_install=False, symlink_install=False, test_result_base=None, continue_on_error=False, executor='parallel', parallel_workers=4, event_handlers=None, ignore_user_meta=False, metas=['./colcon.meta'], base_paths=['.'], packages_ignore=None, packages_ignore_regex=None, paths=None, packages_up_to=None, packages_up_to_regex=None, packages_above=None, packages_above_and_dependencies=None, packages_above_depth=None, packages_select_by_dep=None, packages_skip_by_dep=None, packages_skip_up_to=None, packages_select_build_failed=False, packages_skip_build_finished=False, packages_select_test_failures=False, packages_skip_test_passed=False, packages_select=None, packages_skip=None, packages_select_regex=None, packages_skip_regex=None, packages_start=None, packages_end=None, allow_overriding=[], cmake_args=None, cmake_target=None, cmake_target_skip_unavailable=False, cmake_clean_cache=False, cmake_clean_first=False, cmake_force_configure=False, ament_cmake_args=None, catkin_cmake_args=None, catkin_skip_building_tests=False, verb_parser=<colcon_defaults.argument_parser.defaults.DefaultArgumentsDecorator object at 0x7f812ac529b0>, verb_extension=<colcon_core.verb.build.BuildVerb object at 0x7f812ac52440>, main=<bound method BuildVerb.main of <colcon_core.verb.build.BuildVerb object at 0x7f812ac52440>>)
[0.178s] Level 1:colcon.colcon_core.package_discovery:discover_packages(colcon_meta) check parameters
[0.178s] Level 1:colcon.colcon_core.package_discovery:discover_packages(recursive) check parameters
[0.178s] Level 1:colcon.colcon_core.package_discovery:discover_packages(ignore) check parameters
[0.178s] Level 1:colcon.colcon_core.package_discovery:discover_packages(path) check parameters
[0.179s] Level 1:colcon.colcon_core.package_discovery:discover_packages(colcon_meta) discover
[0.179s] Level 1:colcon.colcon_core.package_discovery:discover_packages(recursive) discover
[0.179s] INFO:colcon.colcon_core.package_discovery:Crawling recursively for packages in '/home/robotica/ros2_ws'
[0.179s] Level 1:colcon.colcon_core.package_identification:_identify(.) by extensions ['ignore', 'ignore_ament_install']
[0.179s] Level 1:colcon.colcon_core.package_identification:_identify(.) by extension 'ignore'
[0.179s] Level 1:colcon.colcon_core.package_identification:_identify(.) by extension 'ignore_ament_install'
[0.179s] Level 1:colcon.colcon_core.package_identification:_identify(.) by extensions ['colcon_pkg']
[0.179s] Level 1:colcon.colcon_core.package_identification:_identify(.) by extension 'colcon_pkg'
[0.179s] Level 1:colcon.colcon_core.package_identification:_identify(.) by extensions ['colcon_meta']
[0.179s] Level 1:colcon.colcon_core.package_identification:_identify(.) by extension 'colcon_meta'
[0.179s] Level 1:colcon.colcon_core.package_identification:_identify(.) by extensions ['ros']
[0.179s] Level 1:colcon.colcon_core.package_identification:_identify(.) by extension 'ros'
[0.192s] Level 1:colcon.colcon_core.package_identification:_identify(.) by extensions ['cmake', 'python']
[0.192s] Level 1:colcon.colcon_core.package_identification:_identify(.) by extension 'cmake'
[0.192s] Level 1:colcon.colcon_core.package_identification:_identify(.) by extension 'python'
[0.192s] Level 1:colcon.colcon_core.package_identification:_identify(.) by extensions ['python_setup_py']
[0.192s] Level 1:colcon.colcon_core.package_identification:_identify(.) by extension 'python_setup_py'
[0.192s] Level 1:colcon.colcon_core.package_identification:_identify(build) by extensions ['ignore', 'ignore_ament_install']
[0.192s] Level 1:colcon.colcon_core.package_identification:_identify(build) by extension 'ignore'
[0.192s] Level 1:colcon.colcon_core.package_identification:_identify(build) ignored
[0.192s] Level 1:colcon.colcon_core.package_identification:_identify(install) by extensions ['ignore', 'ignore_ament_install']
[0.192s] Level 1:colcon.colcon_core.package_identification:_identify(install) by extension 'ignore'
[0.192s] Level 1:colcon.colcon_core.package_identification:_identify(install) ignored
[0.192s] Level 1:colcon.colcon_core.package_identification:_identify(log) by extensions ['ignore', 'ignore_ament_install']
[0.193s] Level 1:colcon.colcon_core.package_identification:_identify(log) by extension 'ignore'
[0.193s] Level 1:colcon.colcon_core.package_identification:_identify(log) ignored
[0.193s] Level 1:colcon.colcon_core.package_identification:_identify(src) by extensions ['ignore', 'ignore_ament_install']
[0.193s] Level 1:colcon.colcon_core.package_identification:_identify(src) by extension 'ignore'
[0.193s] Level 1:colcon.colcon_core.package_identification:_identify(src) by extension 'ignore_ament_install'
[0.193s] Level 1:colcon.colcon_core.package_identification:_identify(src) by extensions ['colcon_pkg']
[0.193s] Level 1:colcon.colcon_core.package_identification:_identify(src) by extension 'colcon_pkg'
[0.193s] Level 1:colcon.colcon_core.package_identification:_identify(src) by extensions ['colcon_meta']
[0.193s] Level 1:colcon.colcon_core.package_identification:_identify(src) by extension 'colcon_meta'
[0.193s] Level 1:colcon.colcon_core.package_identification:_identify(src) by extensions ['ros']
[0.193s] Level 1:colcon.colcon_core.package_identification:_identify(src) by extension 'ros'
[0.193s] Level 1:colcon.colcon_core.package_identification:_identify(src) by extensions ['cmake', 'python']
[0.193s] Level 1:colcon.colcon_core.package_identification:_identify(src) by extension 'cmake'
[0.193s] Level 1:colcon.colcon_core.package_identification:_identify(src) by extension 'python'
[0.193s] Level 1:colcon.colcon_core.package_identification:_identify(src) by extensions ['python_setup_py']
[0.193s] Level 1:colcon.colcon_core.package_identification:_identify(src) by extension 'python_setup_py'
[0.193s] Level 1:colcon.colcon_core.package_identification:_identify(src/genetic_pkg) by extensions ['ignore', 'ignore_ament_install']
[0.194s] Level 1:colcon.colcon_core.package_identification:_identify(src/genetic_pkg) by extension 'ignore'
[0.194s] Level 1:colcon.colcon_core.package_identification:_identify(src/genetic_pkg) by extension 'ignore_ament_install'
[0.194s] Level 1:colcon.colcon_core.package_identification:_identify(src/genetic_pkg) by extensions ['colcon_pkg']
[0.194s] Level 1:colcon.colcon_core.package_identification:_identify(src/genetic_pkg) by extension 'colcon_pkg'
[0.194s] Level 1:colcon.colcon_core.package_identification:_identify(src/genetic_pkg) by extensions ['colcon_meta']
[0.194s] Level 1:colcon.colcon_core.package_identification:_identify(src/genetic_pkg) by extension 'colcon_meta'
[0.194s] Level 1:colcon.colcon_core.package_identification:_identify(src/genetic_pkg) by extensions ['ros']
[0.194s] Level 1:colcon.colcon_core.package_identification:_identify(src/genetic_pkg) by extension 'ros'
[0.198s] DEBUG:colcon.colcon_core.package_identification:Package 'src/genetic_pkg' with type 'ros.ament_python' and name 'genetic_pkg'
[0.198s] Level 1:colcon.colcon_core.package_identification:_identify(src/msgs_control) by extensions ['ignore', 'ignore_ament_install']
[0.199s] Level 1:colcon.colcon_core.package_identification:_identify(src/msgs_control) by extension 'ignore'
[0.199s] Level 1:colcon.colcon_core.package_identification:_identify(src/msgs_control) by extension 'ignore_ament_install'
[0.199s] Level 1:colcon.colcon_core.package_identification:_identify(src/msgs_control) by extensions ['colcon_pkg']
[0.199s] Level 1:colcon.colcon_core.package_identification:_identify(src/msgs_control) by extension 'colcon_pkg'
[0.199s] Level 1:colcon.colcon_core.package_identification:_identify(src/msgs_control) by extensions ['colcon_meta']
[0.199s] Level 1:colcon.colcon_core.package_identification:_identify(src/msgs_control) by extension 'colcon_meta'
[0.199s] Level 1:colcon.colcon_core.package_identification:_identify(src/msgs_control) by extensions ['ros']
[0.199s] Level 1:colcon.colcon_core.package_identification:_identify(src/msgs_control) by extension 'ros'
[0.200s] DEBUG:colcon.colcon_core.package_identification:Package 'src/msgs_control' with type 'ros.ament_cmake' and name 'msgs_control'
[0.200s] Level 1:colcon.colcon_core.package_identification:_identify(src/sim_pkg) by extensions ['ignore', 'ignore_ament_install']
[0.200s] Level 1:colcon.colcon_core.package_identification:_identify(src/sim_pkg) by extension 'ignore'
[0.200s] Level 1:colcon.colcon_core.package_identification:_identify(src/sim_pkg) by extension 'ignore_ament_install'
[0.200s] Level 1:colcon.colcon_core.package_identification:_identify(src/sim_pkg) by extensions ['colcon_pkg']
[0.200s] Level 1:colcon.colcon_core.package_identification:_identify(src/sim_pkg) by extension 'colcon_pkg'
[0.200s] Level 1:colcon.colcon_core.package_identification:_identify(src/sim_pkg) by extensions ['colcon_meta']
[0.200s] Level 1:colcon.colcon_core.package_identification:_identify(src/sim_pkg) by extension 'colcon_meta'
[0.200s] Level 1:colcon.colcon_core.package_identification:_identify(src/sim_pkg) by extensions ['ros']
[0.200s] Level 1:colcon.colcon_core.package_identification:_identify(src/sim_pkg) by extension 'ros'
[0.200s] DEBUG:colcon.colcon_core.package_identification:Package 'src/sim_pkg' with type 'ros.ament_python' and name 'sim_pkg'
[0.200s] Level 1:colcon.colcon_core.package_discovery:discover_packages(recursive) using defaults
[0.200s] Level 1:colcon.colcon_core.package_discovery:discover_packages(ignore) discover
[0.200s] Level 1:colcon.colcon_core.package_discovery:discover_packages(ignore) using defaults
[0.200s] Level 1:colcon.colcon_core.package_discovery:discover_packages(path) discover
[0.200s] Level 1:colcon.colcon_core.package_discovery:discover_packages(path) using defaults
[0.225s] Level 1:colcon.colcon_core.package_discovery:discover_packages(prefix_path) check parameters
[0.225s] Level 1:colcon.colcon_core.package_discovery:discover_packages(prefix_path) discover
[0.227s] DEBUG:colcon.colcon_installed_package_information.package_discovery:Found 4 installed packages in /home/robotica/ros2_ws/install
[0.229s] DEBUG:colcon.colcon_installed_package_information.package_discovery:Found 303 installed packages in /opt/ros/humble
[0.231s] Level 1:colcon.colcon_core.package_discovery:discover_packages(prefix_path) using defaults
[0.288s] Level 5:colcon.colcon_core.verb:set package 'genetic_pkg' build argument 'cmake_args' from command line to 'None'
[0.288s] Level 5:colcon.colcon_core.verb:set package 'genetic_pkg' build argument 'cmake_target' from command line to 'None'
[0.288s] Level 5:colcon.colcon_core.verb:set package 'genetic_pkg' build argument 'cmake_target_skip_unavailable' from command line to 'False'
[0.288s] Level 5:colcon.colcon_core.verb:set package 'genetic_pkg' build argument 'cmake_clean_cache' from command line to 'False'
[0.288s] Level 5:colcon.colcon_core.verb:set package 'genetic_pkg' build argument 'cmake_clean_first' from command line to 'False'
[0.288s] Level 5:colcon.colcon_core.verb:set package 'genetic_pkg' build argument 'cmake_force_configure' from command line to 'False'
[0.288s] Level 5:colcon.colcon_core.verb:set package 'genetic_pkg' build argument 'ament_cmake_args' from command line to 'None'
[0.288s] Level 5:colcon.colcon_core.verb:set package 'genetic_pkg' build argument 'catkin_cmake_args' from command line to 'None'
[0.288s] Level 5:colcon.colcon_core.verb:set package 'genetic_pkg' build argument 'catkin_skip_building_tests' from command line to 'False'
[0.289s] DEBUG:colcon.colcon_core.verb:Building package 'genetic_pkg' with the following arguments: {'ament_cmake_args': None, 'build_base': '/home/robotica/ros2_ws/build/genetic_pkg', 'catkin_cmake_args': None, 'catkin_skip_building_tests': False, 'cmake_args': None, 'cmake_clean_cache': False, 'cmake_clean_first': False, 'cmake_force_configure': False, 'cmake_target': None, 'cmake_target_skip_unavailable': False, 'install_base': '/home/robotica/ros2_ws/install/genetic_pkg', 'merge_install': False, 'path': '/home/robotica/ros2_ws/src/genetic_pkg', 'symlink_install': False, 'test_result_base': None}
[0.289s] Level 5:colcon.colcon_core.verb:set package 'msgs_control' build argument 'cmake_args' from command line to 'None'
[0.289s] Level 5:colcon.colcon_core.verb:set package 'msgs_control' build argument 'cmake_target' from command line to 'None'
[0.289s] Level 5:colcon.colcon_core.verb:set package 'msgs_control' build argument 'cmake_target_skip_unavailable' from command line to 'False'
[0.289s] Level 5:colcon.colcon_core.verb:set package 'msgs_control' build argument 'cmake_clean_cache' from command line to 'False'
[0.289s] Level 5:colcon.colcon_core.verb:set package 'msgs_control' build argument 'cmake_clean_first' from command line to 'False'
[0.289s] Level 5:colcon.colcon_core.verb:set package 'msgs_control' build argument 'cmake_force_configure' from command line to 'False'
[0.289s] Level 5:colcon.colcon_core.verb:set package 'msgs_control' build argument 'ament_cmake_args' from command line to 'None'
[0.289s] Level 5:colcon.colcon_core.verb:set package 'msgs_control' build argument 'catkin_cmake_args' from command line to 'None'
[0.289s] Level 5:colcon.colcon_core.verb:set package 'msgs_control' build argument 'catkin_skip_building_tests' from command line to 'False'
[0.289s] DEBUG:colcon.colcon_core.verb:Building package 'msgs_control' with the following arguments: {'ament_cmake_args': None, 'build_base': '/home/robotica/ros2_ws/build/msgs_control', 'catkin_cmake_args': None, 'catkin_skip_building_tests': False, 'cmake_args': None, 'cmake_clean_cache': False, 'cmake_clean_first': False, 'cmake_force_configure': False, 'cmake_target': None, 'cmake_target_skip_unavailable': False, 'install_base': '/home/robotica/ros2_ws/install/msgs_control', 'merge_install': False, 'path': '/home/robotica/ros2_ws/src/msgs_control', 'symlink_install': False, 'test_result_base': None}
[0.290s] Level 5:colcon.colcon_core.verb:set package 'sim_pkg' build argument 'cmake_args' from command line to 'None'
[0.290s] Level 5:colcon.colcon_core.verb:set package 'sim_pkg' build argument 'cmake_target' from command line to 'None'
[0.290s] Level 5:colcon.colcon_core.verb:set package 'sim_pkg' build argument 'cmake_target_skip_unavailable' from command line to 'False'
[0.290s] Level 5:colcon.colcon_core.verb:set package 'sim_pkg' build argument 'cmake_clean_cache' from command line to 'False'
[0.290s] Level 5:colcon.colcon_core.verb:set package 'sim_pkg' build argument 'cmake_clean_first' from command line to 'False'
[0.290s] Level 5:colcon.colcon_core.verb:set package 'sim_pkg' build argument 'cmake_force_configure' from command line to 'False'
[0.290s] Level 5:colcon.colcon_core.verb:set package 'sim_pkg' build argument 'ament_cmake_args' from command line to 'None'
[0.290s] Level 5:colcon.colcon_core.verb:set package 'sim_pkg' build argument 'catkin_cmake_args' from command line to 'None'
[0.290s] Level 5:colcon.colcon_core.verb:set package 'sim_pkg' build argument 'catkin_skip_building_tests' from command line to 'False'
[0.290s] DEBUG:colcon.colcon_core.verb:Building package 'sim_pkg' with the following arguments: {'ament_cmake_args': None, 'build_base': '/home/robotica/ros2_ws/build/sim_pkg', 'catkin_cmake_args': None, 'catkin_skip_building_tests': False, 'cmake_args': None, 'cmake_clean_cache': False, 'cmake_clean_first': False, 'cmake_force_configure': False, 'cmake_target': None, 'cmake_target_skip_unavailable': False, 'install_base': '/home/robotica/ros2_ws/install/sim_pkg', 'merge_install': False, 'path': '/home/robotica/ros2_ws/src/sim_pkg', 'symlink_install': False, 'test_result_base': None}
[0.291s] INFO:colcon.colcon_core.executor:Executing jobs using 'parallel' executor
[0.295s] DEBUG:colcon.colcon_parallel_executor.executor.parallel:run_until_complete
[0.295s] INFO:colcon.colcon_ros.task.ament_python.build:Building ROS package in '/home/robotica/ros2_ws/src/genetic_pkg' with build type 'ament_python'
[0.295s] Level 1:colcon.colcon_core.shell:create_environment_hook('genetic_pkg', 'ament_prefix_path')
[0.300s] INFO:colcon.colcon_core.plugin_system:Skipping extension 'colcon_core.shell.bat': Not used on non-Windows systems
[0.300s] INFO:colcon.colcon_core.shell:Creating environment hook '/home/robotica/ros2_ws/install/genetic_pkg/share/genetic_pkg/hook/ament_prefix_path.ps1'
[0.301s] INFO:colcon.colcon_core.shell:Creating environment descriptor '/home/robotica/ros2_ws/install/genetic_pkg/share/genetic_pkg/hook/ament_prefix_path.dsv'
[0.302s] INFO:colcon.colcon_core.shell:Creating environment hook '/home/robotica/ros2_ws/install/genetic_pkg/share/genetic_pkg/hook/ament_prefix_path.sh'
[0.304s] INFO:colcon.colcon_core.shell:Skip shell extension 'powershell' for command environment: Not usable outside of PowerShell
[0.304s] DEBUG:colcon.colcon_core.shell:Skip shell extension 'dsv' for command environment
[0.310s] INFO:colcon.colcon_ros.task.ament_cmake.build:Building ROS package in '/home/robotica/ros2_ws/src/msgs_control' with build type 'ament_cmake'
[0.310s] INFO:colcon.colcon_cmake.task.cmake.build:Building CMake package in '/home/robotica/ros2_ws/src/msgs_control'
[0.311s] INFO:colcon.colcon_core.shell:Skip shell extension 'powershell' for command environment: Not usable outside of PowerShell
[0.312s] DEBUG:colcon.colcon_core.shell:Skip shell extension 'dsv' for command environment
[0.320s] INFO:colcon.colcon_ros.task.ament_python.build:Building ROS package in '/home/robotica/ros2_ws/src/sim_pkg' with build type 'ament_python'
[0.320s] Level 1:colcon.colcon_core.shell:create_environment_hook('sim_pkg', 'ament_prefix_path')
[0.322s] INFO:colcon.colcon_core.shell:Creating environment hook '/home/robotica/ros2_ws/install/sim_pkg/share/sim_pkg/hook/ament_prefix_path.ps1'
[0.324s] INFO:colcon.colcon_core.shell:Creating environment descriptor '/home/robotica/ros2_ws/install/sim_pkg/share/sim_pkg/hook/ament_prefix_path.dsv'
[0.325s] INFO:colcon.colcon_core.shell:Creating environment hook '/home/robotica/ros2_ws/install/sim_pkg/share/sim_pkg/hook/ament_prefix_path.sh'
[0.327s] INFO:colcon.colcon_core.shell:Skip shell extension 'powershell' for command environment: Not usable outside of PowerShell
[0.328s] DEBUG:colcon.colcon_core.shell:Skip shell extension 'dsv' for command environment
[0.559s] INFO:colcon.colcon_core.task.python.build:Building Python package in '/home/robotica/ros2_ws/src/genetic_pkg'
[0.563s] INFO:colcon.colcon_core.shell:Skip shell extension 'powershell' for command environment: Not usable outside of PowerShell
[0.563s] DEBUG:colcon.colcon_core.shell:Skip shell extension 'dsv' for command environment
[0.572s] DEBUG:colcon.colcon_core.event_handler.log_command:Invoking command in '/home/robotica/ros2_ws/build/msgs_control': CMAKE_PREFIX_PATH=${CMAKE_PREFIX_PATH}:/home/robotica/ros2_ws/install/sim_pkg:/home/robotica/ros2_ws/install/intro_pkg:/home/robotica/ros2_ws/install/genetic_pkg:/opt/ros/humble /usr/bin/cmake --build /home/robotica/ros2_ws/build/msgs_control -- -j4 -l4
[0.852s] INFO:colcon.colcon_core.task.python.build:Building Python package in '/home/robotica/ros2_ws/src/sim_pkg'
[0.853s] INFO:colcon.colcon_core.shell:Skip shell extension 'powershell' for command environment: Not usable outside of PowerShell
[0.853s] DEBUG:colcon.colcon_core.shell:Skip shell extension 'dsv' for command environment
[0.982s] DEBUG:colcon.colcon_core.event_handler.log_command:Invoked command in '/home/robotica/ros2_ws/build/msgs_control' returned '0': CMAKE_PREFIX_PATH=${CMAKE_PREFIX_PATH}:/home/robotica/ros2_ws/install/sim_pkg:/home/robotica/ros2_ws/install/intro_pkg:/home/robotica/ros2_ws/install/genetic_pkg:/opt/ros/humble /usr/bin/cmake --build /home/robotica/ros2_ws/build/msgs_control -- -j4 -l4
[1.158s] DEBUG:colcon.colcon_core.event_handler.log_command:Invoking command in '/home/robotica/ros2_ws/build/msgs_control': CMAKE_PREFIX_PATH=${CMAKE_PREFIX_PATH}:/home/robotica/ros2_ws/install/sim_pkg:/home/robotica/ros2_ws/install/intro_pkg:/home/robotica/ros2_ws/install/genetic_pkg:/opt/ros/humble /usr/bin/cmake --install /home/robotica/ros2_ws/build/msgs_control
[1.174s] DEBUG:colcon.colcon_core.event_handler.log_command:Invoking command in '/home/robotica/ros2_ws/src/genetic_pkg': PYTHONPATH=/home/robotica/ros2_ws/build/genetic_pkg/prefix_override:/home/robotica/ros2_ws/install/genetic_pkg/lib/python3.10/site-packages:${PYTHONPATH} /usr/bin/python3 setup.py egg_info --egg-base ../../build/genetic_pkg build --build-base /home/robotica/ros2_ws/build/genetic_pkg/build install --record /home/robotica/ros2_ws/build/genetic_pkg/install.log --single-version-externally-managed
[1.203s] DEBUG:colcon.colcon_core.event_handler.log_command:Invoking command in '/home/robotica/ros2_ws/src/sim_pkg': PYTHONPATH=/home/robotica/ros2_ws/build/sim_pkg/prefix_override:/home/robotica/ros2_ws/install/sim_pkg/lib/python3.10/site-packages:${PYTHONPATH} /usr/bin/python3 setup.py egg_info --egg-base ../../build/sim_pkg build --build-base /home/robotica/ros2_ws/build/sim_pkg/build install --record /home/robotica/ros2_ws/build/sim_pkg/install.log --single-version-externally-managed
[1.215s] Level 1:colcon.colcon_core.environment:create_environment_scripts_only(msgs_control)
[1.218s] Level 1:colcon.colcon_core.environment:checking '/home/robotica/ros2_ws/install/msgs_control' for CMake module files
[1.219s] Level 1:colcon.colcon_core.environment:checking '/home/robotica/ros2_ws/install/msgs_control' for CMake config files
[1.219s] Level 1:colcon.colcon_core.shell:create_environment_hook('msgs_control', 'cmake_prefix_path')
[1.220s] INFO:colcon.colcon_core.shell:Creating environment hook '/home/robotica/ros2_ws/install/msgs_control/share/msgs_control/hook/cmake_prefix_path.ps1'
[1.220s] INFO:colcon.colcon_core.shell:Creating environment descriptor '/home/robotica/ros2_ws/install/msgs_control/share/msgs_control/hook/cmake_prefix_path.dsv'
[1.221s] INFO:colcon.colcon_core.shell:Creating environment hook '/home/robotica/ros2_ws/install/msgs_control/share/msgs_control/hook/cmake_prefix_path.sh'
[1.222s] Level 1:colcon.colcon_core.environment:checking '/home/robotica/ros2_ws/install/msgs_control/lib'
[1.222s] Level 1:colcon.colcon_core.shell:create_environment_hook('msgs_control', 'ld_library_path_lib')
[1.223s] INFO:colcon.colcon_core.shell:Creating environment hook '/home/robotica/ros2_ws/install/msgs_control/share/msgs_control/hook/ld_library_path_lib.ps1'
[1.223s] INFO:colcon.colcon_core.shell:Creating environment descriptor '/home/robotica/ros2_ws/install/msgs_control/share/msgs_control/hook/ld_library_path_lib.dsv'
[1.223s] INFO:colcon.colcon_core.shell:Creating environment hook '/home/robotica/ros2_ws/install/msgs_control/share/msgs_control/hook/ld_library_path_lib.sh'
[1.224s] Level 1:colcon.colcon_core.environment:checking '/home/robotica/ros2_ws/install/msgs_control/bin'
[1.224s] Level 1:colcon.colcon_core.environment:checking '/home/robotica/ros2_ws/install/msgs_control/lib/pkgconfig/msgs_control.pc'
[1.224s] Level 1:colcon.colcon_core.environment:checking '/home/robotica/ros2_ws/install/msgs_control/lib/python3.10/site-packages'
[1.224s] Level 1:colcon.colcon_core.environment:checking '/home/robotica/ros2_ws/install/msgs_control/bin'
[1.225s] INFO:colcon.colcon_core.shell:Creating package script '/home/robotica/ros2_ws/install/msgs_control/share/msgs_control/package.ps1'
[1.226s] INFO:colcon.colcon_core.shell:Creating package descriptor '/home/robotica/ros2_ws/install/msgs_control/share/msgs_control/package.dsv'
[1.226s] INFO:colcon.colcon_core.shell:Creating package script '/home/robotica/ros2_ws/install/msgs_control/share/msgs_control/package.sh'
[1.227s] INFO:colcon.colcon_core.shell:Creating package script '/home/robotica/ros2_ws/install/msgs_control/share/msgs_control/package.bash'
[1.227s] INFO:colcon.colcon_core.shell:Creating package script '/home/robotica/ros2_ws/install/msgs_control/share/msgs_control/package.zsh'
[1.228s] Level 1:colcon.colcon_core.environment:create_file_with_runtime_dependencies(/home/robotica/ros2_ws/install/msgs_control/share/colcon-core/packages/msgs_control)
[1.229s] DEBUG:colcon.colcon_core.event_handler.log_command:Invoked command in '/home/robotica/ros2_ws/build/msgs_control' returned '0': CMAKE_PREFIX_PATH=${CMAKE_PREFIX_PATH}:/home/robotica/ros2_ws/install/sim_pkg:/home/robotica/ros2_ws/install/intro_pkg:/home/robotica/ros2_ws/install/genetic_pkg:/opt/ros/humble /usr/bin/cmake --install /home/robotica/ros2_ws/build/msgs_control
[1.351s] Level 1:colcon.colcon_core.environment:create_environment_scripts_only(msgs_control)
[1.352s] Level 1:colcon.colcon_core.environment:checking '/home/robotica/ros2_ws/install/msgs_control' for CMake module files
[1.352s] Level 1:colcon.colcon_core.environment:checking '/home/robotica/ros2_ws/install/msgs_control' for CMake config files
[1.352s] Level 1:colcon.colcon_core.shell:create_environment_hook('msgs_control', 'cmake_prefix_path')
[1.353s] INFO:colcon.colcon_core.shell:Creating environment hook '/home/robotica/ros2_ws/install/msgs_control/share/msgs_control/hook/cmake_prefix_path.ps1'
[1.354s] INFO:colcon.colcon_core.shell:Creating environment descriptor '/home/robotica/ros2_ws/install/msgs_control/share/msgs_control/hook/cmake_prefix_path.dsv'
[1.354s] INFO:colcon.colcon_core.shell:Creating environment hook '/home/robotica/ros2_ws/install/msgs_control/share/msgs_control/hook/cmake_prefix_path.sh'
[1.355s] Level 1:colcon.colcon_core.environment:checking '/home/robotica/ros2_ws/install/msgs_control/lib'
[1.355s] Level 1:colcon.colcon_core.shell:create_environment_hook('msgs_control', 'ld_library_path_lib')
[1.356s] INFO:colcon.colcon_core.shell:Creating environment hook '/home/robotica/ros2_ws/install/msgs_control/share/msgs_control/hook/ld_library_path_lib.ps1'
[1.356s] INFO:colcon.colcon_core.shell:Creating environment descriptor '/home/robotica/ros2_ws/install/msgs_control/share/msgs_control/hook/ld_library_path_lib.dsv'
[1.356s] INFO:colcon.colcon_core.shell:Creating environment hook '/home/robotica/ros2_ws/install/msgs_control/share/msgs_control/hook/ld_library_path_lib.sh'
[1.357s] Level 1:colcon.colcon_core.environment:checking '/home/robotica/ros2_ws/install/msgs_control/bin'
[1.357s] Level 1:colcon.colcon_core.environment:checking '/home/robotica/ros2_ws/install/msgs_control/lib/pkgconfig/msgs_control.pc'
[1.357s] Level 1:colcon.colcon_core.environment:checking '/home/robotica/ros2_ws/install/msgs_control/lib/python3.10/site-packages'
[1.357s] Level 1:colcon.colcon_core.environment:checking '/home/robotica/ros2_ws/install/msgs_control/bin'
[1.358s] INFO:colcon.colcon_core.shell:Creating package script '/home/robotica/ros2_ws/install/msgs_control/share/msgs_control/package.ps1'
[1.358s] INFO:colcon.colcon_core.shell:Creating package descriptor '/home/robotica/ros2_ws/install/msgs_control/share/msgs_control/package.dsv'
[1.359s] INFO:colcon.colcon_core.shell:Creating package script '/home/robotica/ros2_ws/install/msgs_control/share/msgs_control/package.sh'
[1.359s] INFO:colcon.colcon_core.shell:Creating package script '/home/robotica/ros2_ws/install/msgs_control/share/msgs_control/package.bash'
[1.360s] INFO:colcon.colcon_core.shell:Creating package script '/home/robotica/ros2_ws/install/msgs_control/share/msgs_control/package.zsh'
[1.360s] Level 1:colcon.colcon_core.environment:create_file_with_runtime_dependencies(/home/robotica/ros2_ws/install/msgs_control/share/colcon-core/packages/msgs_control)
[1.440s] Level 1:colcon.colcon_core.environment:checking '/home/robotica/ros2_ws/install/genetic_pkg' for CMake module files
[1.441s] DEBUG:colcon.colcon_core.event_handler.log_command:Invoked command in '/home/robotica/ros2_ws/src/genetic_pkg' returned '0': PYTHONPATH=/home/robotica/ros2_ws/build/genetic_pkg/prefix_override:/home/robotica/ros2_ws/install/genetic_pkg/lib/python3.10/site-packages:${PYTHONPATH} /usr/bin/python3 setup.py egg_info --egg-base ../../build/genetic_pkg build --build-base /home/robotica/ros2_ws/build/genetic_pkg/build install --record /home/robotica/ros2_ws/build/genetic_pkg/install.log --single-version-externally-managed
[1.441s] Level 1:colcon.colcon_core.environment:checking '/home/robotica/ros2_ws/install/genetic_pkg' for CMake config files
[1.441s] Level 1:colcon.colcon_core.environment:checking '/home/robotica/ros2_ws/install/genetic_pkg/lib'
[1.442s] Level 1:colcon.colcon_core.environment:checking '/home/robotica/ros2_ws/install/genetic_pkg/bin'
[1.442s] Level 1:colcon.colcon_core.environment:checking '/home/robotica/ros2_ws/install/genetic_pkg/lib/pkgconfig/genetic_pkg.pc'
[1.442s] Level 1:colcon.colcon_core.environment:checking '/home/robotica/ros2_ws/install/genetic_pkg/lib/python3.10/site-packages'
[1.442s] Level 1:colcon.colcon_core.shell:create_environment_hook('genetic_pkg', 'pythonpath')
[1.443s] INFO:colcon.colcon_core.shell:Creating environment hook '/home/robotica/ros2_ws/install/genetic_pkg/share/genetic_pkg/hook/pythonpath.ps1'
[1.444s] INFO:colcon.colcon_core.shell:Creating environment descriptor '/home/robotica/ros2_ws/install/genetic_pkg/share/genetic_pkg/hook/pythonpath.dsv'
[1.446s] INFO:colcon.colcon_core.shell:Creating environment hook '/home/robotica/ros2_ws/install/genetic_pkg/share/genetic_pkg/hook/pythonpath.sh'
[1.447s] Level 1:colcon.colcon_core.environment:checking '/home/robotica/ros2_ws/install/genetic_pkg/bin'
[1.447s] Level 1:colcon.colcon_core.environment:create_environment_scripts_only(genetic_pkg)
[1.448s] INFO:colcon.colcon_core.shell:Creating package script '/home/robotica/ros2_ws/install/genetic_pkg/share/genetic_pkg/package.ps1'
[1.449s] INFO:colcon.colcon_core.shell:Creating package descriptor '/home/robotica/ros2_ws/install/genetic_pkg/share/genetic_pkg/package.dsv'
[1.449s] INFO:colcon.colcon_core.shell:Creating package script '/home/robotica/ros2_ws/install/genetic_pkg/share/genetic_pkg/package.sh'
[1.450s] INFO:colcon.colcon_core.shell:Creating package script '/home/robotica/ros2_ws/install/genetic_pkg/share/genetic_pkg/package.bash'
[1.451s] INFO:colcon.colcon_core.shell:Creating package script '/home/robotica/ros2_ws/install/genetic_pkg/share/genetic_pkg/package.zsh'
[1.452s] Level 1:colcon.colcon_core.environment:create_file_with_runtime_dependencies(/home/robotica/ros2_ws/install/genetic_pkg/share/colcon-core/packages/genetic_pkg)
[1.456s] Level 1:colcon.colcon_core.environment:checking '/home/robotica/ros2_ws/install/sim_pkg' for CMake module files
[1.457s] Level 1:colcon.colcon_core.environment:checking '/home/robotica/ros2_ws/install/sim_pkg' for CMake config files
[1.459s] DEBUG:colcon.colcon_core.event_handler.log_command:Invoked command in '/home/robotica/ros2_ws/src/sim_pkg' returned '0': PYTHONPATH=/home/robotica/ros2_ws/build/sim_pkg/prefix_override:/home/robotica/ros2_ws/install/sim_pkg/lib/python3.10/site-packages:${PYTHONPATH} /usr/bin/python3 setup.py egg_info --egg-base ../../build/sim_pkg build --build-base /home/robotica/ros2_ws/build/sim_pkg/build install --record /home/robotica/ros2_ws/build/sim_pkg/install.log --single-version-externally-managed
[1.459s] Level 1:colcon.colcon_core.environment:checking '/home/robotica/ros2_ws/install/sim_pkg/lib'
[1.459s] Level 1:colcon.colcon_core.environment:checking '/home/robotica/ros2_ws/install/sim_pkg/bin'
[1.459s] Level 1:colcon.colcon_core.environment:checking '/home/robotica/ros2_ws/install/sim_pkg/lib/pkgconfig/sim_pkg.pc'
[1.459s] Level 1:colcon.colcon_core.environment:checking '/home/robotica/ros2_ws/install/sim_pkg/lib/python3.10/site-packages'
[1.459s] Level 1:colcon.colcon_core.shell:create_environment_hook('sim_pkg', 'pythonpath')
[1.460s] INFO:colcon.colcon_core.shell:Creating environment hook '/home/robotica/ros2_ws/install/sim_pkg/share/sim_pkg/hook/pythonpath.ps1'
[1.461s] INFO:colcon.colcon_core.shell:Creating environment descriptor '/home/robotica/ros2_ws/install/sim_pkg/share/sim_pkg/hook/pythonpath.dsv'
[1.462s] INFO:colcon.colcon_core.shell:Creating environment hook '/home/robotica/ros2_ws/install/sim_pkg/share/sim_pkg/hook/pythonpath.sh'
[1.463s] Level 1:colcon.colcon_core.environment:checking '/home/robotica/ros2_ws/install/sim_pkg/bin'
[1.463s] Level 1:colcon.colcon_core.environment:create_environment_scripts_only(sim_pkg)
[1.464s] INFO:colcon.colcon_core.shell:Creating package script '/home/robotica/ros2_ws/install/sim_pkg/share/sim_pkg/package.ps1'
[1.465s] INFO:colcon.colcon_core.shell:Creating package descriptor '/home/robotica/ros2_ws/install/sim_pkg/share/sim_pkg/package.dsv'
[1.465s] INFO:colcon.colcon_core.shell:Creating package script '/home/robotica/ros2_ws/install/sim_pkg/share/sim_pkg/package.sh'
[1.466s] INFO:colcon.colcon_core.shell:Creating package script '/home/robotica/ros2_ws/install/sim_pkg/share/sim_pkg/package.bash'
[1.467s] INFO:colcon.colcon_core.shell:Creating package script '/home/robotica/ros2_ws/install/sim_pkg/share/sim_pkg/package.zsh'
[1.467s] Level 1:colcon.colcon_core.environment:create_file_with_runtime_dependencies(/home/robotica/ros2_ws/install/sim_pkg/share/colcon-core/packages/sim_pkg)
[1.468s] DEBUG:colcon.colcon_parallel_executor.executor.parallel:closing loop
[1.468s] DEBUG:colcon.colcon_parallel_executor.executor.parallel:loop closed
[1.468s] DEBUG:colcon.colcon_parallel_executor.executor.parallel:run_until_complete finished with '0'
[1.468s] DEBUG:colcon.colcon_core.event_reactor:joining thread
[1.484s] INFO:colcon.colcon_core.plugin_system:Skipping extension 'colcon_notification.desktop_notification.terminal_notifier': Not used on non-Darwin systems
[1.484s] INFO:colcon.colcon_core.plugin_system:Skipping extension 'colcon_notification.desktop_notification.win32': Not used on non-Windows systems
[1.484s] INFO:colcon.colcon_notification.desktop_notification:Sending desktop notification using 'notify2'
[1.507s] DEBUG:colcon.colcon_core.event_reactor:joined thread
[1.509s] INFO:colcon.colcon_core.shell:Creating prefix script '/home/robotica/ros2_ws/install/local_setup.ps1'
[1.510s] INFO:colcon.colcon_core.shell:Creating prefix util module '/home/robotica/ros2_ws/install/_local_setup_util_ps1.py'
[1.511s] INFO:colcon.colcon_core.shell:Creating prefix chain script '/home/robotica/ros2_ws/install/setup.ps1'
[1.512s] INFO:colcon.colcon_core.shell:Creating prefix script '/home/robotica/ros2_ws/install/local_setup.sh'
[1.513s] INFO:colcon.colcon_core.shell:Creating prefix util module '/home/robotica/ros2_ws/install/_local_setup_util_sh.py'
[1.514s] INFO:colcon.colcon_core.shell:Creating prefix chain script '/home/robotica/ros2_ws/install/setup.sh'
[1.515s] INFO:colcon.colcon_core.shell:Creating prefix script '/home/robotica/ros2_ws/install/local_setup.bash'
[1.516s] INFO:colcon.colcon_core.shell:Creating prefix chain script '/home/robotica/ros2_ws/install/setup.bash'
[1.517s] INFO:colcon.colcon_core.shell:Creating prefix script '/home/robotica/ros2_ws/install/local_setup.zsh'
[1.517s] INFO:colcon.colcon_core.shell:Creating prefix chain script '/home/robotica/ros2_ws/install/setup.zsh'
