running develop
Removing /home/robotica/ros2_ws/install/intro_pkg/lib/python3.10/site-packages/intro-pkg.egg-link (link to .)
running egg_info
writing ../../build/intro_pkg/intro_pkg.egg-info/PKG-INFO
writing dependency_links to ../../build/intro_pkg/intro_pkg.egg-info/dependency_links.txt
writing entry points to ../../build/intro_pkg/intro_pkg.egg-info/entry_points.txt
writing requirements to ../../build/intro_pkg/intro_pkg.egg-info/requires.txt
writing top-level names to ../../build/intro_pkg/intro_pkg.egg-info/top_level.txt
reading manifest file '../../build/intro_pkg/intro_pkg.egg-info/SOURCES.txt'
writing manifest file '../../build/intro_pkg/intro_pkg.egg-info/SOURCES.txt'
running build
running build_py
creating /home/robotica/ros2_ws/build/intro_pkg/build
creating /home/robotica/ros2_ws/build/intro_pkg/build/lib
creating /home/robotica/ros2_ws/build/intro_pkg/build/lib/intro_pkg
copying intro_pkg/__init__.py -> /home/robotica/ros2_ws/build/intro_pkg/build/lib/intro_pkg
copying intro_pkg/timer_node.py -> /home/robotica/ros2_ws/build/intro_pkg/build/lib/intro_pkg
copying intro_pkg/pub_node.py -> /home/robotica/ros2_ws/build/intro_pkg/build/lib/intro_pkg
copying intro_pkg/sub_node.py -> /home/robotica/ros2_ws/build/intro_pkg/build/lib/intro_pkg
copying intro_pkg/init_node.py -> /home/robotica/ros2_ws/build/intro_pkg/build/lib/intro_pkg
running install
running install_lib
creating /home/robotica/ros2_ws/install/intro_pkg/lib/python3.10/site-packages/intro_pkg
copying /home/robotica/ros2_ws/build/intro_pkg/build/lib/intro_pkg/__init__.py -> /home/robotica/ros2_ws/install/intro_pkg/lib/python3.10/site-packages/intro_pkg
copying /home/robotica/ros2_ws/build/intro_pkg/build/lib/intro_pkg/timer_node.py -> /home/robotica/ros2_ws/install/intro_pkg/lib/python3.10/site-packages/intro_pkg
copying /home/robotica/ros2_ws/build/intro_pkg/build/lib/intro_pkg/pub_node.py -> /home/robotica/ros2_ws/install/intro_pkg/lib/python3.10/site-packages/intro_pkg
copying /home/robotica/ros2_ws/build/intro_pkg/build/lib/intro_pkg/sub_node.py -> /home/robotica/ros2_ws/install/intro_pkg/lib/python3.10/site-packages/intro_pkg
copying /home/robotica/ros2_ws/build/intro_pkg/build/lib/intro_pkg/init_node.py -> /home/robotica/ros2_ws/install/intro_pkg/lib/python3.10/site-packages/intro_pkg
byte-compiling /home/robotica/ros2_ws/install/intro_pkg/lib/python3.10/site-packages/intro_pkg/__init__.py to __init__.cpython-310.pyc
byte-compiling /home/robotica/ros2_ws/install/intro_pkg/lib/python3.10/site-packages/intro_pkg/timer_node.py to timer_node.cpython-310.pyc
byte-compiling /home/robotica/ros2_ws/install/intro_pkg/lib/python3.10/site-packages/intro_pkg/pub_node.py to pub_node.cpython-310.pyc
byte-compiling /home/robotica/ros2_ws/install/intro_pkg/lib/python3.10/site-packages/intro_pkg/sub_node.py to sub_node.cpython-310.pyc
byte-compiling /home/robotica/ros2_ws/install/intro_pkg/lib/python3.10/site-packages/intro_pkg/init_node.py to init_node.cpython-310.pyc
running install_data
running install_egg_info
Copying ../../build/intro_pkg/intro_pkg.egg-info to /home/robotica/ros2_ws/install/intro_pkg/lib/python3.10/site-packages/intro_pkg-0.0.0-py3.10.egg-info
running install_scripts
Installing hello script to /home/robotica/ros2_ws/install/intro_pkg/lib/intro_pkg
Installing pub_node script to /home/robotica/ros2_ws/install/intro_pkg/lib/intro_pkg
Installing sub_node script to /home/robotica/ros2_ws/install/intro_pkg/lib/intro_pkg
Installing timer script to /home/robotica/ros2_ws/install/intro_pkg/lib/intro_pkg
writing list of installed files to '/home/robotica/ros2_ws/build/intro_pkg/install.log'
