[0.750s] Invoking command in '/home/robotica/ros2_ws/build/intro_pkg': PYTHONPATH=/home/robotica/ros2_ws/build/intro_pkg/prefix_override:/home/robotica/ros2_ws/install/intro_pkg/lib/python3.10/site-packages:${PYTHONPATH} /usr/bin/python3 setup.py develop --uninstall --editable --build-directory /home/robotica/ros2_ws/build/intro_pkg/build
[0.953s] running develop
[1.074s] Removing /home/robotica/ros2_ws/install/intro_pkg/lib/python3.10/site-packages/intro-pkg.egg-link (link to .)
[1.109s] Invoked command in '/home/robotica/ros2_ws/build/intro_pkg' returned '0': PYTHONPATH=/home/robotica/ros2_ws/build/intro_pkg/prefix_override:/home/robotica/ros2_ws/install/intro_pkg/lib/python3.10/site-packages:${PYTHONPATH} /usr/bin/python3 setup.py develop --uninstall --editable --build-directory /home/robotica/ros2_ws/build/intro_pkg/build
[1.109s] Invoking command in '/home/robotica/ros2_ws/src/intro_pkg': PYTHONPATH=/home/robotica/ros2_ws/build/intro_pkg/prefix_override:/home/robotica/ros2_ws/install/intro_pkg/lib/python3.10/site-packages:${PYTHONPATH} /usr/bin/python3 setup.py egg_info --egg-base ../../build/intro_pkg build --build-base /home/robotica/ros2_ws/build/intro_pkg/build install --record /home/robotica/ros2_ws/build/intro_pkg/install.log --single-version-externally-managed
[1.285s] running egg_info
[1.285s] writing ../../build/intro_pkg/intro_pkg.egg-info/PKG-INFO
[1.285s] writing dependency_links to ../../build/intro_pkg/intro_pkg.egg-info/dependency_links.txt
[1.285s] writing entry points to ../../build/intro_pkg/intro_pkg.egg-info/entry_points.txt
[1.286s] writing requirements to ../../build/intro_pkg/intro_pkg.egg-info/requires.txt
[1.286s] writing top-level names to ../../build/intro_pkg/intro_pkg.egg-info/top_level.txt
[1.299s] reading manifest file '../../build/intro_pkg/intro_pkg.egg-info/SOURCES.txt'
[1.301s] writing manifest file '../../build/intro_pkg/intro_pkg.egg-info/SOURCES.txt'
[1.301s] running build
[1.302s] running build_py
[1.302s] creating /home/robotica/ros2_ws/build/intro_pkg/build
[1.302s] creating /home/robotica/ros2_ws/build/intro_pkg/build/lib
[1.302s] creating /home/robotica/ros2_ws/build/intro_pkg/build/lib/intro_pkg
[1.302s] copying intro_pkg/__init__.py -> /home/robotica/ros2_ws/build/intro_pkg/build/lib/intro_pkg
[1.302s] copying intro_pkg/timer_node.py -> /home/robotica/ros2_ws/build/intro_pkg/build/lib/intro_pkg
[1.304s] copying intro_pkg/pub_node.py -> /home/robotica/ros2_ws/build/intro_pkg/build/lib/intro_pkg
[1.305s] copying intro_pkg/sub_node.py -> /home/robotica/ros2_ws/build/intro_pkg/build/lib/intro_pkg
[1.306s] copying intro_pkg/init_node.py -> /home/robotica/ros2_ws/build/intro_pkg/build/lib/intro_pkg
[1.307s] running install
[1.308s] running install_lib
[1.308s] creating /home/robotica/ros2_ws/install/intro_pkg/lib/python3.10/site-packages/intro_pkg
[1.308s] copying /home/robotica/ros2_ws/build/intro_pkg/build/lib/intro_pkg/__init__.py -> /home/robotica/ros2_ws/install/intro_pkg/lib/python3.10/site-packages/intro_pkg
[1.308s] copying /home/robotica/ros2_ws/build/intro_pkg/build/lib/intro_pkg/timer_node.py -> /home/robotica/ros2_ws/install/intro_pkg/lib/python3.10/site-packages/intro_pkg
[1.308s] copying /home/robotica/ros2_ws/build/intro_pkg/build/lib/intro_pkg/pub_node.py -> /home/robotica/ros2_ws/install/intro_pkg/lib/python3.10/site-packages/intro_pkg
[1.308s] copying /home/robotica/ros2_ws/build/intro_pkg/build/lib/intro_pkg/sub_node.py -> /home/robotica/ros2_ws/install/intro_pkg/lib/python3.10/site-packages/intro_pkg
[1.309s] copying /home/robotica/ros2_ws/build/intro_pkg/build/lib/intro_pkg/init_node.py -> /home/robotica/ros2_ws/install/intro_pkg/lib/python3.10/site-packages/intro_pkg
[1.309s] byte-compiling /home/robotica/ros2_ws/install/intro_pkg/lib/python3.10/site-packages/intro_pkg/__init__.py to __init__.cpython-310.pyc
[1.309s] byte-compiling /home/robotica/ros2_ws/install/intro_pkg/lib/python3.10/site-packages/intro_pkg/timer_node.py to timer_node.cpython-310.pyc
[1.310s] byte-compiling /home/robotica/ros2_ws/install/intro_pkg/lib/python3.10/site-packages/intro_pkg/pub_node.py to pub_node.cpython-310.pyc
[1.310s] byte-compiling /home/robotica/ros2_ws/install/intro_pkg/lib/python3.10/site-packages/intro_pkg/sub_node.py to sub_node.cpython-310.pyc
[1.310s] byte-compiling /home/robotica/ros2_ws/install/intro_pkg/lib/python3.10/site-packages/intro_pkg/init_node.py to init_node.cpython-310.pyc
[1.311s] running install_data
[1.313s] running install_egg_info
[1.314s] Copying ../../build/intro_pkg/intro_pkg.egg-info to /home/robotica/ros2_ws/install/intro_pkg/lib/python3.10/site-packages/intro_pkg-0.0.0-py3.10.egg-info
[1.318s] running install_scripts
[1.338s] Installing hello script to /home/robotica/ros2_ws/install/intro_pkg/lib/intro_pkg
[1.338s] Installing pub_node script to /home/robotica/ros2_ws/install/intro_pkg/lib/intro_pkg
[1.338s] Installing sub_node script to /home/robotica/ros2_ws/install/intro_pkg/lib/intro_pkg
[1.338s] Installing timer script to /home/robotica/ros2_ws/install/intro_pkg/lib/intro_pkg
[1.339s] writing list of installed files to '/home/robotica/ros2_ws/build/intro_pkg/install.log'
[1.358s] Invoked command in '/home/robotica/ros2_ws/src/intro_pkg' returned '0': PYTHONPATH=/home/robotica/ros2_ws/build/intro_pkg/prefix_override:/home/robotica/ros2_ws/install/intro_pkg/lib/python3.10/site-packages:${PYTHONPATH} /usr/bin/python3 setup.py egg_info --egg-base ../../build/intro_pkg build --build-base /home/robotica/ros2_ws/build/intro_pkg/build install --record /home/robotica/ros2_ws/build/intro_pkg/install.log --single-version-externally-managed
