[0.265s] Invoking command in '/home/robotica/ros2_ws/build/msgs_control': CMAKE_PREFIX_PATH=${CMAKE_PREFIX_PATH}:/home/robotica/ros2_ws/install/sim_pkg:/home/robotica/ros2_ws/install/intro_pkg:/home/robotica/ros2_ws/install/genetic_pkg:/opt/ros/humble /usr/bin/cmake --build /home/robotica/ros2_ws/build/msgs_control -- -j4 -l4
[0.313s] [  9%] Built target msgs_control__rosidl_generator_c
[0.319s] [ 12%] Built target msgs_control__cpp
[0.326s] [ 12%] Built target ament_cmake_python_copy_msgs_control
[0.342s] [ 22%] Built target msgs_control__rosidl_typesupport_introspection_c
[0.345s] [ 32%] Built target msgs_control__rosidl_typesupport_fastrtps_c
[0.362s] [ 41%] Built target msgs_control__rosidl_typesupport_c
[0.363s] [ 51%] Built target msgs_control__rosidl_typesupport_fastrtps_cpp
[0.375s] [ 70%] Built target msgs_control__rosidl_typesupport_cpp
[0.375s] [ 70%] Built target msgs_control__rosidl_typesupport_introspection_cpp
[0.398s] [ 70%] Built target msgs_control
[0.421s] [ 74%] Built target msgs_control__py
[0.445s] [ 80%] Built target msgs_control__rosidl_generator_py
[0.470s] [ 87%] Built target msgs_control__rosidl_typesupport_fastrtps_c__pyext
[0.475s] [ 93%] Built target msgs_control__rosidl_typesupport_introspection_c__pyext
[0.484s] [100%] Built target msgs_control__rosidl_typesupport_c__pyext
[0.561s] running egg_info
[0.562s] writing msgs_control.egg-info/PKG-INFO
[0.563s] writing dependency_links to msgs_control.egg-info/dependency_links.txt
[0.565s] writing top-level names to msgs_control.egg-info/top_level.txt
[0.568s] reading manifest file 'msgs_control.egg-info/SOURCES.txt'
[0.570s] writing manifest file 'msgs_control.egg-info/SOURCES.txt'
[0.597s] [100%] Built target ament_cmake_python_build_msgs_control_egg
[0.614s] Invoked command in '/home/robotica/ros2_ws/build/msgs_control' returned '0': CMAKE_PREFIX_PATH=${CMAKE_PREFIX_PATH}:/home/robotica/ros2_ws/install/sim_pkg:/home/robotica/ros2_ws/install/intro_pkg:/home/robotica/ros2_ws/install/genetic_pkg:/opt/ros/humble /usr/bin/cmake --build /home/robotica/ros2_ws/build/msgs_control -- -j4 -l4
[0.762s] Invoking command in '/home/robotica/ros2_ws/build/msgs_control': CMAKE_PREFIX_PATH=${CMAKE_PREFIX_PATH}:/home/robotica/ros2_ws/install/sim_pkg:/home/robotica/ros2_ws/install/intro_pkg:/home/robotica/ros2_ws/install/genetic_pkg:/opt/ros/humble /usr/bin/cmake --install /home/robotica/ros2_ws/build/msgs_control
[0.773s] -- Install configuration: ""
[0.773s] -- Up-to-date: /home/robotica/ros2_ws/install/msgs_control/share/ament_index/resource_index/rosidl_interfaces/msgs_control
[0.773s] -- Up-to-date: /home/robotica/ros2_ws/install/msgs_control/include/msgs_control/msgs_control
[0.774s] -- Up-to-date: /home/robotica/ros2_ws/install/msgs_control/include/msgs_control/msgs_control/srv
[0.774s] -- Up-to-date: /home/robotica/ros2_ws/install/msgs_control/include/msgs_control/msgs_control/srv/detail
[0.774s] -- Up-to-date: /home/robotica/ros2_ws/install/msgs_control/include/msgs_control/msgs_control/srv/detail/sim_pid__functions.c
[0.774s] -- Up-to-date: /home/robotica/ros2_ws/install/msgs_control/include/msgs_control/msgs_control/srv/detail/sim_pid__type_support.h
[0.774s] -- Up-to-date: /home/robotica/ros2_ws/install/msgs_control/include/msgs_control/msgs_control/srv/detail/sim_pid__struct.h
[0.774s] -- Up-to-date: /home/robotica/ros2_ws/install/msgs_control/include/msgs_control/msgs_control/srv/detail/sim_pid__functions.h
[0.774s] -- Up-to-date: /home/robotica/ros2_ws/install/msgs_control/include/msgs_control/msgs_control/srv/sim_pid.h
[0.774s] -- Up-to-date: /home/robotica/ros2_ws/install/msgs_control/include/msgs_control/msgs_control/msg
[0.775s] -- Up-to-date: /home/robotica/ros2_ws/install/msgs_control/include/msgs_control/msgs_control/msg/rosidl_generator_c__visibility_control.h
[0.775s] -- Up-to-date: /home/robotica/ros2_ws/install/msgs_control/share/msgs_control/environment/library_path.sh
[0.775s] -- Up-to-date: /home/robotica/ros2_ws/install/msgs_control/share/msgs_control/environment/library_path.dsv
[0.776s] -- Up-to-date: /home/robotica/ros2_ws/install/msgs_control/lib/libmsgs_control__rosidl_generator_c.so
[0.776s] -- Up-to-date: /home/robotica/ros2_ws/install/msgs_control/include/msgs_control/msgs_control
[0.776s] -- Up-to-date: /home/robotica/ros2_ws/install/msgs_control/include/msgs_control/msgs_control/srv
[0.776s] -- Up-to-date: /home/robotica/ros2_ws/install/msgs_control/include/msgs_control/msgs_control/srv/detail
[0.777s] -- Up-to-date: /home/robotica/ros2_ws/install/msgs_control/include/msgs_control/msgs_control/srv/detail/sim_pid__rosidl_typesupport_fastrtps_c.h
[0.777s] -- Up-to-date: /home/robotica/ros2_ws/install/msgs_control/include/msgs_control/msgs_control/msg
[0.777s] -- Up-to-date: /home/robotica/ros2_ws/install/msgs_control/include/msgs_control/msgs_control/msg/rosidl_typesupport_fastrtps_c__visibility_control.h
[0.778s] -- Up-to-date: /home/robotica/ros2_ws/install/msgs_control/lib/libmsgs_control__rosidl_typesupport_fastrtps_c.so
[0.778s] -- Up-to-date: /home/robotica/ros2_ws/install/msgs_control/include/msgs_control/msgs_control
[0.778s] -- Up-to-date: /home/robotica/ros2_ws/install/msgs_control/include/msgs_control/msgs_control/srv
[0.778s] -- Up-to-date: /home/robotica/ros2_ws/install/msgs_control/include/msgs_control/msgs_control/srv/detail
[0.779s] -- Up-to-date: /home/robotica/ros2_ws/install/msgs_control/include/msgs_control/msgs_control/srv/detail/sim_pid__type_support.c
[0.779s] -- Up-to-date: /home/robotica/ros2_ws/install/msgs_control/include/msgs_control/msgs_control/srv/detail/sim_pid__rosidl_typesupport_introspection_c.h
[0.779s] -- Up-to-date: /home/robotica/ros2_ws/install/msgs_control/include/msgs_control/msgs_control/msg
[0.780s] -- Up-to-date: /home/robotica/ros2_ws/install/msgs_control/include/msgs_control/msgs_control/msg/rosidl_typesupport_introspection_c__visibility_control.h
[0.780s] -- Up-to-date: /home/robotica/ros2_ws/install/msgs_control/lib/libmsgs_control__rosidl_typesupport_introspection_c.so
[0.780s] -- Up-to-date: /home/robotica/ros2_ws/install/msgs_control/lib/libmsgs_control__rosidl_typesupport_c.so
[0.781s] -- Up-to-date: /home/robotica/ros2_ws/install/msgs_control/include/msgs_control/msgs_control
[0.781s] -- Up-to-date: /home/robotica/ros2_ws/install/msgs_control/include/msgs_control/msgs_control/srv
[0.781s] -- Up-to-date: /home/robotica/ros2_ws/install/msgs_control/include/msgs_control/msgs_control/srv/detail
[0.781s] -- Up-to-date: /home/robotica/ros2_ws/install/msgs_control/include/msgs_control/msgs_control/srv/detail/sim_pid__builder.hpp
[0.781s] -- Up-to-date: /home/robotica/ros2_ws/install/msgs_control/include/msgs_control/msgs_control/srv/detail/sim_pid__struct.hpp
[0.781s] -- Up-to-date: /home/robotica/ros2_ws/install/msgs_control/include/msgs_control/msgs_control/srv/detail/sim_pid__traits.hpp
[0.781s] -- Up-to-date: /home/robotica/ros2_ws/install/msgs_control/include/msgs_control/msgs_control/srv/sim_pid.hpp
[0.782s] -- Up-to-date: /home/robotica/ros2_ws/install/msgs_control/include/msgs_control/msgs_control
[0.782s] -- Up-to-date: /home/robotica/ros2_ws/install/msgs_control/include/msgs_control/msgs_control/srv
[0.782s] -- Up-to-date: /home/robotica/ros2_ws/install/msgs_control/include/msgs_control/msgs_control/srv/detail
[0.782s] -- Up-to-date: /home/robotica/ros2_ws/install/msgs_control/include/msgs_control/msgs_control/srv/detail/dds_fastrtps
[0.782s] -- Up-to-date: /home/robotica/ros2_ws/install/msgs_control/include/msgs_control/msgs_control/srv/detail/sim_pid__rosidl_typesupport_fastrtps_cpp.hpp
[0.782s] -- Up-to-date: /home/robotica/ros2_ws/install/msgs_control/include/msgs_control/msgs_control/msg
[0.783s] -- Up-to-date: /home/robotica/ros2_ws/install/msgs_control/include/msgs_control/msgs_control/msg/rosidl_typesupport_fastrtps_cpp__visibility_control.h
[0.783s] -- Up-to-date: /home/robotica/ros2_ws/install/msgs_control/lib/libmsgs_control__rosidl_typesupport_fastrtps_cpp.so
[0.783s] -- Up-to-date: /home/robotica/ros2_ws/install/msgs_control/include/msgs_control/msgs_control
[0.783s] -- Up-to-date: /home/robotica/ros2_ws/install/msgs_control/include/msgs_control/msgs_control/srv
[0.783s] -- Up-to-date: /home/robotica/ros2_ws/install/msgs_control/include/msgs_control/msgs_control/srv/detail
[0.783s] -- Up-to-date: /home/robotica/ros2_ws/install/msgs_control/include/msgs_control/msgs_control/srv/detail/sim_pid__type_support.cpp
[0.783s] -- Up-to-date: /home/robotica/ros2_ws/install/msgs_control/include/msgs_control/msgs_control/srv/detail/sim_pid__rosidl_typesupport_introspection_cpp.hpp
[0.784s] -- Up-to-date: /home/robotica/ros2_ws/install/msgs_control/lib/libmsgs_control__rosidl_typesupport_introspection_cpp.so
[0.784s] -- Up-to-date: /home/robotica/ros2_ws/install/msgs_control/lib/libmsgs_control__rosidl_typesupport_cpp.so
[0.785s] -- Up-to-date: /home/robotica/ros2_ws/install/msgs_control/share/msgs_control/environment/pythonpath.sh
[0.785s] -- Up-to-date: /home/robotica/ros2_ws/install/msgs_control/share/msgs_control/environment/pythonpath.dsv
[0.785s] -- Up-to-date: /home/robotica/ros2_ws/install/msgs_control/local/lib/python3.10/dist-packages/msgs_control-0.0.0-py3.10.egg-info
[0.785s] -- Installing: /home/robotica/ros2_ws/install/msgs_control/local/lib/python3.10/dist-packages/msgs_control-0.0.0-py3.10.egg-info/SOURCES.txt
[0.785s] -- Installing: /home/robotica/ros2_ws/install/msgs_control/local/lib/python3.10/dist-packages/msgs_control-0.0.0-py3.10.egg-info/PKG-INFO
[0.785s] -- Installing: /home/robotica/ros2_ws/install/msgs_control/local/lib/python3.10/dist-packages/msgs_control-0.0.0-py3.10.egg-info/top_level.txt
[0.786s] -- Installing: /home/robotica/ros2_ws/install/msgs_control/local/lib/python3.10/dist-packages/msgs_control-0.0.0-py3.10.egg-info/dependency_links.txt
[0.786s] -- Up-to-date: /home/robotica/ros2_ws/install/msgs_control/local/lib/python3.10/dist-packages/msgs_control
[0.786s] -- Up-to-date: /home/robotica/ros2_ws/install/msgs_control/local/lib/python3.10/dist-packages/msgs_control/__init__.py
[0.786s] -- Up-to-date: /home/robotica/ros2_ws/install/msgs_control/local/lib/python3.10/dist-packages/msgs_control/msgs_control_s__rosidl_typesupport_introspection_c.cpython-310-x86_64-linux-gnu.so
[0.787s] -- Up-to-date: /home/robotica/ros2_ws/install/msgs_control/local/lib/python3.10/dist-packages/msgs_control/libmsgs_control__rosidl_generator_py.so
[0.787s] -- Up-to-date: /home/robotica/ros2_ws/install/msgs_control/local/lib/python3.10/dist-packages/msgs_control/msgs_control_s__rosidl_typesupport_fastrtps_c.cpython-310-x86_64-linux-gnu.so
[0.790s] -- Up-to-date: /home/robotica/ros2_ws/install/msgs_control/local/lib/python3.10/dist-packages/msgs_control/msgs_control_s__rosidl_typesupport_c.cpython-310-x86_64-linux-gnu.so
[0.791s] -- Up-to-date: /home/robotica/ros2_ws/install/msgs_control/local/lib/python3.10/dist-packages/msgs_control/_msgs_control_s.ep.rosidl_typesupport_fastrtps_c.c
[0.791s] -- Up-to-date: /home/robotica/ros2_ws/install/msgs_control/local/lib/python3.10/dist-packages/msgs_control/_msgs_control_s.ep.rosidl_typesupport_c.c
[0.791s] -- Up-to-date: /home/robotica/ros2_ws/install/msgs_control/local/lib/python3.10/dist-packages/msgs_control/srv
[0.791s] -- Up-to-date: /home/robotica/ros2_ws/install/msgs_control/local/lib/python3.10/dist-packages/msgs_control/srv/__init__.py
[0.791s] -- Up-to-date: /home/robotica/ros2_ws/install/msgs_control/local/lib/python3.10/dist-packages/msgs_control/srv/_sim_pid_s.c
[0.791s] -- Up-to-date: /home/robotica/ros2_ws/install/msgs_control/local/lib/python3.10/dist-packages/msgs_control/srv/_sim_pid.py
[0.791s] -- Up-to-date: /home/robotica/ros2_ws/install/msgs_control/local/lib/python3.10/dist-packages/msgs_control/_msgs_control_s.ep.rosidl_typesupport_introspection_c.c
[0.817s] Listing '/home/robotica/ros2_ws/install/msgs_control/local/lib/python3.10/dist-packages/msgs_control'...
[0.818s] Listing '/home/robotica/ros2_ws/install/msgs_control/local/lib/python3.10/dist-packages/msgs_control/srv'...
[0.822s] -- Up-to-date: /home/robotica/ros2_ws/install/msgs_control/local/lib/python3.10/dist-packages/msgs_control/msgs_control_s__rosidl_typesupport_fastrtps_c.cpython-310-x86_64-linux-gnu.so
[0.822s] -- Up-to-date: /home/robotica/ros2_ws/install/msgs_control/local/lib/python3.10/dist-packages/msgs_control/msgs_control_s__rosidl_typesupport_introspection_c.cpython-310-x86_64-linux-gnu.so
[0.823s] -- Up-to-date: /home/robotica/ros2_ws/install/msgs_control/local/lib/python3.10/dist-packages/msgs_control/msgs_control_s__rosidl_typesupport_c.cpython-310-x86_64-linux-gnu.so
[0.823s] -- Up-to-date: /home/robotica/ros2_ws/install/msgs_control/lib/libmsgs_control__rosidl_generator_py.so
[0.823s] -- Up-to-date: /home/robotica/ros2_ws/install/msgs_control/share/msgs_control/srv/SimPID.idl
[0.823s] -- Up-to-date: /home/robotica/ros2_ws/install/msgs_control/share/msgs_control/srv/SimPID.srv
[0.823s] -- Up-to-date: /home/robotica/ros2_ws/install/msgs_control/share/msgs_control/srv/SimPID_Request.msg
[0.824s] -- Up-to-date: /home/robotica/ros2_ws/install/msgs_control/share/msgs_control/srv/SimPID_Response.msg
[0.824s] -- Up-to-date: /home/robotica/ros2_ws/install/msgs_control/share/ament_index/resource_index/package_run_dependencies/msgs_control
[0.824s] -- Up-to-date: /home/robotica/ros2_ws/install/msgs_control/share/ament_index/resource_index/parent_prefix_path/msgs_control
[0.824s] -- Up-to-date: /home/robotica/ros2_ws/install/msgs_control/share/msgs_control/environment/ament_prefix_path.sh
[0.824s] -- Up-to-date: /home/robotica/ros2_ws/install/msgs_control/share/msgs_control/environment/ament_prefix_path.dsv
[0.824s] -- Up-to-date: /home/robotica/ros2_ws/install/msgs_control/share/msgs_control/environment/path.sh
[0.824s] -- Up-to-date: /home/robotica/ros2_ws/install/msgs_control/share/msgs_control/environment/path.dsv
[0.824s] -- Up-to-date: /home/robotica/ros2_ws/install/msgs_control/share/msgs_control/local_setup.bash
[0.825s] -- Up-to-date: /home/robotica/ros2_ws/install/msgs_control/share/msgs_control/local_setup.sh
[0.825s] -- Up-to-date: /home/robotica/ros2_ws/install/msgs_control/share/msgs_control/local_setup.zsh
[0.825s] -- Up-to-date: /home/robotica/ros2_ws/install/msgs_control/share/msgs_control/local_setup.dsv
[0.825s] -- Installing: /home/robotica/ros2_ws/install/msgs_control/share/msgs_control/package.dsv
[0.825s] -- Up-to-date: /home/robotica/ros2_ws/install/msgs_control/share/ament_index/resource_index/packages/msgs_control
[0.825s] -- Up-to-date: /home/robotica/ros2_ws/install/msgs_control/share/msgs_control/cmake/export_msgs_control__rosidl_generator_cExport.cmake
[0.826s] -- Up-to-date: /home/robotica/ros2_ws/install/msgs_control/share/msgs_control/cmake/export_msgs_control__rosidl_generator_cExport-noconfig.cmake
[0.826s] -- Up-to-date: /home/robotica/ros2_ws/install/msgs_control/share/msgs_control/cmake/export_msgs_control__rosidl_typesupport_fastrtps_cExport.cmake
[0.826s] -- Up-to-date: /home/robotica/ros2_ws/install/msgs_control/share/msgs_control/cmake/export_msgs_control__rosidl_typesupport_fastrtps_cExport-noconfig.cmake
[0.826s] -- Up-to-date: /home/robotica/ros2_ws/install/msgs_control/share/msgs_control/cmake/msgs_control__rosidl_typesupport_introspection_cExport.cmake
[0.826s] -- Up-to-date: /home/robotica/ros2_ws/install/msgs_control/share/msgs_control/cmake/msgs_control__rosidl_typesupport_introspection_cExport-noconfig.cmake
[0.826s] -- Up-to-date: /home/robotica/ros2_ws/install/msgs_control/share/msgs_control/cmake/msgs_control__rosidl_typesupport_cExport.cmake
[0.827s] -- Up-to-date: /home/robotica/ros2_ws/install/msgs_control/share/msgs_control/cmake/msgs_control__rosidl_typesupport_cExport-noconfig.cmake
[0.827s] -- Up-to-date: /home/robotica/ros2_ws/install/msgs_control/share/msgs_control/cmake/export_msgs_control__rosidl_generator_cppExport.cmake
[0.827s] -- Up-to-date: /home/robotica/ros2_ws/install/msgs_control/share/msgs_control/cmake/export_msgs_control__rosidl_typesupport_fastrtps_cppExport.cmake
[0.827s] -- Up-to-date: /home/robotica/ros2_ws/install/msgs_control/share/msgs_control/cmake/export_msgs_control__rosidl_typesupport_fastrtps_cppExport-noconfig.cmake
[0.827s] -- Up-to-date: /home/robotica/ros2_ws/install/msgs_control/share/msgs_control/cmake/msgs_control__rosidl_typesupport_introspection_cppExport.cmake
[0.827s] -- Up-to-date: /home/robotica/ros2_ws/install/msgs_control/share/msgs_control/cmake/msgs_control__rosidl_typesupport_introspection_cppExport-noconfig.cmake
[0.828s] -- Up-to-date: /home/robotica/ros2_ws/install/msgs_control/share/msgs_control/cmake/msgs_control__rosidl_typesupport_cppExport.cmake
[0.828s] -- Up-to-date: /home/robotica/ros2_ws/install/msgs_control/share/msgs_control/cmake/msgs_control__rosidl_typesupport_cppExport-noconfig.cmake
[0.828s] -- Up-to-date: /home/robotica/ros2_ws/install/msgs_control/share/msgs_control/cmake/export_msgs_control__rosidl_generator_pyExport.cmake
[0.828s] -- Up-to-date: /home/robotica/ros2_ws/install/msgs_control/share/msgs_control/cmake/export_msgs_control__rosidl_generator_pyExport-noconfig.cmake
[0.828s] -- Up-to-date: /home/robotica/ros2_ws/install/msgs_control/share/msgs_control/cmake/rosidl_cmake-extras.cmake
[0.828s] -- Up-to-date: /home/robotica/ros2_ws/install/msgs_control/share/msgs_control/cmake/ament_cmake_export_include_directories-extras.cmake
[0.828s] -- Up-to-date: /home/robotica/ros2_ws/install/msgs_control/share/msgs_control/cmake/ament_cmake_export_libraries-extras.cmake
[0.829s] -- Up-to-date: /home/robotica/ros2_ws/install/msgs_control/share/msgs_control/cmake/ament_cmake_export_targets-extras.cmake
[0.829s] -- Up-to-date: /home/robotica/ros2_ws/install/msgs_control/share/msgs_control/cmake/rosidl_cmake_export_typesupport_targets-extras.cmake
[0.829s] -- Up-to-date: /home/robotica/ros2_ws/install/msgs_control/share/msgs_control/cmake/ament_cmake_export_dependencies-extras.cmake
[0.829s] -- Up-to-date: /home/robotica/ros2_ws/install/msgs_control/share/msgs_control/cmake/rosidl_cmake_export_typesupport_libraries-extras.cmake
[0.829s] -- Up-to-date: /home/robotica/ros2_ws/install/msgs_control/share/msgs_control/cmake/msgs_controlConfig.cmake
[0.830s] -- Up-to-date: /home/robotica/ros2_ws/install/msgs_control/share/msgs_control/cmake/msgs_controlConfig-version.cmake
[0.830s] -- Up-to-date: /home/robotica/ros2_ws/install/msgs_control/share/msgs_control/package.xml
[0.845s] Invoked command in '/home/robotica/ros2_ws/build/msgs_control' returned '0': CMAKE_PREFIX_PATH=${CMAKE_PREFIX_PATH}:/home/robotica/ros2_ws/install/sim_pkg:/home/robotica/ros2_ws/install/intro_pkg:/home/robotica/ros2_ws/install/genetic_pkg:/opt/ros/humble /usr/bin/cmake --install /home/robotica/ros2_ws/build/msgs_control
