[1.378s] Invoking command in '/home/robotica/ros2_ws/src/genetic_pkg': PYTHONPATH=/home/robotica/ros2_ws/build/genetic_pkg/prefix_override:/home/robotica/ros2_ws/install/genetic_pkg/lib/python3.10/site-packages:${PYTHONPATH} /usr/bin/python3 setup.py egg_info --egg-base ../../build/genetic_pkg build --build-base /home/robotica/ros2_ws/build/genetic_pkg/build install --record /home/robotica/ros2_ws/build/genetic_pkg/install.log --single-version-externally-managed
[1.564s] running egg_info
[1.565s] writing ../../build/genetic_pkg/genetic_pkg.egg-info/PKG-INFO
[1.570s] writing dependency_links to ../../build/genetic_pkg/genetic_pkg.egg-info/dependency_links.txt
[1.570s] writing entry points to ../../build/genetic_pkg/genetic_pkg.egg-info/entry_points.txt
[1.570s] writing requirements to ../../build/genetic_pkg/genetic_pkg.egg-info/requires.txt
[1.570s] writing top-level names to ../../build/genetic_pkg/genetic_pkg.egg-info/top_level.txt
[1.577s] reading manifest file '../../build/genetic_pkg/genetic_pkg.egg-info/SOURCES.txt'
[1.578s] writing manifest file '../../build/genetic_pkg/genetic_pkg.egg-info/SOURCES.txt'
[1.579s] running build
[1.586s] running build_py
[1.586s] running install
[1.587s] running install_lib
[1.591s] running install_data
[1.591s] running install_egg_info
[1.595s] removing '/home/robotica/ros2_ws/install/genetic_pkg/lib/python3.10/site-packages/genetic_pkg-0.0.0-py3.10.egg-info' (and everything under it)
[1.595s] Copying ../../build/genetic_pkg/genetic_pkg.egg-info to /home/robotica/ros2_ws/install/genetic_pkg/lib/python3.10/site-packages/genetic_pkg-0.0.0-py3.10.egg-info
[1.595s] running install_scripts
[1.618s] Installing genetic script to /home/robotica/ros2_ws/install/genetic_pkg/lib/genetic_pkg
[1.620s] writing list of installed files to '/home/robotica/ros2_ws/build/genetic_pkg/install.log'
[1.664s] Invoked command in '/home/robotica/ros2_ws/src/genetic_pkg' returned '0': PYTHONPATH=/home/robotica/ros2_ws/build/genetic_pkg/prefix_override:/home/robotica/ros2_ws/install/genetic_pkg/lib/python3.10/site-packages:${PYTHONPATH} /usr/bin/python3 setup.py egg_info --egg-base ../../build/genetic_pkg build --build-base /home/robotica/ros2_ws/build/genetic_pkg/build install --record /home/robotica/ros2_ws/build/genetic_pkg/install.log --single-version-externally-managed
