[0.264s] Invoking command in '/home/robotica/ros2_ws/build/msgs_control': CMAKE_PREFIX_PATH=${CMAKE_PREFIX_PATH}:/home/robotica/ros2_ws/install/sim_pkg:/home/robotica/ros2_ws/install/intro_pkg:/home/robotica/ros2_ws/install/genetic_pkg:/opt/ros/humble /usr/bin/cmake --build /home/robotica/ros2_ws/build/msgs_control -- -j4 -l4
[0.335s] [ 12%] Built target msgs_control__rosidl_generator_c
[0.335s] [ 12%] Built target msgs_control__cpp
[0.340s] [ 12%] Built target ament_cmake_python_copy_msgs_control
[0.369s] [ 29%] Built target msgs_control__rosidl_typesupport_fastrtps_c
[0.372s] [ 32%] Built target msgs_control__rosidl_typesupport_fastrtps_cpp
[0.372s] [ 41%] Built target msgs_control__rosidl_typesupport_cpp
[0.377s] [ 51%] Built target msgs_control__rosidl_typesupport_introspection_cpp
[0.391s] [ 61%] Built target msgs_control__rosidl_typesupport_introspection_c
[0.400s] [ 70%] Built target msgs_control__rosidl_typesupport_c
[0.425s] [ 70%] Built target msgs_control
[0.453s] [ 74%] Built target msgs_control__py
[0.481s] [ 80%] Built target msgs_control__rosidl_generator_py
[0.513s] [ 87%] Built target msgs_control__rosidl_typesupport_introspection_c__pyext
[0.525s] [ 93%] Built target msgs_control__rosidl_typesupport_c__pyext
[0.534s] [100%] Built target msgs_control__rosidl_typesupport_fastrtps_c__pyext
[0.596s] running egg_info
[0.597s] writing msgs_control.egg-info/PKG-INFO
[0.598s] writing dependency_links to msgs_control.egg-info/dependency_links.txt
[0.598s] writing top-level names to msgs_control.egg-info/top_level.txt
[0.600s] reading manifest file 'msgs_control.egg-info/SOURCES.txt'
[0.600s] writing manifest file 'msgs_control.egg-info/SOURCES.txt'
[0.627s] [100%] Built target ament_cmake_python_build_msgs_control_egg
[0.641s] Invoked command in '/home/robotica/ros2_ws/build/msgs_control' returned '0': CMAKE_PREFIX_PATH=${CMAKE_PREFIX_PATH}:/home/robotica/ros2_ws/install/sim_pkg:/home/robotica/ros2_ws/install/intro_pkg:/home/robotica/ros2_ws/install/genetic_pkg:/opt/ros/humble /usr/bin/cmake --build /home/robotica/ros2_ws/build/msgs_control -- -j4 -l4
[0.779s] Invoking command in '/home/robotica/ros2_ws/build/msgs_control': CMAKE_PREFIX_PATH=${CMAKE_PREFIX_PATH}:/home/robotica/ros2_ws/install/sim_pkg:/home/robotica/ros2_ws/install/intro_pkg:/home/robotica/ros2_ws/install/genetic_pkg:/opt/ros/humble /usr/bin/cmake --install /home/robotica/ros2_ws/build/msgs_control
[0.789s] -- Install configuration: ""
[0.789s] -- Up-to-date: /home/robotica/ros2_ws/install/msgs_control/share/ament_index/resource_index/rosidl_interfaces/msgs_control
[0.789s] -- Up-to-date: /home/robotica/ros2_ws/install/msgs_control/include/msgs_control/msgs_control
[0.789s] -- Up-to-date: /home/robotica/ros2_ws/install/msgs_control/include/msgs_control/msgs_control/srv
[0.789s] -- Up-to-date: /home/robotica/ros2_ws/install/msgs_control/include/msgs_control/msgs_control/srv/detail
[0.789s] -- Up-to-date: /home/robotica/ros2_ws/install/msgs_control/include/msgs_control/msgs_control/srv/detail/sim_pid__functions.c
[0.789s] -- Up-to-date: /home/robotica/ros2_ws/install/msgs_control/include/msgs_control/msgs_control/srv/detail/sim_pid__type_support.h
[0.789s] -- Up-to-date: /home/robotica/ros2_ws/install/msgs_control/include/msgs_control/msgs_control/srv/detail/sim_pid__struct.h
[0.789s] -- Up-to-date: /home/robotica/ros2_ws/install/msgs_control/include/msgs_control/msgs_control/srv/detail/sim_pid__functions.h
[0.789s] -- Up-to-date: /home/robotica/ros2_ws/install/msgs_control/include/msgs_control/msgs_control/srv/sim_pid.h
[0.789s] -- Up-to-date: /home/robotica/ros2_ws/install/msgs_control/include/msgs_control/msgs_control/msg
[0.790s] -- Up-to-date: /home/robotica/ros2_ws/install/msgs_control/include/msgs_control/msgs_control/msg/rosidl_generator_c__visibility_control.h
[0.790s] -- Up-to-date: /home/robotica/ros2_ws/install/msgs_control/share/msgs_control/environment/library_path.sh
[0.790s] -- Up-to-date: /home/robotica/ros2_ws/install/msgs_control/share/msgs_control/environment/library_path.dsv
[0.790s] -- Up-to-date: /home/robotica/ros2_ws/install/msgs_control/lib/libmsgs_control__rosidl_generator_c.so
[0.790s] -- Up-to-date: /home/robotica/ros2_ws/install/msgs_control/include/msgs_control/msgs_control
[0.790s] -- Up-to-date: /home/robotica/ros2_ws/install/msgs_control/include/msgs_control/msgs_control/srv
[0.790s] -- Up-to-date: /home/robotica/ros2_ws/install/msgs_control/include/msgs_control/msgs_control/srv/detail
[0.790s] -- Up-to-date: /home/robotica/ros2_ws/install/msgs_control/include/msgs_control/msgs_control/srv/detail/sim_pid__rosidl_typesupport_fastrtps_c.h
[0.790s] -- Up-to-date: /home/robotica/ros2_ws/install/msgs_control/include/msgs_control/msgs_control/msg
[0.790s] -- Up-to-date: /home/robotica/ros2_ws/install/msgs_control/include/msgs_control/msgs_control/msg/rosidl_typesupport_fastrtps_c__visibility_control.h
[0.790s] -- Up-to-date: /home/robotica/ros2_ws/install/msgs_control/lib/libmsgs_control__rosidl_typesupport_fastrtps_c.so
[0.790s] -- Up-to-date: /home/robotica/ros2_ws/install/msgs_control/include/msgs_control/msgs_control
[0.790s] -- Up-to-date: /home/robotica/ros2_ws/install/msgs_control/include/msgs_control/msgs_control/srv
[0.790s] -- Up-to-date: /home/robotica/ros2_ws/install/msgs_control/include/msgs_control/msgs_control/srv/detail
[0.791s] -- Up-to-date: /home/robotica/ros2_ws/install/msgs_control/include/msgs_control/msgs_control/srv/detail/sim_pid__type_support.c
[0.791s] -- Up-to-date: /home/robotica/ros2_ws/install/msgs_control/include/msgs_control/msgs_control/srv/detail/sim_pid__rosidl_typesupport_introspection_c.h
[0.791s] -- Up-to-date: /home/robotica/ros2_ws/install/msgs_control/include/msgs_control/msgs_control/msg
[0.791s] -- Up-to-date: /home/robotica/ros2_ws/install/msgs_control/include/msgs_control/msgs_control/msg/rosidl_typesupport_introspection_c__visibility_control.h
[0.791s] -- Up-to-date: /home/robotica/ros2_ws/install/msgs_control/lib/libmsgs_control__rosidl_typesupport_introspection_c.so
[0.791s] -- Up-to-date: /home/robotica/ros2_ws/install/msgs_control/lib/libmsgs_control__rosidl_typesupport_c.so
[0.791s] -- Up-to-date: /home/robotica/ros2_ws/install/msgs_control/include/msgs_control/msgs_control
[0.791s] -- Up-to-date: /home/robotica/ros2_ws/install/msgs_control/include/msgs_control/msgs_control/srv
[0.791s] -- Up-to-date: /home/robotica/ros2_ws/install/msgs_control/include/msgs_control/msgs_control/srv/detail
[0.791s] -- Up-to-date: /home/robotica/ros2_ws/install/msgs_control/include/msgs_control/msgs_control/srv/detail/sim_pid__builder.hpp
[0.791s] -- Up-to-date: /home/robotica/ros2_ws/install/msgs_control/include/msgs_control/msgs_control/srv/detail/sim_pid__struct.hpp
[0.791s] -- Up-to-date: /home/robotica/ros2_ws/install/msgs_control/include/msgs_control/msgs_control/srv/detail/sim_pid__traits.hpp
[0.791s] -- Up-to-date: /home/robotica/ros2_ws/install/msgs_control/include/msgs_control/msgs_control/srv/sim_pid.hpp
[0.791s] -- Up-to-date: /home/robotica/ros2_ws/install/msgs_control/include/msgs_control/msgs_control
[0.791s] -- Up-to-date: /home/robotica/ros2_ws/install/msgs_control/include/msgs_control/msgs_control/srv
[0.791s] -- Up-to-date: /home/robotica/ros2_ws/install/msgs_control/include/msgs_control/msgs_control/srv/detail
[0.791s] -- Up-to-date: /home/robotica/ros2_ws/install/msgs_control/include/msgs_control/msgs_control/srv/detail/dds_fastrtps
[0.791s] -- Up-to-date: /home/robotica/ros2_ws/install/msgs_control/include/msgs_control/msgs_control/srv/detail/sim_pid__rosidl_typesupport_fastrtps_cpp.hpp
[0.791s] -- Up-to-date: /home/robotica/ros2_ws/install/msgs_control/include/msgs_control/msgs_control/msg
[0.791s] -- Up-to-date: /home/robotica/ros2_ws/install/msgs_control/include/msgs_control/msgs_control/msg/rosidl_typesupport_fastrtps_cpp__visibility_control.h
[0.791s] -- Up-to-date: /home/robotica/ros2_ws/install/msgs_control/lib/libmsgs_control__rosidl_typesupport_fastrtps_cpp.so
[0.791s] -- Up-to-date: /home/robotica/ros2_ws/install/msgs_control/include/msgs_control/msgs_control
[0.791s] -- Up-to-date: /home/robotica/ros2_ws/install/msgs_control/include/msgs_control/msgs_control/srv
[0.791s] -- Up-to-date: /home/robotica/ros2_ws/install/msgs_control/include/msgs_control/msgs_control/srv/detail
[0.792s] -- Up-to-date: /home/robotica/ros2_ws/install/msgs_control/include/msgs_control/msgs_control/srv/detail/sim_pid__type_support.cpp
[0.792s] -- Up-to-date: /home/robotica/ros2_ws/install/msgs_control/include/msgs_control/msgs_control/srv/detail/sim_pid__rosidl_typesupport_introspection_cpp.hpp
[0.792s] -- Up-to-date: /home/robotica/ros2_ws/install/msgs_control/lib/libmsgs_control__rosidl_typesupport_introspection_cpp.so
[0.792s] -- Up-to-date: /home/robotica/ros2_ws/install/msgs_control/lib/libmsgs_control__rosidl_typesupport_cpp.so
[0.792s] -- Up-to-date: /home/robotica/ros2_ws/install/msgs_control/share/msgs_control/environment/pythonpath.sh
[0.792s] -- Up-to-date: /home/robotica/ros2_ws/install/msgs_control/share/msgs_control/environment/pythonpath.dsv
[0.792s] -- Up-to-date: /home/robotica/ros2_ws/install/msgs_control/local/lib/python3.10/dist-packages/msgs_control-0.0.0-py3.10.egg-info
[0.792s] -- Installing: /home/robotica/ros2_ws/install/msgs_control/local/lib/python3.10/dist-packages/msgs_control-0.0.0-py3.10.egg-info/SOURCES.txt
[0.792s] -- Installing: /home/robotica/ros2_ws/install/msgs_control/local/lib/python3.10/dist-packages/msgs_control-0.0.0-py3.10.egg-info/PKG-INFO
[0.792s] -- Installing: /home/robotica/ros2_ws/install/msgs_control/local/lib/python3.10/dist-packages/msgs_control-0.0.0-py3.10.egg-info/top_level.txt
[0.792s] -- Installing: /home/robotica/ros2_ws/install/msgs_control/local/lib/python3.10/dist-packages/msgs_control-0.0.0-py3.10.egg-info/dependency_links.txt
[0.792s] -- Up-to-date: /home/robotica/ros2_ws/install/msgs_control/local/lib/python3.10/dist-packages/msgs_control
[0.792s] -- Up-to-date: /home/robotica/ros2_ws/install/msgs_control/local/lib/python3.10/dist-packages/msgs_control/__init__.py
[0.792s] -- Up-to-date: /home/robotica/ros2_ws/install/msgs_control/local/lib/python3.10/dist-packages/msgs_control/msgs_control_s__rosidl_typesupport_introspection_c.cpython-310-x86_64-linux-gnu.so
[0.792s] -- Up-to-date: /home/robotica/ros2_ws/install/msgs_control/local/lib/python3.10/dist-packages/msgs_control/libmsgs_control__rosidl_generator_py.so
[0.792s] -- Up-to-date: /home/robotica/ros2_ws/install/msgs_control/local/lib/python3.10/dist-packages/msgs_control/msgs_control_s__rosidl_typesupport_fastrtps_c.cpython-310-x86_64-linux-gnu.so
[0.792s] -- Up-to-date: /home/robotica/ros2_ws/install/msgs_control/local/lib/python3.10/dist-packages/msgs_control/msgs_control_s__rosidl_typesupport_c.cpython-310-x86_64-linux-gnu.so
[0.792s] -- Up-to-date: /home/robotica/ros2_ws/install/msgs_control/local/lib/python3.10/dist-packages/msgs_control/_msgs_control_s.ep.rosidl_typesupport_fastrtps_c.c
[0.792s] -- Up-to-date: /home/robotica/ros2_ws/install/msgs_control/local/lib/python3.10/dist-packages/msgs_control/_msgs_control_s.ep.rosidl_typesupport_c.c
[0.792s] -- Up-to-date: /home/robotica/ros2_ws/install/msgs_control/local/lib/python3.10/dist-packages/msgs_control/srv
[0.792s] -- Up-to-date: /home/robotica/ros2_ws/install/msgs_control/local/lib/python3.10/dist-packages/msgs_control/srv/__init__.py
[0.792s] -- Up-to-date: /home/robotica/ros2_ws/install/msgs_control/local/lib/python3.10/dist-packages/msgs_control/srv/_sim_pid_s.c
[0.792s] -- Up-to-date: /home/robotica/ros2_ws/install/msgs_control/local/lib/python3.10/dist-packages/msgs_control/srv/_sim_pid.py
[0.792s] -- Up-to-date: /home/robotica/ros2_ws/install/msgs_control/local/lib/python3.10/dist-packages/msgs_control/_msgs_control_s.ep.rosidl_typesupport_introspection_c.c
[0.821s] Listing '/home/robotica/ros2_ws/install/msgs_control/local/lib/python3.10/dist-packages/msgs_control'...
[0.821s] Listing '/home/robotica/ros2_ws/install/msgs_control/local/lib/python3.10/dist-packages/msgs_control/srv'...
[0.826s] -- Up-to-date: /home/robotica/ros2_ws/install/msgs_control/local/lib/python3.10/dist-packages/msgs_control/msgs_control_s__rosidl_typesupport_fastrtps_c.cpython-310-x86_64-linux-gnu.so
[0.826s] -- Up-to-date: /home/robotica/ros2_ws/install/msgs_control/local/lib/python3.10/dist-packages/msgs_control/msgs_control_s__rosidl_typesupport_introspection_c.cpython-310-x86_64-linux-gnu.so
[0.827s] -- Up-to-date: /home/robotica/ros2_ws/install/msgs_control/local/lib/python3.10/dist-packages/msgs_control/msgs_control_s__rosidl_typesupport_c.cpython-310-x86_64-linux-gnu.so
[0.827s] -- Up-to-date: /home/robotica/ros2_ws/install/msgs_control/lib/libmsgs_control__rosidl_generator_py.so
[0.827s] -- Up-to-date: /home/robotica/ros2_ws/install/msgs_control/share/msgs_control/srv/SimPID.idl
[0.828s] -- Up-to-date: /home/robotica/ros2_ws/install/msgs_control/share/msgs_control/srv/SimPID.srv
[0.828s] -- Up-to-date: /home/robotica/ros2_ws/install/msgs_control/share/msgs_control/srv/SimPID_Request.msg
[0.828s] -- Up-to-date: /home/robotica/ros2_ws/install/msgs_control/share/msgs_control/srv/SimPID_Response.msg
[0.828s] -- Up-to-date: /home/robotica/ros2_ws/install/msgs_control/share/ament_index/resource_index/package_run_dependencies/msgs_control
[0.828s] -- Up-to-date: /home/robotica/ros2_ws/install/msgs_control/share/ament_index/resource_index/parent_prefix_path/msgs_control
[0.828s] -- Up-to-date: /home/robotica/ros2_ws/install/msgs_control/share/msgs_control/environment/ament_prefix_path.sh
[0.831s] -- Up-to-date: /home/robotica/ros2_ws/install/msgs_control/share/msgs_control/environment/ament_prefix_path.dsv
[0.834s] -- Up-to-date: /home/robotica/ros2_ws/install/msgs_control/share/msgs_control/environment/path.sh
[0.834s] -- Up-to-date: /home/robotica/ros2_ws/install/msgs_control/share/msgs_control/environment/path.dsv
[0.834s] -- Up-to-date: /home/robotica/ros2_ws/install/msgs_control/share/msgs_control/local_setup.bash
[0.835s] -- Up-to-date: /home/robotica/ros2_ws/install/msgs_control/share/msgs_control/local_setup.sh
[0.835s] -- Up-to-date: /home/robotica/ros2_ws/install/msgs_control/share/msgs_control/local_setup.zsh
[0.835s] -- Up-to-date: /home/robotica/ros2_ws/install/msgs_control/share/msgs_control/local_setup.dsv
[0.835s] -- Installing: /home/robotica/ros2_ws/install/msgs_control/share/msgs_control/package.dsv
[0.835s] -- Up-to-date: /home/robotica/ros2_ws/install/msgs_control/share/ament_index/resource_index/packages/msgs_control
[0.835s] -- Up-to-date: /home/robotica/ros2_ws/install/msgs_control/share/msgs_control/cmake/export_msgs_control__rosidl_generator_cExport.cmake
[0.835s] -- Up-to-date: /home/robotica/ros2_ws/install/msgs_control/share/msgs_control/cmake/export_msgs_control__rosidl_generator_cExport-noconfig.cmake
[0.835s] -- Up-to-date: /home/robotica/ros2_ws/install/msgs_control/share/msgs_control/cmake/export_msgs_control__rosidl_typesupport_fastrtps_cExport.cmake
[0.835s] -- Up-to-date: /home/robotica/ros2_ws/install/msgs_control/share/msgs_control/cmake/export_msgs_control__rosidl_typesupport_fastrtps_cExport-noconfig.cmake
[0.835s] -- Up-to-date: /home/robotica/ros2_ws/install/msgs_control/share/msgs_control/cmake/msgs_control__rosidl_typesupport_introspection_cExport.cmake
[0.835s] -- Up-to-date: /home/robotica/ros2_ws/install/msgs_control/share/msgs_control/cmake/msgs_control__rosidl_typesupport_introspection_cExport-noconfig.cmake
[0.835s] -- Up-to-date: /home/robotica/ros2_ws/install/msgs_control/share/msgs_control/cmake/msgs_control__rosidl_typesupport_cExport.cmake
[0.835s] -- Up-to-date: /home/robotica/ros2_ws/install/msgs_control/share/msgs_control/cmake/msgs_control__rosidl_typesupport_cExport-noconfig.cmake
[0.835s] -- Up-to-date: /home/robotica/ros2_ws/install/msgs_control/share/msgs_control/cmake/export_msgs_control__rosidl_generator_cppExport.cmake
[0.836s] -- Up-to-date: /home/robotica/ros2_ws/install/msgs_control/share/msgs_control/cmake/export_msgs_control__rosidl_typesupport_fastrtps_cppExport.cmake
[0.836s] -- Up-to-date: /home/robotica/ros2_ws/install/msgs_control/share/msgs_control/cmake/export_msgs_control__rosidl_typesupport_fastrtps_cppExport-noconfig.cmake
[0.836s] -- Up-to-date: /home/robotica/ros2_ws/install/msgs_control/share/msgs_control/cmake/msgs_control__rosidl_typesupport_introspection_cppExport.cmake
[0.836s] -- Up-to-date: /home/robotica/ros2_ws/install/msgs_control/share/msgs_control/cmake/msgs_control__rosidl_typesupport_introspection_cppExport-noconfig.cmake
[0.836s] -- Up-to-date: /home/robotica/ros2_ws/install/msgs_control/share/msgs_control/cmake/msgs_control__rosidl_typesupport_cppExport.cmake
[0.836s] -- Up-to-date: /home/robotica/ros2_ws/install/msgs_control/share/msgs_control/cmake/msgs_control__rosidl_typesupport_cppExport-noconfig.cmake
[0.836s] -- Up-to-date: /home/robotica/ros2_ws/install/msgs_control/share/msgs_control/cmake/export_msgs_control__rosidl_generator_pyExport.cmake
[0.836s] -- Up-to-date: /home/robotica/ros2_ws/install/msgs_control/share/msgs_control/cmake/export_msgs_control__rosidl_generator_pyExport-noconfig.cmake
[0.836s] -- Up-to-date: /home/robotica/ros2_ws/install/msgs_control/share/msgs_control/cmake/rosidl_cmake-extras.cmake
[0.836s] -- Up-to-date: /home/robotica/ros2_ws/install/msgs_control/share/msgs_control/cmake/ament_cmake_export_include_directories-extras.cmake
[0.836s] -- Up-to-date: /home/robotica/ros2_ws/install/msgs_control/share/msgs_control/cmake/ament_cmake_export_libraries-extras.cmake
[0.836s] -- Up-to-date: /home/robotica/ros2_ws/install/msgs_control/share/msgs_control/cmake/ament_cmake_export_targets-extras.cmake
[0.836s] -- Up-to-date: /home/robotica/ros2_ws/install/msgs_control/share/msgs_control/cmake/rosidl_cmake_export_typesupport_targets-extras.cmake
[0.836s] -- Up-to-date: /home/robotica/ros2_ws/install/msgs_control/share/msgs_control/cmake/ament_cmake_export_dependencies-extras.cmake
[0.836s] -- Up-to-date: /home/robotica/ros2_ws/install/msgs_control/share/msgs_control/cmake/rosidl_cmake_export_typesupport_libraries-extras.cmake
[0.836s] -- Up-to-date: /home/robotica/ros2_ws/install/msgs_control/share/msgs_control/cmake/msgs_controlConfig.cmake
[0.836s] -- Up-to-date: /home/robotica/ros2_ws/install/msgs_control/share/msgs_control/cmake/msgs_controlConfig-version.cmake
[0.836s] -- Up-to-date: /home/robotica/ros2_ws/install/msgs_control/share/msgs_control/package.xml
[0.856s] Invoked command in '/home/robotica/ros2_ws/build/msgs_control' returned '0': CMAKE_PREFIX_PATH=${CMAKE_PREFIX_PATH}:/home/robotica/ros2_ws/install/sim_pkg:/home/robotica/ros2_ws/install/intro_pkg:/home/robotica/ros2_ws/install/genetic_pkg:/opt/ros/humble /usr/bin/cmake --install /home/robotica/ros2_ws/build/msgs_control
