[0.632s] Invoking command in '/home/robotica/ros2_ws/src/sim_pkg': PYTHONPATH=/home/robotica/ros2_ws/build/sim_pkg/prefix_override:/home/robotica/ros2_ws/install/sim_pkg/lib/python3.10/site-packages:${PYTHONPATH} /usr/bin/python3 setup.py egg_info --egg-base ../../build/sim_pkg build --build-base /home/robotica/ros2_ws/build/sim_pkg/build install --record /home/robotica/ros2_ws/build/sim_pkg/install.log --single-version-externally-managed
[0.813s] running egg_info
[0.815s] writing ../../build/sim_pkg/sim_pkg.egg-info/PKG-INFO
[0.817s] writing dependency_links to ../../build/sim_pkg/sim_pkg.egg-info/dependency_links.txt
[0.818s] writing entry points to ../../build/sim_pkg/sim_pkg.egg-info/entry_points.txt
[0.819s] writing requirements to ../../build/sim_pkg/sim_pkg.egg-info/requires.txt
[0.820s] writing top-level names to ../../build/sim_pkg/sim_pkg.egg-info/top_level.txt
[0.822s] reading manifest file '../../build/sim_pkg/sim_pkg.egg-info/SOURCES.txt'
[0.823s] writing manifest file '../../build/sim_pkg/sim_pkg.egg-info/SOURCES.txt'
[0.823s] running build
[0.823s] running build_py
[0.824s] running install
[0.824s] running install_lib
[0.825s] running install_data
[0.826s] running install_egg_info
[0.827s] removing '/home/robotica/ros2_ws/install/sim_pkg/lib/python3.10/site-packages/sim_pkg-0.0.0-py3.10.egg-info' (and everything under it)
[0.827s] Copying ../../build/sim_pkg/sim_pkg.egg-info to /home/robotica/ros2_ws/install/sim_pkg/lib/python3.10/site-packages/sim_pkg-0.0.0-py3.10.egg-info
[0.828s] running install_scripts
[0.849s] Installing simulator script to /home/robotica/ros2_ws/install/sim_pkg/lib/sim_pkg
[0.850s] writing list of installed files to '/home/robotica/ros2_ws/build/sim_pkg/install.log'
[0.878s] Invoked command in '/home/robotica/ros2_ws/src/sim_pkg' returned '0': PYTHONPATH=/home/robotica/ros2_ws/build/sim_pkg/prefix_override:/home/robotica/ros2_ws/install/sim_pkg/lib/python3.10/site-packages:${PYTHONPATH} /usr/bin/python3 setup.py egg_info --egg-base ../../build/sim_pkg build --build-base /home/robotica/ros2_ws/build/sim_pkg/build install --record /home/robotica/ros2_ws/build/sim_pkg/install.log --single-version-externally-managed
