[0.937s] Invoking command in '/home/robotica/ros2_ws/src/genetic_pkg': PYTHONPATH=/home/robotica/ros2_ws/build/genetic_pkg/prefix_override:/home/robotica/ros2_ws/install/genetic_pkg/lib/python3.10/site-packages:${PYTHONPATH} /usr/bin/python3 setup.py egg_info --egg-base ../../build/genetic_pkg build --build-base /home/robotica/ros2_ws/build/genetic_pkg/build install --record /home/robotica/ros2_ws/build/genetic_pkg/install.log --single-version-externally-managed
[1.161s] running egg_info
[1.163s] writing ../../build/genetic_pkg/genetic_pkg.egg-info/PKG-INFO
[1.163s] writing dependency_links to ../../build/genetic_pkg/genetic_pkg.egg-info/dependency_links.txt
[1.164s] writing entry points to ../../build/genetic_pkg/genetic_pkg.egg-info/entry_points.txt
[1.164s] writing requirements to ../../build/genetic_pkg/genetic_pkg.egg-info/requires.txt
[1.164s] writing top-level names to ../../build/genetic_pkg/genetic_pkg.egg-info/top_level.txt
[1.166s] reading manifest file '../../build/genetic_pkg/genetic_pkg.egg-info/SOURCES.txt'
[1.166s] writing manifest file '../../build/genetic_pkg/genetic_pkg.egg-info/SOURCES.txt'
[1.167s] running build
[1.167s] running build_py
[1.167s] copying genetic_pkg/genetic_sim.py -> /home/robotica/ros2_ws/build/genetic_pkg/build/lib/genetic_pkg
[1.167s] running install
[1.167s] running install_lib
[1.168s] copying /home/robotica/ros2_ws/build/genetic_pkg/build/lib/genetic_pkg/genetic_sim.py -> /home/robotica/ros2_ws/install/genetic_pkg/lib/python3.10/site-packages/genetic_pkg
[1.169s] byte-compiling /home/robotica/ros2_ws/install/genetic_pkg/lib/python3.10/site-packages/genetic_pkg/genetic_sim.py to genetic_sim.cpython-310.pyc
[1.169s] Sorry: TabError: inconsistent use of tabs and spaces in indentation (genetic_sim.py, line 34)
[1.169s] running install_data
[1.170s] running install_egg_info
[1.174s] removing '/home/robotica/ros2_ws/install/genetic_pkg/lib/python3.10/site-packages/genetic_pkg-0.0.0-py3.10.egg-info' (and everything under it)
[1.175s] Copying ../../build/genetic_pkg/genetic_pkg.egg-info to /home/robotica/ros2_ws/install/genetic_pkg/lib/python3.10/site-packages/genetic_pkg-0.0.0-py3.10.egg-info
[1.175s] running install_scripts
[1.210s] Installing genetic script to /home/robotica/ros2_ws/install/genetic_pkg/lib/genetic_pkg
[1.211s] writing list of installed files to '/home/robotica/ros2_ws/build/genetic_pkg/install.log'
[1.248s] Invoked command in '/home/robotica/ros2_ws/src/genetic_pkg' returned '0': PYTHONPATH=/home/robotica/ros2_ws/build/genetic_pkg/prefix_override:/home/robotica/ros2_ws/install/genetic_pkg/lib/python3.10/site-packages:${PYTHONPATH} /usr/bin/python3 setup.py egg_info --egg-base ../../build/genetic_pkg build --build-base /home/robotica/ros2_ws/build/genetic_pkg/build install --record /home/robotica/ros2_ws/build/genetic_pkg/install.log --single-version-externally-managed
