[0.790s] Invoking command in '/home/robotica/ros2_ws/src/genetic_pkg': PYTHONPATH=/home/robotica/ros2_ws/build/genetic_pkg/prefix_override:/home/robotica/ros2_ws/install/genetic_pkg/lib/python3.10/site-packages:${PYTHONPATH} /usr/bin/python3 setup.py egg_info --egg-base ../../build/genetic_pkg build --build-base /home/robotica/ros2_ws/build/genetic_pkg/build install --record /home/robotica/ros2_ws/build/genetic_pkg/install.log --single-version-externally-managed
[0.977s] running egg_info
[0.977s] writing ../../build/genetic_pkg/genetic_pkg.egg-info/PKG-INFO
[0.977s] writing dependency_links to ../../build/genetic_pkg/genetic_pkg.egg-info/dependency_links.txt
[0.978s] writing entry points to ../../build/genetic_pkg/genetic_pkg.egg-info/entry_points.txt
[0.978s] writing requirements to ../../build/genetic_pkg/genetic_pkg.egg-info/requires.txt
[0.978s] writing top-level names to ../../build/genetic_pkg/genetic_pkg.egg-info/top_level.txt
[0.998s] reading manifest file '../../build/genetic_pkg/genetic_pkg.egg-info/SOURCES.txt'
[0.999s] writing manifest file '../../build/genetic_pkg/genetic_pkg.egg-info/SOURCES.txt'
[0.999s] running build
[0.999s] running build_py
[0.999s] copying genetic_pkg/genetic_sim.py -> /home/robotica/ros2_ws/build/genetic_pkg/build/lib/genetic_pkg
[0.999s] running install
[0.999s] Sorry: TabError: inconsistent use of tabs and spaces in indentation (genetic_sim.py, line 33)
[0.999s] running install_lib
[0.999s] copying /home/robotica/ros2_ws/build/genetic_pkg/build/lib/genetic_pkg/genetic_sim.py -> /home/robotica/ros2_ws/install/genetic_pkg/lib/python3.10/site-packages/genetic_pkg
[0.999s] byte-compiling /home/robotica/ros2_ws/install/genetic_pkg/lib/python3.10/site-packages/genetic_pkg/genetic_sim.py to genetic_sim.cpython-310.pyc
[0.999s] running install_data
[0.999s] running install_egg_info
[0.999s] removing '/home/robotica/ros2_ws/install/genetic_pkg/lib/python3.10/site-packages/genetic_pkg-0.0.0-py3.10.egg-info' (and everything under it)
[0.999s] Copying ../../build/genetic_pkg/genetic_pkg.egg-info to /home/robotica/ros2_ws/install/genetic_pkg/lib/python3.10/site-packages/genetic_pkg-0.0.0-py3.10.egg-info
[0.999s] running install_scripts
[1.016s] Installing genetic script to /home/robotica/ros2_ws/install/genetic_pkg/lib/genetic_pkg
[1.017s] writing list of installed files to '/home/robotica/ros2_ws/build/genetic_pkg/install.log'
[1.050s] Invoked command in '/home/robotica/ros2_ws/src/genetic_pkg' returned '0': PYTHONPATH=/home/robotica/ros2_ws/build/genetic_pkg/prefix_override:/home/robotica/ros2_ws/install/genetic_pkg/lib/python3.10/site-packages:${PYTHONPATH} /usr/bin/python3 setup.py egg_info --egg-base ../../build/genetic_pkg build --build-base /home/robotica/ros2_ws/build/genetic_pkg/build install --record /home/robotica/ros2_ws/build/genetic_pkg/install.log --single-version-externally-managed
