[0.132s] DEBUG:colcon:Command line arguments: ['/usr/bin/colcon', 'build']
[0.133s] DEBUG:colcon:Parsed command line arguments: Namespace(log_base=None, log_level=None, verb_name='build', build_base='build', install_base='install', merge_install=False, symlink_install=False, test_result_base=None, continue_on_error=False, executor='parallel', parallel_workers=4, event_handlers=None, ignore_user_meta=False, metas=['./colcon.meta'], base_paths=['.'], packages_ignore=None, packages_ignore_regex=None, paths=None, packages_up_to=None, packages_up_to_regex=None, packages_above=None, packages_above_and_dependencies=None, packages_above_depth=None, packages_select_by_dep=None, packages_skip_by_dep=None, packages_skip_up_to=None, packages_select_build_failed=False, packages_skip_build_finished=False, packages_select_test_failures=False, packages_skip_test_passed=False, packages_select=None, packages_skip=None, packages_select_regex=None, packages_skip_regex=None, packages_start=None, packages_end=None, allow_overriding=[], cmake_args=None, cmake_target=None, cmake_target_skip_unavailable=False, cmake_clean_cache=False, cmake_clean_first=False, cmake_force_configure=False, ament_cmake_args=None, catkin_cmake_args=None, catkin_skip_building_tests=False, verb_parser=<colcon_defaults.argument_parser.defaults.DefaultArgumentsDecorator object at 0x7f56bc936ad0>, verb_extension=<colcon_core.verb.build.BuildVerb object at 0x7f56bc936560>, main=<bound method BuildVerb.main of <colcon_core.verb.build.BuildVerb object at 0x7f56bc936560>>)
[0.157s] Level 1:colcon.colcon_core.package_discovery:discover_packages(colcon_meta) check parameters
[0.157s] Level 1:colcon.colcon_core.package_discovery:discover_packages(recursive) check parameters
[0.157s] Level 1:colcon.colcon_core.package_discovery:discover_packages(ignore) check parameters
[0.157s] Level 1:colcon.colcon_core.package_discovery:discover_packages(path) check parameters
[0.157s] Level 1:colcon.colcon_core.package_discovery:discover_packages(colcon_meta) discover
[0.157s] Level 1:colcon.colcon_core.package_discovery:discover_packages(recursive) discover
[0.157s] INFO:colcon.colcon_core.package_discovery:Crawling recursively for packages in '/home/robotica/ros2_ws'
[0.157s] Level 1:colcon.colcon_core.package_identification:_identify(.) by extensions ['ignore', 'ignore_ament_install']
[0.157s] Level 1:colcon.colcon_core.package_identification:_identify(.) by extension 'ignore'
[0.157s] Level 1:colcon.colcon_core.package_identification:_identify(.) by extension 'ignore_ament_install'
[0.157s] Level 1:colcon.colcon_core.package_identification:_identify(.) by extensions ['colcon_pkg']
[0.157s] Level 1:colcon.colcon_core.package_identification:_identify(.) by extension 'colcon_pkg'
[0.157s] Level 1:colcon.colcon_core.package_identification:_identify(.) by extensions ['colcon_meta']
[0.157s] Level 1:colcon.colcon_core.package_identification:_identify(.) by extension 'colcon_meta'
[0.157s] Level 1:colcon.colcon_core.package_identification:_identify(.) by extensions ['ros']
[0.157s] Level 1:colcon.colcon_core.package_identification:_identify(.) by extension 'ros'
[0.166s] Level 1:colcon.colcon_core.package_identification:_identify(.) by extensions ['cmake', 'python']
[0.166s] Level 1:colcon.colcon_core.package_identification:_identify(.) by extension 'cmake'
[0.166s] Level 1:colcon.colcon_core.package_identification:_identify(.) by extension 'python'
[0.166s] Level 1:colcon.colcon_core.package_identification:_identify(.) by extensions ['python_setup_py']
[0.166s] Level 1:colcon.colcon_core.package_identification:_identify(.) by extension 'python_setup_py'
[0.166s] Level 1:colcon.colcon_core.package_identification:_identify(build) by extensions ['ignore', 'ignore_ament_install']
[0.166s] Level 1:colcon.colcon_core.package_identification:_identify(build) by extension 'ignore'
[0.166s] Level 1:colcon.colcon_core.package_identification:_identify(build) ignored
[0.166s] Level 1:colcon.colcon_core.package_identification:_identify(install) by extensions ['ignore', 'ignore_ament_install']
[0.166s] Level 1:colcon.colcon_core.package_identification:_identify(install) by extension 'ignore'
[0.167s] Level 1:colcon.colcon_core.package_identification:_identify(install) ignored
[0.167s] Level 1:colcon.colcon_core.package_identification:_identify(log) by extensions ['ignore', 'ignore_ament_install']
[0.167s] Level 1:colcon.colcon_core.package_identification:_identify(log) by extension 'ignore'
[0.167s] Level 1:colcon.colcon_core.package_identification:_identify(log) ignored
[0.167s] Level 1:colcon.colcon_core.package_identification:_identify(src) by extensions ['ignore', 'ignore_ament_install']
[0.167s] Level 1:colcon.colcon_core.package_identification:_identify(src) by extension 'ignore'
[0.167s] Level 1:colcon.colcon_core.package_identification:_identify(src) by extension 'ignore_ament_install'
[0.167s] Level 1:colcon.colcon_core.package_identification:_identify(src) by extensions ['colcon_pkg']
[0.167s] Level 1:colcon.colcon_core.package_identification:_identify(src) by extension 'colcon_pkg'
[0.167s] Level 1:colcon.colcon_core.package_identification:_identify(src) by extensions ['colcon_meta']
[0.167s] Level 1:colcon.colcon_core.package_identification:_identify(src) by extension 'colcon_meta'
[0.167s] Level 1:colcon.colcon_core.package_identification:_identify(src) by extensions ['ros']
[0.167s] Level 1:colcon.colcon_core.package_identification:_identify(src) by extension 'ros'
[0.167s] Level 1:colcon.colcon_core.package_identification:_identify(src) by extensions ['cmake', 'python']
[0.167s] Level 1:colcon.colcon_core.package_identification:_identify(src) by extension 'cmake'
[0.167s] Level 1:colcon.colcon_core.package_identification:_identify(src) by extension 'python'
[0.167s] Level 1:colcon.colcon_core.package_identification:_identify(src) by extensions ['python_setup_py']
[0.167s] Level 1:colcon.colcon_core.package_identification:_identify(src) by extension 'python_setup_py'
[0.167s] Level 1:colcon.colcon_core.package_identification:_identify(src/genetic_pkg) by extensions ['ignore', 'ignore_ament_install']
[0.167s] Level 1:colcon.colcon_core.package_identification:_identify(src/genetic_pkg) by extension 'ignore'
[0.167s] Level 1:colcon.colcon_core.package_identification:_identify(src/genetic_pkg) by extension 'ignore_ament_install'
[0.168s] Level 1:colcon.colcon_core.package_identification:_identify(src/genetic_pkg) by extensions ['colcon_pkg']
[0.168s] Level 1:colcon.colcon_core.package_identification:_identify(src/genetic_pkg) by extension 'colcon_pkg'
[0.168s] Level 1:colcon.colcon_core.package_identification:_identify(src/genetic_pkg) by extensions ['colcon_meta']
[0.168s] Level 1:colcon.colcon_core.package_identification:_identify(src/genetic_pkg) by extension 'colcon_meta'
[0.168s] Level 1:colcon.colcon_core.package_identification:_identify(src/genetic_pkg) by extensions ['ros']
[0.168s] Level 1:colcon.colcon_core.package_identification:_identify(src/genetic_pkg) by extension 'ros'
[0.170s] DEBUG:colcon.colcon_core.package_identification:Package 'src/genetic_pkg' with type 'ros.ament_python' and name 'genetic_pkg'
[0.170s] Level 1:colcon.colcon_core.package_identification:_identify(src/msgs_control) by extensions ['ignore', 'ignore_ament_install']
[0.170s] Level 1:colcon.colcon_core.package_identification:_identify(src/msgs_control) by extension 'ignore'
[0.170s] Level 1:colcon.colcon_core.package_identification:_identify(src/msgs_control) by extension 'ignore_ament_install'
[0.170s] Level 1:colcon.colcon_core.package_identification:_identify(src/msgs_control) by extensions ['colcon_pkg']
[0.170s] Level 1:colcon.colcon_core.package_identification:_identify(src/msgs_control) by extension 'colcon_pkg'
[0.170s] Level 1:colcon.colcon_core.package_identification:_identify(src/msgs_control) by extensions ['colcon_meta']
[0.170s] Level 1:colcon.colcon_core.package_identification:_identify(src/msgs_control) by extension 'colcon_meta'
[0.170s] Level 1:colcon.colcon_core.package_identification:_identify(src/msgs_control) by extensions ['ros']
[0.170s] Level 1:colcon.colcon_core.package_identification:_identify(src/msgs_control) by extension 'ros'
[0.171s] DEBUG:colcon.colcon_core.package_identification:Package 'src/msgs_control' with type 'ros.ament_cmake' and name 'msgs_control'
[0.171s] Level 1:colcon.colcon_core.package_identification:_identify(src/sim_pkg) by extensions ['ignore', 'ignore_ament_install']
[0.171s] Level 1:colcon.colcon_core.package_identification:_identify(src/sim_pkg) by extension 'ignore'
[0.171s] Level 1:colcon.colcon_core.package_identification:_identify(src/sim_pkg) by extension 'ignore_ament_install'
[0.171s] Level 1:colcon.colcon_core.package_identification:_identify(src/sim_pkg) by extensions ['colcon_pkg']
[0.171s] Level 1:colcon.colcon_core.package_identification:_identify(src/sim_pkg) by extension 'colcon_pkg'
[0.171s] Level 1:colcon.colcon_core.package_identification:_identify(src/sim_pkg) by extensions ['colcon_meta']
[0.171s] Level 1:colcon.colcon_core.package_identification:_identify(src/sim_pkg) by extension 'colcon_meta'
[0.171s] Level 1:colcon.colcon_core.package_identification:_identify(src/sim_pkg) by extensions ['ros']
[0.171s] Level 1:colcon.colcon_core.package_identification:_identify(src/sim_pkg) by extension 'ros'
[0.171s] DEBUG:colcon.colcon_core.package_identification:Package 'src/sim_pkg' with type 'ros.ament_python' and name 'sim_pkg'
[0.171s] Level 1:colcon.colcon_core.package_discovery:discover_packages(recursive) using defaults
[0.171s] Level 1:colcon.colcon_core.package_discovery:discover_packages(ignore) discover
[0.171s] Level 1:colcon.colcon_core.package_discovery:discover_packages(ignore) using defaults
[0.171s] Level 1:colcon.colcon_core.package_discovery:discover_packages(path) discover
[0.171s] Level 1:colcon.colcon_core.package_discovery:discover_packages(path) using defaults
[0.190s] Level 1:colcon.colcon_core.package_discovery:discover_packages(prefix_path) check parameters
[0.190s] Level 1:colcon.colcon_core.package_discovery:discover_packages(prefix_path) discover
[0.193s] DEBUG:colcon.colcon_installed_package_information.package_discovery:Found 4 installed packages in /home/robotica/ros2_ws/install
[0.194s] DEBUG:colcon.colcon_installed_package_information.package_discovery:Found 303 installed packages in /opt/ros/humble
[0.195s] Level 1:colcon.colcon_core.package_discovery:discover_packages(prefix_path) using defaults
[0.244s] Level 5:colcon.colcon_core.verb:set package 'genetic_pkg' build argument 'cmake_args' from command line to 'None'
[0.244s] Level 5:colcon.colcon_core.verb:set package 'genetic_pkg' build argument 'cmake_target' from command line to 'None'
[0.244s] Level 5:colcon.colcon_core.verb:set package 'genetic_pkg' build argument 'cmake_target_skip_unavailable' from command line to 'False'
[0.244s] Level 5:colcon.colcon_core.verb:set package 'genetic_pkg' build argument 'cmake_clean_cache' from command line to 'False'
[0.244s] Level 5:colcon.colcon_core.verb:set package 'genetic_pkg' build argument 'cmake_clean_first' from command line to 'False'
[0.245s] Level 5:colcon.colcon_core.verb:set package 'genetic_pkg' build argument 'cmake_force_configure' from command line to 'False'
[0.245s] Level 5:colcon.colcon_core.verb:set package 'genetic_pkg' build argument 'ament_cmake_args' from command line to 'None'
[0.245s] Level 5:colcon.colcon_core.verb:set package 'genetic_pkg' build argument 'catkin_cmake_args' from command line to 'None'
[0.245s] Level 5:colcon.colcon_core.verb:set package 'genetic_pkg' build argument 'catkin_skip_building_tests' from command line to 'False'
[0.245s] DEBUG:colcon.colcon_core.verb:Building package 'genetic_pkg' with the following arguments: {'ament_cmake_args': None, 'build_base': '/home/robotica/ros2_ws/build/genetic_pkg', 'catkin_cmake_args': None, 'catkin_skip_building_tests': False, 'cmake_args': None, 'cmake_clean_cache': False, 'cmake_clean_first': False, 'cmake_force_configure': False, 'cmake_target': None, 'cmake_target_skip_unavailable': False, 'install_base': '/home/robotica/ros2_ws/install/genetic_pkg', 'merge_install': False, 'path': '/home/robotica/ros2_ws/src/genetic_pkg', 'symlink_install': False, 'test_result_base': None}
[0.245s] Level 5:colcon.colcon_core.verb:set package 'msgs_control' build argument 'cmake_args' from command line to 'None'
[0.245s] Level 5:colcon.colcon_core.verb:set package 'msgs_control' build argument 'cmake_target' from command line to 'None'
[0.245s] Level 5:colcon.colcon_core.verb:set package 'msgs_control' build argument 'cmake_target_skip_unavailable' from command line to 'False'
[0.245s] Level 5:colcon.colcon_core.verb:set package 'msgs_control' build argument 'cmake_clean_cache' from command line to 'False'
[0.245s] Level 5:colcon.colcon_core.verb:set package 'msgs_control' build argument 'cmake_clean_first' from command line to 'False'
[0.245s] Level 5:colcon.colcon_core.verb:set package 'msgs_control' build argument 'cmake_force_configure' from command line to 'False'
[0.245s] Level 5:colcon.colcon_core.verb:set package 'msgs_control' build argument 'ament_cmake_args' from command line to 'None'
[0.245s] Level 5:colcon.colcon_core.verb:set package 'msgs_control' build argument 'catkin_cmake_args' from command line to 'None'
[0.245s] Level 5:colcon.colcon_core.verb:set package 'msgs_control' build argument 'catkin_skip_building_tests' from command line to 'False'
[0.245s] DEBUG:colcon.colcon_core.verb:Building package 'msgs_control' with the following arguments: {'ament_cmake_args': None, 'build_base': '/home/robotica/ros2_ws/build/msgs_control', 'catkin_cmake_args': None, 'catkin_skip_building_tests': False, 'cmake_args': None, 'cmake_clean_cache': False, 'cmake_clean_first': False, 'cmake_force_configure': False, 'cmake_target': None, 'cmake_target_skip_unavailable': False, 'install_base': '/home/robotica/ros2_ws/install/msgs_control', 'merge_install': False, 'path': '/home/robotica/ros2_ws/src/msgs_control', 'symlink_install': False, 'test_result_base': None}
[0.246s] Level 5:colcon.colcon_core.verb:set package 'sim_pkg' build argument 'cmake_args' from command line to 'None'
[0.246s] Level 5:colcon.colcon_core.verb:set package 'sim_pkg' build argument 'cmake_target' from command line to 'None'
[0.246s] Level 5:colcon.colcon_core.verb:set package 'sim_pkg' build argument 'cmake_target_skip_unavailable' from command line to 'False'
[0.246s] Level 5:colcon.colcon_core.verb:set package 'sim_pkg' build argument 'cmake_clean_cache' from command line to 'False'
[0.246s] Level 5:colcon.colcon_core.verb:set package 'sim_pkg' build argument 'cmake_clean_first' from command line to 'False'
[0.246s] Level 5:colcon.colcon_core.verb:set package 'sim_pkg' build argument 'cmake_force_configure' from command line to 'False'
[0.246s] Level 5:colcon.colcon_core.verb:set package 'sim_pkg' build argument 'ament_cmake_args' from command line to 'None'
[0.246s] Level 5:colcon.colcon_core.verb:set package 'sim_pkg' build argument 'catkin_cmake_args' from command line to 'None'
[0.246s] Level 5:colcon.colcon_core.verb:set package 'sim_pkg' build argument 'catkin_skip_building_tests' from command line to 'False'
[0.246s] DEBUG:colcon.colcon_core.verb:Building package 'sim_pkg' with the following arguments: {'ament_cmake_args': None, 'build_base': '/home/robotica/ros2_ws/build/sim_pkg', 'catkin_cmake_args': None, 'catkin_skip_building_tests': False, 'cmake_args': None, 'cmake_clean_cache': False, 'cmake_clean_first': False, 'cmake_force_configure': False, 'cmake_target': None, 'cmake_target_skip_unavailable': False, 'install_base': '/home/robotica/ros2_ws/install/sim_pkg', 'merge_install': False, 'path': '/home/robotica/ros2_ws/src/sim_pkg', 'symlink_install': False, 'test_result_base': None}
[0.247s] INFO:colcon.colcon_core.executor:Executing jobs using 'parallel' executor
[0.250s] DEBUG:colcon.colcon_parallel_executor.executor.parallel:run_until_complete
[0.250s] INFO:colcon.colcon_ros.task.ament_python.build:Building ROS package in '/home/robotica/ros2_ws/src/genetic_pkg' with build type 'ament_python'
[0.250s] Level 1:colcon.colcon_core.shell:create_environment_hook('genetic_pkg', 'ament_prefix_path')
[0.255s] INFO:colcon.colcon_core.plugin_system:Skipping extension 'colcon_core.shell.bat': Not used on non-Windows systems
[0.255s] INFO:colcon.colcon_core.shell:Creating environment hook '/home/robotica/ros2_ws/install/genetic_pkg/share/genetic_pkg/hook/ament_prefix_path.ps1'
[0.256s] INFO:colcon.colcon_core.shell:Creating environment descriptor '/home/robotica/ros2_ws/install/genetic_pkg/share/genetic_pkg/hook/ament_prefix_path.dsv'
[0.257s] INFO:colcon.colcon_core.shell:Creating environment hook '/home/robotica/ros2_ws/install/genetic_pkg/share/genetic_pkg/hook/ament_prefix_path.sh'
[0.258s] INFO:colcon.colcon_core.shell:Skip shell extension 'powershell' for command environment: Not usable outside of PowerShell
[0.258s] DEBUG:colcon.colcon_core.shell:Skip shell extension 'dsv' for command environment
[0.263s] INFO:colcon.colcon_ros.task.ament_cmake.build:Building ROS package in '/home/robotica/ros2_ws/src/msgs_control' with build type 'ament_cmake'
[0.263s] INFO:colcon.colcon_cmake.task.cmake.build:Building CMake package in '/home/robotica/ros2_ws/src/msgs_control'
[0.264s] INFO:colcon.colcon_core.shell:Skip shell extension 'powershell' for command environment: Not usable outside of PowerShell
[0.264s] DEBUG:colcon.colcon_core.shell:Skip shell extension 'dsv' for command environment
[0.275s] INFO:colcon.colcon_ros.task.ament_python.build:Building ROS package in '/home/robotica/ros2_ws/src/sim_pkg' with build type 'ament_python'
[0.275s] Level 1:colcon.colcon_core.shell:create_environment_hook('sim_pkg', 'ament_prefix_path')
[0.276s] INFO:colcon.colcon_core.shell:Creating environment hook '/home/robotica/ros2_ws/install/sim_pkg/share/sim_pkg/hook/ament_prefix_path.ps1'
[0.279s] INFO:colcon.colcon_core.shell:Creating environment descriptor '/home/robotica/ros2_ws/install/sim_pkg/share/sim_pkg/hook/ament_prefix_path.dsv'
[0.279s] INFO:colcon.colcon_core.shell:Creating environment hook '/home/robotica/ros2_ws/install/sim_pkg/share/sim_pkg/hook/ament_prefix_path.sh'
[0.281s] INFO:colcon.colcon_core.shell:Skip shell extension 'powershell' for command environment: Not usable outside of PowerShell
[0.281s] DEBUG:colcon.colcon_core.shell:Skip shell extension 'dsv' for command environment
[0.534s] INFO:colcon.colcon_core.task.python.build:Building Python package in '/home/robotica/ros2_ws/src/genetic_pkg'
[0.537s] INFO:colcon.colcon_core.shell:Skip shell extension 'powershell' for command environment: Not usable outside of PowerShell
[0.538s] DEBUG:colcon.colcon_core.shell:Skip shell extension 'dsv' for command environment
[0.553s] DEBUG:colcon.colcon_core.event_handler.log_command:Invoking command in '/home/robotica/ros2_ws/build/msgs_control': CMAKE_PREFIX_PATH=${CMAKE_PREFIX_PATH}:/home/robotica/ros2_ws/install/sim_pkg:/home/robotica/ros2_ws/install/intro_pkg:/home/robotica/ros2_ws/install/genetic_pkg:/opt/ros/humble /usr/bin/cmake --build /home/robotica/ros2_ws/build/msgs_control -- -j4 -l4
[0.757s] INFO:colcon.colcon_core.task.python.build:Building Python package in '/home/robotica/ros2_ws/src/sim_pkg'
[0.758s] INFO:colcon.colcon_core.shell:Skip shell extension 'powershell' for command environment: Not usable outside of PowerShell
[0.758s] DEBUG:colcon.colcon_core.shell:Skip shell extension 'dsv' for command environment
[0.940s] DEBUG:colcon.colcon_core.event_handler.log_command:Invoked command in '/home/robotica/ros2_ws/build/msgs_control' returned '0': CMAKE_PREFIX_PATH=${CMAKE_PREFIX_PATH}:/home/robotica/ros2_ws/install/sim_pkg:/home/robotica/ros2_ws/install/intro_pkg:/home/robotica/ros2_ws/install/genetic_pkg:/opt/ros/humble /usr/bin/cmake --build /home/robotica/ros2_ws/build/msgs_control -- -j4 -l4
[1.167s] DEBUG:colcon.colcon_core.event_handler.log_command:Invoking command in '/home/robotica/ros2_ws/build/msgs_control': CMAKE_PREFIX_PATH=${CMAKE_PREFIX_PATH}:/home/robotica/ros2_ws/install/sim_pkg:/home/robotica/ros2_ws/install/intro_pkg:/home/robotica/ros2_ws/install/genetic_pkg:/opt/ros/humble /usr/bin/cmake --install /home/robotica/ros2_ws/build/msgs_control
[1.193s] DEBUG:colcon.colcon_core.event_handler.log_command:Invoking command in '/home/robotica/ros2_ws/src/genetic_pkg': PYTHONPATH=/home/robotica/ros2_ws/build/genetic_pkg/prefix_override:/home/robotica/ros2_ws/install/genetic_pkg/lib/python3.10/site-packages:${PYTHONPATH} /usr/bin/python3 setup.py egg_info --egg-base ../../build/genetic_pkg build --build-base /home/robotica/ros2_ws/build/genetic_pkg/build install --record /home/robotica/ros2_ws/build/genetic_pkg/install.log --single-version-externally-managed
[1.230s] DEBUG:colcon.colcon_core.event_handler.log_command:Invoking command in '/home/robotica/ros2_ws/src/sim_pkg': PYTHONPATH=/home/robotica/ros2_ws/build/sim_pkg/prefix_override:/home/robotica/ros2_ws/install/sim_pkg/lib/python3.10/site-packages:${PYTHONPATH} /usr/bin/python3 setup.py egg_info --egg-base ../../build/sim_pkg build --build-base /home/robotica/ros2_ws/build/sim_pkg/build install --record /home/robotica/ros2_ws/build/sim_pkg/install.log --single-version-externally-managed
[1.260s] Level 1:colcon.colcon_core.environment:create_environment_scripts_only(msgs_control)
[1.264s] Level 1:colcon.colcon_core.environment:checking '/home/robotica/ros2_ws/install/msgs_control' for CMake module files
[1.264s] Level 1:colcon.colcon_core.environment:checking '/home/robotica/ros2_ws/install/msgs_control' for CMake config files
[1.265s] Level 1:colcon.colcon_core.shell:create_environment_hook('msgs_control', 'cmake_prefix_path')
[1.266s] INFO:colcon.colcon_core.shell:Creating environment hook '/home/robotica/ros2_ws/install/msgs_control/share/msgs_control/hook/cmake_prefix_path.ps1'
[1.267s] INFO:colcon.colcon_core.shell:Creating environment descriptor '/home/robotica/ros2_ws/install/msgs_control/share/msgs_control/hook/cmake_prefix_path.dsv'
[1.267s] DEBUG:colcon.colcon_core.event_handler.log_command:Invoked command in '/home/robotica/ros2_ws/build/msgs_control' returned '0': CMAKE_PREFIX_PATH=${CMAKE_PREFIX_PATH}:/home/robotica/ros2_ws/install/sim_pkg:/home/robotica/ros2_ws/install/intro_pkg:/home/robotica/ros2_ws/install/genetic_pkg:/opt/ros/humble /usr/bin/cmake --install /home/robotica/ros2_ws/build/msgs_control
[1.268s] INFO:colcon.colcon_core.shell:Creating environment hook '/home/robotica/ros2_ws/install/msgs_control/share/msgs_control/hook/cmake_prefix_path.sh'
[1.269s] Level 1:colcon.colcon_core.environment:checking '/home/robotica/ros2_ws/install/msgs_control/lib'
[1.269s] Level 1:colcon.colcon_core.shell:create_environment_hook('msgs_control', 'ld_library_path_lib')
[1.270s] INFO:colcon.colcon_core.shell:Creating environment hook '/home/robotica/ros2_ws/install/msgs_control/share/msgs_control/hook/ld_library_path_lib.ps1'
[1.270s] INFO:colcon.colcon_core.shell:Creating environment descriptor '/home/robotica/ros2_ws/install/msgs_control/share/msgs_control/hook/ld_library_path_lib.dsv'
[1.271s] INFO:colcon.colcon_core.shell:Creating environment hook '/home/robotica/ros2_ws/install/msgs_control/share/msgs_control/hook/ld_library_path_lib.sh'
[1.272s] Level 1:colcon.colcon_core.environment:checking '/home/robotica/ros2_ws/install/msgs_control/bin'
[1.272s] Level 1:colcon.colcon_core.environment:checking '/home/robotica/ros2_ws/install/msgs_control/lib/pkgconfig/msgs_control.pc'
[1.272s] Level 1:colcon.colcon_core.environment:checking '/home/robotica/ros2_ws/install/msgs_control/lib/python3.10/site-packages'
[1.272s] Level 1:colcon.colcon_core.environment:checking '/home/robotica/ros2_ws/install/msgs_control/bin'
[1.273s] INFO:colcon.colcon_core.shell:Creating package script '/home/robotica/ros2_ws/install/msgs_control/share/msgs_control/package.ps1'
[1.275s] INFO:colcon.colcon_core.shell:Creating package descriptor '/home/robotica/ros2_ws/install/msgs_control/share/msgs_control/package.dsv'
[1.276s] INFO:colcon.colcon_core.shell:Creating package script '/home/robotica/ros2_ws/install/msgs_control/share/msgs_control/package.sh'
[1.277s] INFO:colcon.colcon_core.shell:Creating package script '/home/robotica/ros2_ws/install/msgs_control/share/msgs_control/package.bash'
[1.278s] INFO:colcon.colcon_core.shell:Creating package script '/home/robotica/ros2_ws/install/msgs_control/share/msgs_control/package.zsh'
[1.279s] Level 1:colcon.colcon_core.environment:create_file_with_runtime_dependencies(/home/robotica/ros2_ws/install/msgs_control/share/colcon-core/packages/msgs_control)
[1.446s] Level 1:colcon.colcon_core.environment:create_environment_scripts_only(msgs_control)
[1.450s] Level 1:colcon.colcon_core.environment:checking '/home/robotica/ros2_ws/install/msgs_control' for CMake module files
[1.451s] Level 1:colcon.colcon_core.environment:checking '/home/robotica/ros2_ws/install/msgs_control' for CMake config files
[1.451s] Level 1:colcon.colcon_core.shell:create_environment_hook('msgs_control', 'cmake_prefix_path')
[1.456s] INFO:colcon.colcon_core.shell:Creating environment hook '/home/robotica/ros2_ws/install/msgs_control/share/msgs_control/hook/cmake_prefix_path.ps1'
[1.458s] INFO:colcon.colcon_core.shell:Creating environment descriptor '/home/robotica/ros2_ws/install/msgs_control/share/msgs_control/hook/cmake_prefix_path.dsv'
[1.459s] INFO:colcon.colcon_core.shell:Creating environment hook '/home/robotica/ros2_ws/install/msgs_control/share/msgs_control/hook/cmake_prefix_path.sh'
[1.461s] Level 1:colcon.colcon_core.environment:checking '/home/robotica/ros2_ws/install/msgs_control/lib'
[1.461s] Level 1:colcon.colcon_core.shell:create_environment_hook('msgs_control', 'ld_library_path_lib')
[1.462s] INFO:colcon.colcon_core.shell:Creating environment hook '/home/robotica/ros2_ws/install/msgs_control/share/msgs_control/hook/ld_library_path_lib.ps1'
[1.463s] INFO:colcon.colcon_core.shell:Creating environment descriptor '/home/robotica/ros2_ws/install/msgs_control/share/msgs_control/hook/ld_library_path_lib.dsv'
[1.464s] INFO:colcon.colcon_core.shell:Creating environment hook '/home/robotica/ros2_ws/install/msgs_control/share/msgs_control/hook/ld_library_path_lib.sh'
[1.465s] Level 1:colcon.colcon_core.environment:checking '/home/robotica/ros2_ws/install/msgs_control/bin'
[1.466s] Level 1:colcon.colcon_core.environment:checking '/home/robotica/ros2_ws/install/msgs_control/lib/pkgconfig/msgs_control.pc'
[1.467s] Level 1:colcon.colcon_core.environment:checking '/home/robotica/ros2_ws/install/msgs_control/lib/python3.10/site-packages'
[1.467s] Level 1:colcon.colcon_core.environment:checking '/home/robotica/ros2_ws/install/msgs_control/bin'
[1.469s] INFO:colcon.colcon_core.shell:Creating package script '/home/robotica/ros2_ws/install/msgs_control/share/msgs_control/package.ps1'
[1.469s] INFO:colcon.colcon_core.shell:Creating package descriptor '/home/robotica/ros2_ws/install/msgs_control/share/msgs_control/package.dsv'
[1.470s] INFO:colcon.colcon_core.shell:Creating package script '/home/robotica/ros2_ws/install/msgs_control/share/msgs_control/package.sh'
[1.471s] INFO:colcon.colcon_core.shell:Creating package script '/home/robotica/ros2_ws/install/msgs_control/share/msgs_control/package.bash'
[1.472s] INFO:colcon.colcon_core.shell:Creating package script '/home/robotica/ros2_ws/install/msgs_control/share/msgs_control/package.zsh'
[1.473s] Level 1:colcon.colcon_core.environment:create_file_with_runtime_dependencies(/home/robotica/ros2_ws/install/msgs_control/share/colcon-core/packages/msgs_control)
[1.503s] Level 1:colcon.colcon_core.environment:checking '/home/robotica/ros2_ws/install/genetic_pkg' for CMake module files
[1.504s] DEBUG:colcon.colcon_core.event_handler.log_command:Invoked command in '/home/robotica/ros2_ws/src/genetic_pkg' returned '0': PYTHONPATH=/home/robotica/ros2_ws/build/genetic_pkg/prefix_override:/home/robotica/ros2_ws/install/genetic_pkg/lib/python3.10/site-packages:${PYTHONPATH} /usr/bin/python3 setup.py egg_info --egg-base ../../build/genetic_pkg build --build-base /home/robotica/ros2_ws/build/genetic_pkg/build install --record /home/robotica/ros2_ws/build/genetic_pkg/install.log --single-version-externally-managed
[1.504s] Level 1:colcon.colcon_core.environment:checking '/home/robotica/ros2_ws/install/genetic_pkg' for CMake config files
[1.505s] Level 1:colcon.colcon_core.environment:checking '/home/robotica/ros2_ws/install/genetic_pkg/lib'
[1.505s] Level 1:colcon.colcon_core.environment:checking '/home/robotica/ros2_ws/install/genetic_pkg/bin'
[1.505s] Level 1:colcon.colcon_core.environment:checking '/home/robotica/ros2_ws/install/genetic_pkg/lib/pkgconfig/genetic_pkg.pc'
[1.505s] Level 1:colcon.colcon_core.environment:checking '/home/robotica/ros2_ws/install/genetic_pkg/lib/python3.10/site-packages'
[1.505s] Level 1:colcon.colcon_core.shell:create_environment_hook('genetic_pkg', 'pythonpath')
[1.506s] INFO:colcon.colcon_core.shell:Creating environment hook '/home/robotica/ros2_ws/install/genetic_pkg/share/genetic_pkg/hook/pythonpath.ps1'
[1.507s] INFO:colcon.colcon_core.shell:Creating environment descriptor '/home/robotica/ros2_ws/install/genetic_pkg/share/genetic_pkg/hook/pythonpath.dsv'
[1.508s] INFO:colcon.colcon_core.shell:Creating environment hook '/home/robotica/ros2_ws/install/genetic_pkg/share/genetic_pkg/hook/pythonpath.sh'
[1.508s] Level 1:colcon.colcon_core.environment:checking '/home/robotica/ros2_ws/install/genetic_pkg/bin'
[1.509s] Level 1:colcon.colcon_core.environment:create_environment_scripts_only(genetic_pkg)
[1.510s] INFO:colcon.colcon_core.shell:Creating package script '/home/robotica/ros2_ws/install/genetic_pkg/share/genetic_pkg/package.ps1'
[1.511s] INFO:colcon.colcon_core.shell:Creating package descriptor '/home/robotica/ros2_ws/install/genetic_pkg/share/genetic_pkg/package.dsv'
[1.512s] INFO:colcon.colcon_core.shell:Creating package script '/home/robotica/ros2_ws/install/genetic_pkg/share/genetic_pkg/package.sh'
[1.513s] INFO:colcon.colcon_core.shell:Creating package script '/home/robotica/ros2_ws/install/genetic_pkg/share/genetic_pkg/package.bash'
[1.514s] INFO:colcon.colcon_core.shell:Creating package script '/home/robotica/ros2_ws/install/genetic_pkg/share/genetic_pkg/package.zsh'
[1.515s] Level 1:colcon.colcon_core.environment:create_file_with_runtime_dependencies(/home/robotica/ros2_ws/install/genetic_pkg/share/colcon-core/packages/genetic_pkg)
[1.528s] Level 1:colcon.colcon_core.environment:checking '/home/robotica/ros2_ws/install/sim_pkg' for CMake module files
[1.529s] DEBUG:colcon.colcon_core.event_handler.log_command:Invoked command in '/home/robotica/ros2_ws/src/sim_pkg' returned '0': PYTHONPATH=/home/robotica/ros2_ws/build/sim_pkg/prefix_override:/home/robotica/ros2_ws/install/sim_pkg/lib/python3.10/site-packages:${PYTHONPATH} /usr/bin/python3 setup.py egg_info --egg-base ../../build/sim_pkg build --build-base /home/robotica/ros2_ws/build/sim_pkg/build install --record /home/robotica/ros2_ws/build/sim_pkg/install.log --single-version-externally-managed
[1.530s] Level 1:colcon.colcon_core.environment:checking '/home/robotica/ros2_ws/install/sim_pkg' for CMake config files
[1.531s] Level 1:colcon.colcon_core.environment:checking '/home/robotica/ros2_ws/install/sim_pkg/lib'
[1.531s] Level 1:colcon.colcon_core.environment:checking '/home/robotica/ros2_ws/install/sim_pkg/bin'
[1.531s] Level 1:colcon.colcon_core.environment:checking '/home/robotica/ros2_ws/install/sim_pkg/lib/pkgconfig/sim_pkg.pc'
[1.531s] Level 1:colcon.colcon_core.environment:checking '/home/robotica/ros2_ws/install/sim_pkg/lib/python3.10/site-packages'
[1.531s] Level 1:colcon.colcon_core.shell:create_environment_hook('sim_pkg', 'pythonpath')
[1.532s] INFO:colcon.colcon_core.shell:Creating environment hook '/home/robotica/ros2_ws/install/sim_pkg/share/sim_pkg/hook/pythonpath.ps1'
[1.533s] INFO:colcon.colcon_core.shell:Creating environment descriptor '/home/robotica/ros2_ws/install/sim_pkg/share/sim_pkg/hook/pythonpath.dsv'
[1.534s] INFO:colcon.colcon_core.shell:Creating environment hook '/home/robotica/ros2_ws/install/sim_pkg/share/sim_pkg/hook/pythonpath.sh'
[1.535s] Level 1:colcon.colcon_core.environment:checking '/home/robotica/ros2_ws/install/sim_pkg/bin'
[1.535s] Level 1:colcon.colcon_core.environment:create_environment_scripts_only(sim_pkg)
[1.536s] INFO:colcon.colcon_core.shell:Creating package script '/home/robotica/ros2_ws/install/sim_pkg/share/sim_pkg/package.ps1'
[1.537s] INFO:colcon.colcon_core.shell:Creating package descriptor '/home/robotica/ros2_ws/install/sim_pkg/share/sim_pkg/package.dsv'
[1.537s] INFO:colcon.colcon_core.shell:Creating package script '/home/robotica/ros2_ws/install/sim_pkg/share/sim_pkg/package.sh'
[1.538s] INFO:colcon.colcon_core.shell:Creating package script '/home/robotica/ros2_ws/install/sim_pkg/share/sim_pkg/package.bash'
[1.539s] INFO:colcon.colcon_core.shell:Creating package script '/home/robotica/ros2_ws/install/sim_pkg/share/sim_pkg/package.zsh'
[1.540s] Level 1:colcon.colcon_core.environment:create_file_with_runtime_dependencies(/home/robotica/ros2_ws/install/sim_pkg/share/colcon-core/packages/sim_pkg)
[1.540s] DEBUG:colcon.colcon_parallel_executor.executor.parallel:closing loop
[1.540s] DEBUG:colcon.colcon_parallel_executor.executor.parallel:loop closed
[1.541s] DEBUG:colcon.colcon_parallel_executor.executor.parallel:run_until_complete finished with '0'
[1.541s] DEBUG:colcon.colcon_core.event_reactor:joining thread
[1.547s] INFO:colcon.colcon_core.plugin_system:Skipping extension 'colcon_notification.desktop_notification.terminal_notifier': Not used on non-Darwin systems
[1.547s] INFO:colcon.colcon_core.plugin_system:Skipping extension 'colcon_notification.desktop_notification.win32': Not used on non-Windows systems
[1.547s] INFO:colcon.colcon_notification.desktop_notification:Sending desktop notification using 'notify2'
[1.568s] DEBUG:colcon.colcon_core.event_reactor:joined thread
[1.569s] INFO:colcon.colcon_core.shell:Creating prefix script '/home/robotica/ros2_ws/install/local_setup.ps1'
[1.570s] INFO:colcon.colcon_core.shell:Creating prefix util module '/home/robotica/ros2_ws/install/_local_setup_util_ps1.py'
[1.571s] INFO:colcon.colcon_core.shell:Creating prefix chain script '/home/robotica/ros2_ws/install/setup.ps1'
[1.572s] INFO:colcon.colcon_core.shell:Creating prefix script '/home/robotica/ros2_ws/install/local_setup.sh'
[1.573s] INFO:colcon.colcon_core.shell:Creating prefix util module '/home/robotica/ros2_ws/install/_local_setup_util_sh.py'
[1.574s] INFO:colcon.colcon_core.shell:Creating prefix chain script '/home/robotica/ros2_ws/install/setup.sh'
[1.575s] INFO:colcon.colcon_core.shell:Creating prefix script '/home/robotica/ros2_ws/install/local_setup.bash'
[1.575s] INFO:colcon.colcon_core.shell:Creating prefix chain script '/home/robotica/ros2_ws/install/setup.bash'
[1.577s] INFO:colcon.colcon_core.shell:Creating prefix script '/home/robotica/ros2_ws/install/local_setup.zsh'
[1.577s] INFO:colcon.colcon_core.shell:Creating prefix chain script '/home/robotica/ros2_ws/install/setup.zsh'
