/home/robotica/ros2_ws/install/intro_pkg/lib/python3.10/site-packages/intro_pkg/__init__.py
/home/robotica/ros2_ws/install/intro_pkg/lib/python3.10/site-packages/intro_pkg/timer_node.py
/home/robotica/ros2_ws/install/intro_pkg/lib/python3.10/site-packages/intro_pkg/pub_node.py
/home/robotica/ros2_ws/install/intro_pkg/lib/python3.10/site-packages/intro_pkg/sub_node.py
/home/robotica/ros2_ws/install/intro_pkg/lib/python3.10/site-packages/intro_pkg/init_node.py
/home/robotica/ros2_ws/install/intro_pkg/lib/python3.10/site-packages/intro_pkg/__pycache__/__init__.cpython-310.pyc
/home/robotica/ros2_ws/install/intro_pkg/lib/python3.10/site-packages/intro_pkg/__pycache__/timer_node.cpython-310.pyc
/home/robotica/ros2_ws/install/intro_pkg/lib/python3.10/site-packages/intro_pkg/__pycache__/pub_node.cpython-310.pyc
/home/robotica/ros2_ws/install/intro_pkg/lib/python3.10/site-packages/intro_pkg/__pycache__/sub_node.cpython-310.pyc
/home/robotica/ros2_ws/install/intro_pkg/lib/python3.10/site-packages/intro_pkg/__pycache__/init_node.cpython-310.pyc
/home/robotica/ros2_ws/install/intro_pkg/share/ament_index/resource_index/packages/intro_pkg
/home/robotica/ros2_ws/install/intro_pkg/share/intro_pkg/package.xml
/home/robotica/ros2_ws/install/intro_pkg/share/intro_pkg/intro.launch.py
/home/robotica/ros2_ws/install/intro_pkg/lib/python3.10/site-packages/intro_pkg-0.0.0-py3.10.egg-info/entry_points.txt
/home/robotica/ros2_ws/install/intro_pkg/lib/python3.10/site-packages/intro_pkg-0.0.0-py3.10.egg-info/SOURCES.txt
/home/robotica/ros2_ws/install/intro_pkg/lib/python3.10/site-packages/intro_pkg-0.0.0-py3.10.egg-info/PKG-INFO
/home/robotica/ros2_ws/install/intro_pkg/lib/python3.10/site-packages/intro_pkg-0.0.0-py3.10.egg-info/top_level.txt
/home/robotica/ros2_ws/install/intro_pkg/lib/python3.10/site-packages/intro_pkg-0.0.0-py3.10.egg-info/dependency_links.txt
/home/robotica/ros2_ws/install/intro_pkg/lib/python3.10/site-packages/intro_pkg-0.0.0-py3.10.egg-info/requires.txt
/home/robotica/ros2_ws/install/intro_pkg/lib/python3.10/site-packages/intro_pkg-0.0.0-py3.10.egg-info/zip-safe
/home/robotica/ros2_ws/install/intro_pkg/lib/intro_pkg/hello
/home/robotica/ros2_ws/install/intro_pkg/lib/intro_pkg/pub_node
/home/robotica/ros2_ws/install/intro_pkg/lib/intro_pkg/sub_node
/home/robotica/ros2_ws/install/intro_pkg/lib/intro_pkg/timer
