[0.856s] Invoking command in '/home/robotica/ros2_ws/src/sim_pkg': PYTHONPATH=/home/robotica/ros2_ws/build/sim_pkg/prefix_override:/home/robotica/ros2_ws/install/sim_pkg/lib/python3.10/site-packages:${PYTHONPATH} /usr/bin/python3 setup.py egg_info --egg-base ../../build/sim_pkg build --build-base /home/robotica/ros2_ws/build/sim_pkg/build install --record /home/robotica/ros2_ws/build/sim_pkg/install.log --single-version-externally-managed
[1.041s] running egg_info
[1.042s] writing ../../build/sim_pkg/sim_pkg.egg-info/PKG-INFO
[1.042s] writing dependency_links to ../../build/sim_pkg/sim_pkg.egg-info/dependency_links.txt
[1.042s] writing entry points to ../../build/sim_pkg/sim_pkg.egg-info/entry_points.txt
[1.042s] writing requirements to ../../build/sim_pkg/sim_pkg.egg-info/requires.txt
[1.042s] writing top-level names to ../../build/sim_pkg/sim_pkg.egg-info/top_level.txt
[1.042s] reading manifest file '../../build/sim_pkg/sim_pkg.egg-info/SOURCES.txt'
[1.043s] writing manifest file '../../build/sim_pkg/sim_pkg.egg-info/SOURCES.txt'
[1.043s] running build
[1.043s] running build_py
[1.043s] running install
[1.044s] running install_lib
[1.046s] running install_data
[1.046s] running install_egg_info
[1.048s] removing '/home/robotica/ros2_ws/install/sim_pkg/lib/python3.10/site-packages/sim_pkg-0.0.0-py3.10.egg-info' (and everything under it)
[1.048s] Copying ../../build/sim_pkg/sim_pkg.egg-info to /home/robotica/ros2_ws/install/sim_pkg/lib/python3.10/site-packages/sim_pkg-0.0.0-py3.10.egg-info
[1.049s] running install_scripts
[1.072s] Installing simulator script to /home/robotica/ros2_ws/install/sim_pkg/lib/sim_pkg
[1.072s] writing list of installed files to '/home/robotica/ros2_ws/build/sim_pkg/install.log'
[1.117s] Invoked command in '/home/robotica/ros2_ws/src/sim_pkg' returned '0': PYTHONPATH=/home/robotica/ros2_ws/build/sim_pkg/prefix_override:/home/robotica/ros2_ws/install/sim_pkg/lib/python3.10/site-packages:${PYTHONPATH} /usr/bin/python3 setup.py egg_info --egg-base ../../build/sim_pkg build --build-base /home/robotica/ros2_ws/build/sim_pkg/build install --record /home/robotica/ros2_ws/build/sim_pkg/install.log --single-version-externally-managed
