[0.842s] Invoking command in '/home/robotica/ros2_ws/src/genetic_pkg': PYTHONPATH=/home/robotica/ros2_ws/build/genetic_pkg/prefix_override:/home/robotica/ros2_ws/install/genetic_pkg/lib/python3.10/site-packages:${PYTHONPATH} /usr/bin/python3 setup.py egg_info --egg-base ../../build/genetic_pkg build --build-base /home/robotica/ros2_ws/build/genetic_pkg/build install --record /home/robotica/ros2_ws/build/genetic_pkg/install.log --single-version-externally-managed
[1.067s] running egg_info
[1.068s] writing ../../build/genetic_pkg/genetic_pkg.egg-info/PKG-INFO
[1.069s] writing dependency_links to ../../build/genetic_pkg/genetic_pkg.egg-info/dependency_links.txt
[1.069s] writing entry points to ../../build/genetic_pkg/genetic_pkg.egg-info/entry_points.txt
[1.070s] writing requirements to ../../build/genetic_pkg/genetic_pkg.egg-info/requires.txt
[1.071s] writing top-level names to ../../build/genetic_pkg/genetic_pkg.egg-info/top_level.txt
[1.074s] reading manifest file '../../build/genetic_pkg/genetic_pkg.egg-info/SOURCES.txt'
[1.075s] writing manifest file '../../build/genetic_pkg/genetic_pkg.egg-info/SOURCES.txt'
[1.075s] running build
[1.076s] running build_py
[1.076s] copying genetic_pkg/genetic_sim.py -> /home/robotica/ros2_ws/build/genetic_pkg/build/lib/genetic_pkg
[1.076s] running install
[1.077s] running install_lib
[1.078s] copying /home/robotica/ros2_ws/build/genetic_pkg/build/lib/genetic_pkg/genetic_sim.py -> /home/robotica/ros2_ws/install/genetic_pkg/lib/python3.10/site-packages/genetic_pkg
[1.079s] byte-compiling /home/robotica/ros2_ws/install/genetic_pkg/lib/python3.10/site-packages/genetic_pkg/genetic_sim.py to genetic_sim.cpython-310.pyc
[1.081s] running install_data
[1.082s] copying config/params.yaml -> /home/robotica/ros2_ws/install/genetic_pkg/share/genetic_pkg/config
[1.083s] running install_egg_info
[1.086s] removing '/home/robotica/ros2_ws/install/genetic_pkg/lib/python3.10/site-packages/genetic_pkg-0.0.0-py3.10.egg-info' (and everything under it)
[1.086s] Copying ../../build/genetic_pkg/genetic_pkg.egg-info to /home/robotica/ros2_ws/install/genetic_pkg/lib/python3.10/site-packages/genetic_pkg-0.0.0-py3.10.egg-info
[1.087s] running install_scripts
[1.111s] Installing genetic script to /home/robotica/ros2_ws/install/genetic_pkg/lib/genetic_pkg
[1.112s] writing list of installed files to '/home/robotica/ros2_ws/build/genetic_pkg/install.log'
[1.154s] Invoked command in '/home/robotica/ros2_ws/src/genetic_pkg' returned '0': PYTHONPATH=/home/robotica/ros2_ws/build/genetic_pkg/prefix_override:/home/robotica/ros2_ws/install/genetic_pkg/lib/python3.10/site-packages:${PYTHONPATH} /usr/bin/python3 setup.py egg_info --egg-base ../../build/genetic_pkg build --build-base /home/robotica/ros2_ws/build/genetic_pkg/build install --record /home/robotica/ros2_ws/build/genetic_pkg/install.log --single-version-externally-managed
