running egg_info
creating ../../build/genetic_pkg/genetic_pkg.egg-info
writing ../../build/genetic_pkg/genetic_pkg.egg-info/PKG-INFO
writing dependency_links to ../../build/genetic_pkg/genetic_pkg.egg-info/dependency_links.txt
writing entry points to ../../build/genetic_pkg/genetic_pkg.egg-info/entry_points.txt
writing requirements to ../../build/genetic_pkg/genetic_pkg.egg-info/requires.txt
writing top-level names to ../../build/genetic_pkg/genetic_pkg.egg-info/top_level.txt
writing manifest file '../../build/genetic_pkg/genetic_pkg.egg-info/SOURCES.txt'
reading manifest file '../../build/genetic_pkg/genetic_pkg.egg-info/SOURCES.txt'
writing manifest file '../../build/genetic_pkg/genetic_pkg.egg-info/SOURCES.txt'
running build
running build_py
creating /home/robotica/ros2_ws/build/genetic_pkg/build
creating /home/robotica/ros2_ws/build/genetic_pkg/build/lib
creating /home/robotica/ros2_ws/build/genetic_pkg/build/lib/genetic_pkg
copying genetic_pkg/__init__.py -> /home/robotica/ros2_ws/build/genetic_pkg/build/lib/genetic_pkg
copying genetic_pkg/genetic_sim.py -> /home/robotica/ros2_ws/build/genetic_pkg/build/lib/genetic_pkg
running install
running install_lib
creating /home/robotica/ros2_ws/install/genetic_pkg/lib/python3.10/site-packages/genetic_pkg
copying /home/robotica/ros2_ws/build/genetic_pkg/build/lib/genetic_pkg/__init__.py -> /home/robotica/ros2_ws/install/genetic_pkg/lib/python3.10/site-packages/genetic_pkg
copying /home/robotica/ros2_ws/build/genetic_pkg/build/lib/genetic_pkg/genetic_sim.py -> /home/robotica/ros2_ws/install/genetic_pkg/lib/python3.10/site-packages/genetic_pkg
byte-compiling /home/robotica/ros2_ws/install/genetic_pkg/lib/python3.10/site-packages/genetic_pkg/__init__.py to __init__.cpython-310.pyc
byte-compiling /home/robotica/ros2_ws/install/genetic_pkg/lib/python3.10/site-packages/genetic_pkg/genetic_sim.py to genetic_sim.cpython-310.pyc
running install_data
creating /home/robotica/ros2_ws/install/genetic_pkg/share/ament_index
creating /home/robotica/ros2_ws/install/genetic_pkg/share/ament_index/resource_index
creating /home/robotica/ros2_ws/install/genetic_pkg/share/ament_index/resource_index/packages
copying resource/genetic_pkg -> /home/robotica/ros2_ws/install/genetic_pkg/share/ament_index/resource_index/packages
copying package.xml -> /home/robotica/ros2_ws/install/genetic_pkg/share/genetic_pkg
running install_egg_info
Copying ../../build/genetic_pkg/genetic_pkg.egg-info to /home/robotica/ros2_ws/install/genetic_pkg/lib/python3.10/site-packages/genetic_pkg-0.0.0-py3.10.egg-info
running install_scripts
Installing genetic script to /home/robotica/ros2_ws/install/genetic_pkg/lib/genetic_pkg
writing list of installed files to '/home/robotica/ros2_ws/build/genetic_pkg/install.log'
