[0.722s] Invoking command in '/home/robotica/ros2_ws/src/genetic_pkg': PYTHONPATH=/home/robotica/ros2_ws/build/genetic_pkg/prefix_override:/home/robotica/ros2_ws/install/genetic_pkg/lib/python3.10/site-packages:${PYTHONPATH} /usr/bin/python3 setup.py egg_info --egg-base ../../build/genetic_pkg build --build-base /home/robotica/ros2_ws/build/genetic_pkg/build install --record /home/robotica/ros2_ws/build/genetic_pkg/install.log --single-version-externally-managed
[0.971s] running egg_info
[0.971s] creating ../../build/genetic_pkg/genetic_pkg.egg-info
[0.971s] writing ../../build/genetic_pkg/genetic_pkg.egg-info/PKG-INFO
[0.972s] writing dependency_links to ../../build/genetic_pkg/genetic_pkg.egg-info/dependency_links.txt
[0.972s] writing entry points to ../../build/genetic_pkg/genetic_pkg.egg-info/entry_points.txt
[0.972s] writing requirements to ../../build/genetic_pkg/genetic_pkg.egg-info/requires.txt
[0.972s] writing top-level names to ../../build/genetic_pkg/genetic_pkg.egg-info/top_level.txt
[0.973s] writing manifest file '../../build/genetic_pkg/genetic_pkg.egg-info/SOURCES.txt'
[0.975s] reading manifest file '../../build/genetic_pkg/genetic_pkg.egg-info/SOURCES.txt'
[0.975s] writing manifest file '../../build/genetic_pkg/genetic_pkg.egg-info/SOURCES.txt'
[0.975s] running build
[0.975s] running build_py
[0.976s] creating /home/robotica/ros2_ws/build/genetic_pkg/build
[0.976s] creating /home/robotica/ros2_ws/build/genetic_pkg/build/lib
[0.976s] creating /home/robotica/ros2_ws/build/genetic_pkg/build/lib/genetic_pkg
[0.976s] copying genetic_pkg/__init__.py -> /home/robotica/ros2_ws/build/genetic_pkg/build/lib/genetic_pkg
[0.976s] copying genetic_pkg/genetic_sim.py -> /home/robotica/ros2_ws/build/genetic_pkg/build/lib/genetic_pkg
[0.977s] running install
[0.977s] running install_lib
[0.978s] creating /home/robotica/ros2_ws/install/genetic_pkg/lib/python3.10/site-packages/genetic_pkg
[0.978s] copying /home/robotica/ros2_ws/build/genetic_pkg/build/lib/genetic_pkg/__init__.py -> /home/robotica/ros2_ws/install/genetic_pkg/lib/python3.10/site-packages/genetic_pkg
[0.978s] copying /home/robotica/ros2_ws/build/genetic_pkg/build/lib/genetic_pkg/genetic_sim.py -> /home/robotica/ros2_ws/install/genetic_pkg/lib/python3.10/site-packages/genetic_pkg
[0.979s] byte-compiling /home/robotica/ros2_ws/install/genetic_pkg/lib/python3.10/site-packages/genetic_pkg/__init__.py to __init__.cpython-310.pyc
[0.979s] byte-compiling /home/robotica/ros2_ws/install/genetic_pkg/lib/python3.10/site-packages/genetic_pkg/genetic_sim.py to genetic_sim.cpython-310.pyc
[0.980s] running install_data
[0.981s] creating /home/robotica/ros2_ws/install/genetic_pkg/share/ament_index
[0.981s] creating /home/robotica/ros2_ws/install/genetic_pkg/share/ament_index/resource_index
[0.981s] creating /home/robotica/ros2_ws/install/genetic_pkg/share/ament_index/resource_index/packages
[0.981s] copying resource/genetic_pkg -> /home/robotica/ros2_ws/install/genetic_pkg/share/ament_index/resource_index/packages
[0.981s] copying package.xml -> /home/robotica/ros2_ws/install/genetic_pkg/share/genetic_pkg
[0.981s] running install_egg_info
[0.983s] Copying ../../build/genetic_pkg/genetic_pkg.egg-info to /home/robotica/ros2_ws/install/genetic_pkg/lib/python3.10/site-packages/genetic_pkg-0.0.0-py3.10.egg-info
[0.983s] running install_scripts
[0.999s] Installing genetic script to /home/robotica/ros2_ws/install/genetic_pkg/lib/genetic_pkg
[0.999s] writing list of installed files to '/home/robotica/ros2_ws/build/genetic_pkg/install.log'
[1.024s] Invoked command in '/home/robotica/ros2_ws/src/genetic_pkg' returned '0': PYTHONPATH=/home/robotica/ros2_ws/build/genetic_pkg/prefix_override:/home/robotica/ros2_ws/install/genetic_pkg/lib/python3.10/site-packages:${PYTHONPATH} /usr/bin/python3 setup.py egg_info --egg-base ../../build/genetic_pkg build --build-base /home/robotica/ros2_ws/build/genetic_pkg/build install --record /home/robotica/ros2_ws/build/genetic_pkg/install.log --single-version-externally-managed
